I 2020-11-14 03:45:17.059786 [Main] {Main} Logging started for Battle.net build 1.28.0.12476
I 2020-11-14 03:45:17.060263 [Configuration] {Main} SharedConfigRoot: C:\ProgramData\Battle.net
I 2020-11-14 03:45:17.060665 [Configuration] {Main} RoamingConfigRoot: C:\Users\USER\AppData\Roaming\Battle.net
I 2020-11-14 03:45:17.060675 [Configuration] {Main} LocalConfigRoot: C:\Users\USER\AppData\Local\Battle.net
D 2020-11-14 03:45:17.060867 [Configuration] {Main} Searching for config file: C:\Program Files (x86)\Battle.net\Battle.net.12476\Battle.net.config
D 2020-11-14 03:45:17.060939 [Configuration] {Main} Searching for config file: C:\Program Files (x86)\Battle.net\Battle.net.config
D 2020-11-14 03:45:17.068051 [Configuration] {Main} User Configuration File: C:\Users\USER\AppData\Roaming\Battle.net\Battle.net.config
I 2020-11-14 03:45:17.070777 [Main] {Main} Command line arguments: {[0]=--game=hs_beta, [1]=--gamepath=D:\Hearthstone}
I 2020-11-14 03:45:17.073377 [Main] {Main} Opening IPC shared memory. queueName=User:USER:Battle.net IPC ShMem mode=server
I 2020-11-14 03:45:17.090830 [CommandQueue] {Main} Dispatching Command: register hs_beta D:\Hearthstone  
I 2020-11-14 03:45:17.167754 [Frontend] {Main} Supplying list of renderers: d3d11,warp,desktop
I 2020-11-14 03:45:17.463783 [LocalizationData] {Main} 21 language(s) loaded from languages.xml, default=enUS
D 2020-11-14 03:45:17.596520 [Main] {Main} Adding application font: resources/fonts/BlizzardReg.ttf
D 2020-11-14 03:45:17.599962 [Main] {Main} Adding application font: resources/fonts/BlizzardLig.ttf
D 2020-11-14 03:45:17.601493 [Main] {Main} Adding application font: resources/fonts/BlizzardBol.ttf
D 2020-11-14 03:45:17.602856 [Main] {Main} Adding application font: resources/fonts/NotoSans-Bold.ttf
D 2020-11-14 03:45:17.607097 [Main] {Main} Adding application font: resources/fonts/NotoSans-BoldItalic.ttf
D 2020-11-14 03:45:17.611093 [Main] {Main} Adding application font: resources/fonts/NotoSans-Italic.ttf
D 2020-11-14 03:45:17.615700 [Main] {Main} Adding application font: resources/fonts/NotoSans-Regular.ttf
D 2020-11-14 03:45:17.619461 [Main] {Main} Adding application font: resources/fonts/ObjectSans-Bold.ttf
D 2020-11-14 03:45:17.621035 [Main] {Main} Adding application font: resources/fonts/ObjectSans-Medium.ttf
D 2020-11-14 03:45:18.398673 [Main] {Main} Setting font to: Malgun Gothic
I 2020-11-14 03:45:18.400074 [CacheManager] {Main} Local storage cache at: C:\Users\USER\AppData\Local\Battle.net\Cache
I 2020-11-14 03:45:18.406101 [Main] {Main} Opened database at: C:\Users\USER\AppData\Local\Battle.net\CachedData.db
D 2020-11-14 03:45:18.407750 [Agent] {Agent} PolicyHandlerThreadProc: I shall in all my best obey you.
D 2020-11-14 03:45:18.407777 [Agent] {Main} PolicyHandler Thread STARTED
I 2020-11-14 03:45:18.447465 [Agent] {Agent} Agent has different session: 8906491569344956768
I 2020-11-14 03:45:18.447482 [Agent] {Agent} Agent Version is now: 2.22.3.7220 (retail)
I 2020-11-14 03:45:18.616886 [DIAG_BNL_Voice] {Main} Audio device monitor using already-initialized COM
I 2020-11-14 03:45:18.618160 [VoiceSessionBroker] {Main} Global voice is on
I 2020-11-14 03:45:18.618373 [Main] {Main} Execution environment changed. environment=EE_STANDARD
I 2020-11-14 03:45:18.618962 [CatalogManager] {Main} Loaded catalog hash from the database cache. hash=bdd520070bdabd05060a2d969d99741e
I 2020-11-14 03:45:18.619450 [CatalogManager] {Main} Built-in catalog hash (catalog/digesthash.txt): 50285bcad6207b7a967b294a1e38a91d
I 2020-11-14 03:45:18.619619 [CatalogManager] {Main} Built-in catalog hash (catalog/signaturehash.txt): 6ab2c7e53998f229e5626216c9d43673
I 2020-11-14 03:45:18.619640 [CatalogLoader] {Main} *** LOAD STARTED default: Context(LocalCAS: bdd520070bdabd05060a2d969d99741e I) ***
D 2020-11-14 03:45:18.643714 [Agent] {Agent} GameResource created for uid: agent
D 2020-11-14 03:45:18.643768 [Agent] {Agent} GameResource created for uid: battle.net
D 2020-11-14 03:45:18.643780 [Agent] {Agent} GameResource created for uid: heroes
D 2020-11-14 03:45:18.643789 [Agent] {Agent} GameResource created for uid: hs_beta
D 2020-11-14 03:45:18.643797 [Agent] {Agent} GameResource created for uid: s1
D 2020-11-14 03:45:18.643804 [Agent] {Agent} GameResource created for uid: s2
I 2020-11-14 03:45:19.391911 [FeatureManager] {Main} Moving feature record from active to inactive: whisper_voice
I 2020-11-14 03:45:19.391928 [FeatureManager] {Main} Moving feature record from active to inactive: trace_route
I 2020-11-14 03:45:19.391936 [FeatureManager] {Main} Feature changed: warcraft_iii_upgrade_c93909c5=true
I 2020-11-14 03:45:19.396709 [FeatureManager] {Main} Feature changed: clear_chat_history=true
I 2020-11-14 03:45:19.396727 [FeatureManager] {Main} Feature changed: mentions=true
I 2020-11-14 03:45:19.396732 [FeatureManager] {Main} Feature changed: notification_center=true
I 2020-11-14 03:45:19.396736 [FeatureManager] {Main} Feature changed: shop_wish_list=true
I 2020-11-14 03:45:19.396740 [FeatureManager] {Main} Feature changed: activision_auto_account_creation=true
I 2020-11-14 03:45:19.396744 [FeatureManager] {Main} Feature changed: suggested_group_members=true
I 2020-11-14 03:45:19.396747 [FeatureManager] {Main} Feature changed: appear_offline=true
I 2020-11-14 03:45:19.396750 [FeatureManager] {Main} Feature changed: refresh_toast=true
I 2020-11-14 03:45:19.396754 [FeatureManager] {Main} Feature changed: app_feedback_dialog=true
I 2020-11-14 03:45:19.396757 [FeatureManager] {Main} Feature changed: auto_update_optimization=true
I 2020-11-14 03:45:19.396760 [FeatureManager] {Main} Feature changed: social_tab=true
I 2020-11-14 03:45:19.396764 [FeatureManager] {Main} Feature changed: blizzard_profiles=true
I 2020-11-14 03:45:19.396768 [FeatureManager] {Main} Feature changed: chat_giphy=true
I 2020-11-14 03:45:19.396771 [FeatureManager] {Main} Feature changed: content_ui=true
I 2020-11-14 03:45:19.396774 [FeatureManager] {Main} Feature changed: multichats=true
I 2020-11-14 03:45:19.396778 [FeatureManager] {Main} Feature changed: friend_request_management=true
I 2020-11-14 03:45:19.396781 [FeatureManager] {Main} Feature changed: link_previews=true
I 2020-11-14 03:45:19.396785 [FeatureManager] {Main} Feature changed: sms_protect_requirements=true
I 2020-11-14 03:45:19.396788 [FeatureManager] {Main} Feature changed: gift_inventory=true
I 2020-11-14 03:45:19.396792 [FeatureManager] {Main} Feature changed: global_legendary_promos=true
I 2020-11-14 03:45:19.396795 [FeatureManager] {Main} Feature changed: refresh_friend_tooltip=true
I 2020-11-14 03:45:19.396798 [FeatureManager] {Main} Feature changed: group_privacy_settings=true
I 2020-11-14 03:45:19.396802 [FeatureManager] {Main} Feature changed: install_packages=true
I 2020-11-14 03:45:19.396806 [FeatureManager] {Main} Feature changed: modify_install=true
I 2020-11-14 03:45:19.396810 [FeatureManager] {Main} Feature changed: non_friend_whispers=true
I 2020-11-14 03:45:19.396813 [FeatureManager] {Main} Feature changed: playscreen_migrate_cms=true
I 2020-11-14 03:45:19.396816 [FeatureManager] {Main} Feature changed: shared_container_installs=true
I 2020-11-14 03:45:19.396820 [FeatureManager] {Main} Feature changed: sc2_account_selection_dialog=true
I 2020-11-14 03:45:19.396825 [FeatureManager] {Main} Feature changed: suggested_facebook_friends=true
I 2020-11-14 03:45:19.396828 [FeatureManager] {Main} Feature changed: whisper_voice=true
D 2020-11-14 03:45:19.396898 [Configuration] {Main} Searching for config file: C:\Program Files (x86)\Battle.net\Battle.net.12476\Environments.yaml
D 2020-11-14 03:45:19.396977 [Configuration] {Main} Searching for config file: C:\Program Files (x86)\Battle.net\Environments.yaml
I 2020-11-14 03:45:19.397039 [EnvironmentManager] {Main} Login parameters changed: address=kr.actual.battle.net:1119 region=KR
D 2020-11-14 03:45:19.403309 [CatalogVarStorage] {Main} Setting var from catalog Client.Shop.SaleNotificationVersion=6
D 2020-11-14 03:45:19.403326 [CatalogVarStorage] {Main} Setting var from catalog Client.ActivisionAutoAccountCreation.Games=ODIN,ZEUS
D 2020-11-14 03:45:19.403333 [CatalogVarStorage] {Main} Setting var from catalog Client.Shop.SaleNotificationEnabled=false
D 2020-11-14 03:45:19.403338 [CatalogVarStorage] {Main} Setting var from catalog Client.OwlScreen.LiveCheckIntervalMS=300000
D 2020-11-14 03:45:19.403351 [CatalogVarStorage] {Main} Setting var from catalog Client.NewProfileWindowLayout=true
D 2020-11-14 03:45:19.403359 [CatalogVarStorage] {Main} Setting var from catalog Client.PromotedScreenVersion=2
D 2020-11-14 03:45:19.403367 [CatalogVarStorage] {Main} Setting var from catalog Client.Version.BetaAccessOverride=enabled
I 2020-11-14 03:45:19.403380 [VersionManager] {Main} Beta Access: enabled
D 2020-11-14 03:45:19.403386 [CatalogVarStorage] {Main} Setting var from catalog Client.Version.BetaBranchOverride=beta
D 2020-11-14 03:45:19.403393 [CatalogVarStorage] {Main} Setting var from catalog Services.WhisperChannels.InactivityTimeoutMS=0
I 2020-11-14 03:45:19.404905 [CatalogLoader] {Main} *** LOAD COMPLETE default ***
I 2020-11-14 03:45:19.404918 [CatalogManager] {Main} Loaded initial catalog: hash=bdd520070bdabd05060a2d969d99741e
I 2020-11-14 03:45:19.475052 [WebServer] {Backend:0} Listening on port 22885
I 2020-11-14 03:45:19.495093 [Main] {Main} d3d11: selected adapter: Intel(R) UHD Graphics 630
I 2020-11-14 03:45:19.495139 [Main] {Main} d3d11: selected feature level: 0xb100
I 2020-11-14 03:45:19.847408 [Main] {Main} Attempting to fetch WidevineCDM: 1
D 2020-11-14 03:45:19.855580 [UI] {Main} Fixup allowed regions and locales. installedRegion=KR allowedRegions= allowedLocales=
I 2020-11-14 03:45:19.855829 [ToastManager] {Main} Toasts are enabled in ClientSettings
D 2020-11-14 03:45:19.860902 [ProductState] {Main} Game product state created: uid=
D 2020-11-14 03:45:19.860978 [ProductState] {Main} InstallState (): currentOperation=Install currentOperationStatus=New
I 2020-11-14 03:45:19.877173 [Main] {Main} Application path is: C:\Program Files (x86)\Battle.net\Battle.net.exe
D 2020-11-14 03:45:19.979014 [RemoteContentCache] {Main} Found cached remote content. url=https://nydus.battle.net/App/koKR/client/legendary-promos?targetRegion=KR
D 2020-11-14 03:45:19.979153 [Announcements] {Main} Skipped adding slide to lazr because it has expired.
D 2020-11-14 03:45:19.979170 [Announcements] {Main} Skipped adding slide to odin because it has expired.
D 2020-11-14 03:45:19.979180 [Announcements] {Main} Skipped adding slide to vipr because it has expired.
D 2020-11-14 03:45:19.979195 [Announcements] {Main} Skipped adding slide to zeus because it has expired.
I 2020-11-14 03:45:19.979520 [ClientServiceAlertMonitor] {Main} Breaking News url has changed. url=https://nydus.battle.net/App/koKR/client/App/alert?targetRegion=KR
D 2020-11-14 03:45:19.979727 [RemoteContentCache] {Main} Found cached remote content. url=https://nydus.battle.net/App/koKR/client/App/alert?targetRegion=KR
I 2020-11-14 03:45:19.979758 [ClientServiceAlertMonitor] {Main} Maintenance url has changed. url=https://nydus.battle.net/App/koKR/client/App/maintenance?targetRegion=KR
D 2020-11-14 03:45:19.979890 [RemoteContentCache] {Main} Found cached remote content. url=https://nydus.battle.net/App/koKR/client/App/maintenance?targetRegion=KR
I 2020-11-14 03:45:19.982152 [Frontend] {Main} Public Computer state changed. is_public=false
D 2020-11-14 03:45:19.982175 [Frontend] {Main} Session id changed. session_id=7910017271669022551
D 2020-11-14 03:45:19.982259 [Frontend] {Main} Tracking info changed. client_id=1899781214.1576003818, user_agent=
I 2020-11-14 03:45:20.007934 [HighDpiManager] {Main} High dpi support available changed: 0
I 2020-11-14 03:45:20.007951 [Frontend] {Main} High dpi support: disabled
D 2020-11-14 03:45:20.008398 [Main] {WorkerPool:3} Checking permissions on path: C:\ProgramData\Battle.net\Setup depth=-1
D 2020-11-14 03:45:20.010018 [Main] {WorkerPool:3} Checking permissions on path: C:\ProgramData\Battle.net\Agent depth=1
D 2020-11-14 03:45:20.011893 [Main] {WorkerPool:3} Checking permissions on path: C:\ProgramData\Battle.net\Agent\Agent.7212 depth=1
D 2020-11-14 03:45:20.012495 [Main] {WorkerPool:3} Checking permissions on path: C:\ProgramData\Battle.net\Agent\Agent.7220 depth=1
D 2020-11-14 03:45:20.012964 [Main] {WorkerPool:3} Checking permissions on path: C:\ProgramData\Blizzard Entertainment depth=2
D 2020-11-14 03:45:20.200296 [Frontend] {Main} Session id changed. session_id=8906491569344956768
I 2020-11-14 03:45:20.200755 [Agent] {Main} AgentManager is now initialized
I 2020-11-14 03:45:20.200767 [InstallManager] {Main} Install manager is now initialized
D 2020-11-14 03:45:20.200771 [InstallManager] {Main} Selecting best game install data for game battle.net: savedUid=battle.net originalUid=<none> newUid=battle.net
D 2020-11-14 03:45:20.200778 [InstallInfo] {Main} InstallInfo agent association has been changed: uid=battle.net agentUid=battle.net
D 2020-11-14 03:45:20.200784 [InstallManager] {Main} Selecting best game install data for game heroes: savedUid=heroes originalUid=<none> newUid=heroes
D 2020-11-14 03:45:20.200789 [InstallInfo] {Main} InstallInfo agent association has been changed: uid=heroes agentUid=heroes
D 2020-11-14 03:45:20.200795 [InstallManager] {Main} Selecting best game install data for game hs_beta: savedUid=hs_beta originalUid=<none> newUid=hs_beta
D 2020-11-14 03:45:20.200799 [InstallInfo] {Main} InstallInfo agent association has been changed: uid=hs_beta agentUid=hs_beta
D 2020-11-14 03:45:20.200806 [InstallManager] {Main} Selecting best game install data for game s1: savedUid=s1 originalUid=<none> newUid=s1
D 2020-11-14 03:45:20.200810 [InstallInfo] {Main} InstallInfo agent association has been changed: uid=s1 agentUid=s1
D 2020-11-14 03:45:20.200814 [InstallManager] {Main} Selecting best game install data for game s2: savedUid=s2 originalUid=<none> newUid=s2
D 2020-11-14 03:45:20.200818 [InstallInfo] {Main} InstallInfo agent association has been changed: uid=s2 agentUid=s2
D 2020-11-14 03:45:20.200830 [VersionManager] {Main} Branch change from Agent detected. activeBranch= branches={[0]=beta, [1]=cn, [2]=eu, [3]=kr, [4]=sg, [5]=tw, [6]=us}
D 2020-11-14 03:45:20.200842 [VersionManager] {Main} Beta branch is available: true
D 2020-11-14 03:45:20.200876 [ProductState] {Main} Game product state created: uid=heroes
D 2020-11-14 03:45:20.200907 [ProductState] {Main} InstallState (heroes): currentOperation=UpToDate currentOperationStatus=Paused installed=1 installPath=D:/Heroes of the Storm playable=1 canCreateShortcut=1 selectedRegion=us activeConfigKey=ffdd7eeb4c1b612d3c514aaf37d4c3c9 regionalVersions=(cn: {playable:true config_key:ffdd7eeb4c1b612d3c514aaf37d4c3c9}, eu: {playable:true config_key:ffdd7eeb4c1b612d3c514aaf37d4c3c9}, kr: {playable:true config_key:ffdd7eeb4c1b612d3c514aaf37d4c3c9}, sg: {playable:true config_key:ffdd7eeb4c1b612d3c514aaf37d4c3c9}, tw: {playable:true config_key:ffdd7eeb4c1b612d3c514aaf37d4c3c9}, us: {playable:true config_key:ffdd7eeb4c1b612d3c514aaf37d4c3c9}) localVersion=2.52.2.82624 latestVersion=82624 progress=1 currentStage=Complete
D 2020-11-14 03:45:20.200930 [ProductState] {Main} Game product state created: uid=hs_beta
D 2020-11-14 03:45:20.200956 [ProductState] {Main} InstallState (hs_beta): currentOperation=UpToDate currentOperationStatus=Paused installed=1 installPath=D:/Hearthstone playable=1 canCreateShortcut=1 selectedRegion=kr activeConfigKey=27e1561b38eeddd1f9397270c26ea07c regionalVersions=(android_amazon: {playable:true config_key:27e1561b38eeddd1f9397270c26ea07c}, android_cn: {playable:false config_key:12c67cb290a8517149785b1719408fcf}, android_cn_huawei: {playable:false config_key:12c67cb290a8517149785b1719408fcf}, android_google: {playable:true config_key:27e1561b38eeddd1f9397270c26ea07c}, cn: {playable:true config_key:27e1561b38eeddd1f9397270c26ea07c}, eu: {playable:true config_key:27e1561b38eeddd1f9397270c26ea07c}, ios: {playable:true config_key:27e1561b38eeddd1f9397270c26ea07c}, ios_cn: {playable:true config_key:27e1561b38eeddd1f9397270c26ea07c}, kr: {playable:true config_key:27e1561b38eeddd1f9397270c26ea07c}, us: {playable:true config_key:27e1561b38eeddd1f9397270c26ea07c}) localVersion=19.0.0.65614 latestVersion=65614 progress=1 currentStage=Complete
D 2020-11-14 03:45:20.200974 [ProductState] {Main} Game product state created: uid=s1
D 2020-11-14 03:45:20.200994 [ProductState] {Main} InstallState (s1): currentOperation=UpToDate currentOperationStatus=Paused installed=1 installPath=D:/StarCraft playable=1 canCreateShortcut=1 selectedRegion=us activeConfigKey=10c37660ca921866622854f0cff35c9f regionalVersions=(cn: {playable:true config_key:10c37660ca921866622854f0cff35c9f}, eu: {playable:true config_key:10c37660ca921866622854f0cff35c9f}, kr: {playable:true config_key:10c37660ca921866622854f0cff35c9f}, sg: {playable:true config_key:10c37660ca921866622854f0cff35c9f}, tw: {playable:true config_key:10c37660ca921866622854f0cff35c9f}, us: {playable:true config_key:10c37660ca921866622854f0cff35c9f}) localVersion=1.23.6.8974 latestVersion=8974 progress=1 currentStage=Complete
D 2020-11-14 03:45:20.201009 [ProductState] {Main} Game product state created: uid=s2
D 2020-11-14 03:45:20.201028 [ProductState] {Main} InstallState (s2): currentOperation=UpToDate currentOperationStatus=Paused installed=1 installPath=D:/StarCraft II playable=1 canCreateShortcut=1 selectedRegion=kr activeConfigKey=f47228063601f0b2e0a12dffe2281777 regionalVersions=(cn: {playable:true config_key:f47228063601f0b2e0a12dffe2281777}, eu: {playable:true config_key:f47228063601f0b2e0a12dffe2281777}, kr: {playable:true config_key:f47228063601f0b2e0a12dffe2281777}, tw: {playable:true config_key:f47228063601f0b2e0a12dffe2281777}, us: {playable:true config_key:f47228063601f0b2e0a12dffe2281777}) supports_multibox=true localVersion=5.0.4.82457 latestVersion=82457 progress=1 currentStage=Complete
D 2020-11-14 03:45:20.201042 [Agent] {Main} Versioning is now enabled
D 2020-11-14 03:45:20.201053 [Agent] {Main} Triggering game versioning: battle.net
D 2020-11-14 03:45:20.201071 [Agent] {Main} Triggering game versioning: heroes
D 2020-11-14 03:45:20.201080 [Agent] {Main} Triggering game versioning: hs_beta
D 2020-11-14 03:45:20.201086 [Agent] {Main} Triggering game versioning: s1
D 2020-11-14 03:45:20.201091 [Agent] {Main} Triggering game versioning: s2
D 2020-11-14 03:45:20.213838 [InstallManager] {Main} Command_RegisterGame uid: hs_beta path: D:\Hearthstone productcode:  subfolder: 
D 2020-11-14 03:45:20.213862 [InstallManager] {Main} PerformRegisterInstall uid= productCode=* installDir=D:\Hearthstone subfolder= region=KR
I 2020-11-14 03:45:20.213888 [CatalogLoader] {Main} *** LOAD STARTED default: Context(LocalCAS: bdd520070bdabd05060a2d969d99741e I) ***
I 2020-11-14 03:45:20.513555 [FeatureManager] {Main} Moving feature record from active to inactive: overwatch_league_tab
I 2020-11-14 03:45:20.513584 [FeatureManager] {Main} Moving feature record from active to inactive: blizzcon_tab
D 2020-11-14 03:45:20.518849 [CatalogVarStorage] {Main} Setting var from catalog Client.Shop.SaleNotificationVersion=6
D 2020-11-14 03:45:20.518871 [CatalogVarStorage] {Main} Setting var from catalog Client.ActivisionAutoAccountCreation.Games=ODIN,ZEUS
D 2020-11-14 03:45:20.518878 [CatalogVarStorage] {Main} Setting var from catalog Client.Shop.SaleNotificationEnabled=false
D 2020-11-14 03:45:20.518884 [CatalogVarStorage] {Main} Setting var from catalog Client.OwlScreen.LiveCheckIntervalMS=300000
D 2020-11-14 03:45:20.518897 [CatalogVarStorage] {Main} Setting var from catalog Client.NewProfileWindowLayout=true
D 2020-11-14 03:45:20.518905 [CatalogVarStorage] {Main} Setting var from catalog Client.PromotedScreenVersion=2
D 2020-11-14 03:45:20.518911 [CatalogVarStorage] {Main} Setting var from catalog Client.Version.BetaAccessOverride=enabled
D 2020-11-14 03:45:20.518916 [CatalogVarStorage] {Main} Setting var from catalog Client.Version.BetaBranchOverride=beta
D 2020-11-14 03:45:20.518921 [CatalogVarStorage] {Main} Setting var from catalog Services.WhisperChannels.InactivityTimeoutMS=0
I 2020-11-14 03:45:20.520469 [CatalogLoader] {Main} *** LOAD COMPLETE default ***
I 2020-11-14 03:45:20.690647 [UnifiedAuth] {Main} UAuth: setting url: https://kr.battle.net/login/ko/logout?ref=https://kr.battle.net/login/ko/login.app?app=app reason: reset
D 2020-11-14 03:45:20.704815 [ClientServiceAlertMonitor] {Main} Service alert monitor force update requested
D 2020-11-14 03:45:20.704830 [ClientServiceAlertMonitor] {Main} Breaking News update requested
D 2020-11-14 03:45:20.704834 [ClientServiceAlertMonitor] {Main} Maintenance update requested
D 2020-11-14 03:45:20.860526 [InstallManager] {Main} Registration complete for agentUid=hs_beta and region=kr
I 2020-11-14 03:45:20.955877 [CacheManager] {Main} CacheManager is now initialized
I 2020-11-14 03:45:20.955909 [TactVersionWatcher] {Main} Fetched new tact metadata. productCode=catalogs region=kr branch=PUB-29 version=1838 seq=67 buildConfig=1923f8c3952958b47733ed0f78415f80
I 2020-11-14 03:45:20.966354 [DIAG_BuildConfig] {Main} no 'encoding' key in build configuration '1923f8c3952958b47733ed0f78415f80', selecting plain-data mode
I 2020-11-14 03:45:20.966425 [CatalogLoader] {Main} *** LOAD STARTED default: Context(RemoteCAS: bdd520070bdabd05060a2d969d99741e|tpr/catalogs/data) ***
I 2020-11-14 03:45:20.976269 [Main] {Main} Cached WidevineCDM is up-to-date: 4.10.1582.2
D 2020-11-14 03:45:21.086524 [InstallManager] {Main} Game finished versioning heroes
D 2020-11-14 03:45:21.104768 [CatalogVarStorage] {Main} Setting var from catalog Client.Shop.SaleNotificationVersion=6
D 2020-11-14 03:45:21.104793 [CatalogVarStorage] {Main} Setting var from catalog Client.ActivisionAutoAccountCreation.Games=ODIN,ZEUS
D 2020-11-14 03:45:21.104800 [CatalogVarStorage] {Main} Setting var from catalog Client.Shop.SaleNotificationEnabled=false
D 2020-11-14 03:45:21.104806 [CatalogVarStorage] {Main} Setting var from catalog Client.OwlScreen.LiveCheckIntervalMS=300000
D 2020-11-14 03:45:21.104820 [CatalogVarStorage] {Main} Setting var from catalog Client.NewProfileWindowLayout=true
D 2020-11-14 03:45:21.104826 [CatalogVarStorage] {Main} Setting var from catalog Client.PromotedScreenVersion=2
D 2020-11-14 03:45:21.104833 [CatalogVarStorage] {Main} Setting var from catalog Client.Version.BetaAccessOverride=enabled
D 2020-11-14 03:45:21.104837 [CatalogVarStorage] {Main} Setting var from catalog Client.Version.BetaBranchOverride=beta
D 2020-11-14 03:45:21.104844 [CatalogVarStorage] {Main} Setting var from catalog Services.WhisperChannels.InactivityTimeoutMS=0
I 2020-11-14 03:45:21.115285 [CatalogLoader] {Main} *** LOAD COMPLETE default ***
I 2020-11-14 03:45:21.657241 [GameSessionList] {Agent} Reporting process: TrackingInfo(uid=battle.net, type=game, opStatus=On, reqId=0, running=2, oldRunning=0)
I 2020-11-14 03:45:21.665916 [InstallManager] {Main} Setting Process Running: true uid=battle.net binaryType=game any=true
D 2020-11-14 03:45:21.665953 [InstallInfo] {Main} Operation status changed: opType=Execute oldStatus=Off newStatus=On agentUid=battle.net
D 2020-11-14 03:45:21.776817 [InstallManager] {Main} Game finished versioning hs_beta
D 2020-11-14 03:45:21.776888 [InstallManager] {Main} Game finished versioning hs_beta
D 2020-11-14 03:45:22.311619 [Announcements] {Main} Found slide: id=23565187 game=zeus firstDisplayTime=1970-01-01 00:00:00.000000 expireTime=2020-11-17 05:00:00.000000 seen=false dismissed=false licenses=
D 2020-11-14 03:45:23.175853 [InstallManager] {Main} Game finished versioning battle.net
D 2020-11-14 03:45:23.196791 [InstallManager] {Main} Game finished versioning s2
D 2020-11-14 03:45:23.685879 [UnifiedAuth] {} UAuth: browser state changed: Login
D 2020-11-14 03:45:23.686533 [InstallManager] {Main} Game finished versioning s1
D 2020-11-14 03:45:23.696704 [UnifiedAuth] {Main} UAuth: begin loading: https://kr.battle.net/login/ko/login.app?app=app
D 2020-11-14 03:45:23.696739 [UnifiedAuth] {Main} UAuth: set size from headers: 344x226 popup=0
I 2020-11-14 03:45:24.667636 [GameSessionList] {Agent} Reporting process: TrackingInfo(uid=battle.net, type=game, opStatus=On, reqId=0, running=4, oldRunning=2)
I 2020-11-14 03:45:24.676319 [InstallManager] {Main} Setting Process Running: true uid=battle.net binaryType=game any=true
D 2020-11-14 03:45:24.911238 [UnifiedAuth] {Main} UAuth: finished loading. statusCode=200 state=Login
D 2020-11-14 03:45:25.478956 [UnifiedAuth] {Main} UAuth: status changed: RequestingToken
D 2020-11-14 03:45:25.478989 [UnifiedAuth] {Main} UAuth: login submitted
D 2020-11-14 03:45:25.919858 [UnifiedAuth] {Main} UAuth: browser state changed: None
D 2020-11-14 03:45:26.220252 [UnifiedAuth] {Main} UAuth: status changed: ReceivedToken
D 2020-11-14 03:45:26.220302 [UnifiedAuth] {Main} UAuth: web login complete, beginning connection.
I 2020-11-14 03:45:26.220892 [Main] {Main} Connecting to server. address=kr.actual.battle.net port=1119
D 2020-11-14 03:45:26.223720 [UnifiedAuth] {Main} UAuth: browser state changed: Done
D 2020-11-14 03:45:28.496296 [LoginController] {Main} Login_QueueUpdate (position=1,clientWaitTime=-00:00:00.023412,skipLoginQueueUi=true)
I 2020-11-14 03:45:28.529267 [Main] {Main} Opened database at: C:\Users\USER\AppData\Local\Battle.net\Account\31056303\account.db
I 2020-11-14 03:45:30.478077 [GSAccountProvider] {Main} Login triggered. entityId=1:0:1d9e1af
I 2020-11-14 03:45:30.478142 [GSStateTracker] {Main} State changed to: WaitingForAccountState
I 2020-11-14 03:45:30.478201 [AccountManager] {Main} Account manager state has changed to: Loading
D 2020-11-14 03:45:30.480110 [GSAccountProvider] {Main} Querying account level info for account: 1:0:1d9e1af
D 2020-11-14 03:45:30.480246 [GSAccountProvider] {Main} Querying parental control info for account: 1:0:1d9e1af
D 2020-11-14 03:45:30.480295 [GSAccountProvider] {Main} Querying game accounts for region: US
D 2020-11-14 03:45:30.480328 [GSAccountProvider] {Main} Querying game accounts for region: EU
D 2020-11-14 03:45:30.480347 [GSAccountProvider] {Main} Querying game accounts for region: KR
D 2020-11-14 03:45:30.480370 [GSAccountProvider] {Main} Querying game accounts for region: SG
D 2020-11-14 03:45:30.480387 [GSAccountProvider] {Main} Querying game accounts for region: XX
D 2020-11-14 03:45:30.480404 [GSAccountProvider] {Main} Querying game accounts for region: GLOBAL
D 2020-11-14 03:45:30.480420 [GSAccountProvider] {Main} Querying parental control info for account: 1:0:1d9e1af
D 2020-11-14 03:45:30.480546 [GSAccountProvider] {Main} Querying program level information for program: Fen
D 2020-11-14 03:45:30.480597 [GSAccountProvider] {Main} Querying program level information for program: D3
D 2020-11-14 03:45:30.480621 [GSAccountProvider] {Main} Querying program level information for program: S2
D 2020-11-14 03:45:30.480642 [GSAccountProvider] {Main} Querying program level information for program: S1
D 2020-11-14 03:45:30.480660 [GSAccountProvider] {Main} Querying program level information for program: FORE
D 2020-11-14 03:45:30.480679 [GSAccountProvider] {Main} Querying program level information for program: W3
D 2020-11-14 03:45:30.480697 [GSAccountProvider] {Main} Querying program level information for program: WoW
D 2020-11-14 03:45:30.480722 [GSAccountProvider] {Main} Querying program level information for program: Pro
D 2020-11-14 03:45:30.480769 [GSAccountProvider] {Main} Querying program level information for program: Hero
D 2020-11-14 03:45:30.480798 [GSAccountProvider] {Main} Querying program level information for program: AUKS
D 2020-11-14 03:45:30.480819 [GSAccountProvider] {Main} Querying program level information for program: D3CN
D 2020-11-14 03:45:30.480842 [GSAccountProvider] {Main} Querying program level information for program: LAZR
D 2020-11-14 03:45:30.480867 [GSAccountProvider] {Main} Querying program level information for program: ODIN
D 2020-11-14 03:45:30.480888 [GSAccountProvider] {Main} Querying program level information for program: VIPR
D 2020-11-14 03:45:30.480911 [GSAccountProvider] {Main} Querying program level information for program: WTCG
D 2020-11-14 03:45:30.480939 [GSAccountProvider] {Main} Querying program level information for program: ZEUS
D 2020-11-14 03:45:30.486686 [GSAccountProvider] {Main} Received AccountLevelInfo for account. entityId=1:0:1d9e1af accountLevelInfo=|licenses:|id=274|id=10107|id=10399|id=10404|id=10407|id=10408|id=10409|id=10410|id=10411|id=10412|id=10413|id=10414|id=10415|id=10416|id=10417|id=10418|id=10419|id=10420|id=10421|id=10422|id=10423|id=10424|id=10425|id=10426|id=10427|id=10428|id=10429|id=10433|id=10686|id=10868|id=11318|id=11366|id=11455|id=11457|id=16332|id=16334|id=16335|id=16397|id=16407|id=16432|id=16452|id=16460|id=16506|id=16876|id=17161|id=17294|id=17561|id=17562|id=17563|id=17759|id=20001|id=20002|id=20003|id=20023|id=20024|id=20025|id=20176|id=20177|id=20195|id=21137|id=25362|id=31037|id=31039|id=31042|id=31043|id=31096|id=37396|:licenses|default_currency=4936279|country=KOR|preferred_region=3|account_paid_any=1
I 2020-11-14 03:45:30.487047 [AccountManager] {Main} Account site region code changed: KR
I 2020-11-14 03:45:30.487071 [AccountManager] {Main} Account country changed: KOR
D 2020-11-14 03:45:30.487250 [GSAccountProvider] {Main} Parental control info for account (1:0:1d9e1af) resulted in cache miss.
D 2020-11-14 03:45:30.487336 [GSAccountProvider] {Main} Querying game level information for entity: (Game: US-Hero-556524028)
D 2020-11-14 03:45:30.487380 [GSAccountProvider] {Main} Querying game time info for entity Id: (Game: US-Hero-556524028)
D 2020-11-14 03:45:30.487435 [GSAccountProvider] {Main} Querying game level information for entity: (Game: US-Pro-152758522)
D 2020-11-14 03:45:30.487469 [GSAccountProvider] {Main} Querying game time info for entity Id: (Game: US-Pro-152758522)
D 2020-11-14 03:45:30.487523 [GSAccountProvider] {Main} Querying game level information for entity: (Game: US-S1-556634432)
D 2020-11-14 03:45:30.487558 [GSAccountProvider] {Main} Querying game time info for entity Id: (Game: US-S1-556634432)
D 2020-11-14 03:45:30.487786 [GSAccountProvider] {Main} Querying game level information for entity: (Game: US-S2-76229865)
D 2020-11-14 03:45:30.487826 [GSAccountProvider] {Main} Querying game time info for entity Id: (Game: US-S2-76229865)
D 2020-11-14 03:45:30.487847 [GSAccountProvider] {Main} Received 4 game accounts from region 'US'
D 2020-11-14 03:45:30.487868 [GSAccountProvider] {Main} Game account list for region 'EU' resulted in cache miss.
I 2020-11-14 03:45:30.487883 [GSStateTracker] {Main} State changed to: Loading
D 2020-11-14 03:45:30.487916 [GSAccountProvider] {Main} Querying game level information for entity: (Game: KR-D3-38883127)
D 2020-11-14 03:45:30.487934 [GSAccountProvider] {Main} Querying game time info for entity Id: (Game: KR-D3-38883127)
D 2020-11-14 03:45:30.487969 [GSAccountProvider] {Main} Querying game level information for entity: (Game: KR-DST2-85197619)
D 2020-11-14 03:45:30.487987 [GSAccountProvider] {Main} Querying game time info for entity Id: (Game: KR-DST2-85197619)
D 2020-11-14 03:45:30.488019 [GSAccountProvider] {Main} Querying program level information for program: DST2
D 2020-11-14 03:45:30.488084 [GSAccountProvider] {Main} Querying game level information for entity: (Game: KR-Hero-37051421)
D 2020-11-14 03:45:30.488107 [GSAccountProvider] {Main} Querying game time info for entity Id: (Game: KR-Hero-37051421)
D 2020-11-14 03:45:30.488141 [GSAccountProvider] {Main} Querying game level information for entity: (Game: KR-ODIN-1308195690)
D 2020-11-14 03:45:30.488159 [GSAccountProvider] {Main} Querying game time info for entity Id: (Game: KR-ODIN-1308195690)
D 2020-11-14 03:45:30.488190 [GSAccountProvider] {Main} Querying game level information for entity: (Game: KR-Pro-47984319)
D 2020-11-14 03:45:30.488214 [GSAccountProvider] {Main} Querying game time info for entity Id: (Game: KR-Pro-47984319)
D 2020-11-14 03:45:30.488246 [GSAccountProvider] {Main} Querying game level information for entity: (Game: KR-S1-71740860)
D 2020-11-14 03:45:30.488263 [GSAccountProvider] {Main} Querying game time info for entity Id: (Game: KR-S1-71740860)
D 2020-11-14 03:45:30.488291 [GSAccountProvider] {Main} Querying game level information for entity: (Game: KR-S2-42198050)
D 2020-11-14 03:45:30.488313 [GSAccountProvider] {Main} Querying game time info for entity Id: (Game: KR-S2-42198050)
D 2020-11-14 03:45:30.488343 [GSAccountProvider] {Main} Querying game level information for entity: (Game: KR-VIPR-86814387)
D 2020-11-14 03:45:30.488361 [GSAccountProvider] {Main} Querying game time info for entity Id: (Game: KR-VIPR-86814387)
D 2020-11-14 03:45:30.488401 [GSAccountProvider] {Main} Querying game level information for entity: (Game: KR-W3-1314312515)
D 2020-11-14 03:45:30.488420 [GSAccountProvider] {Main} Querying game time info for entity Id: (Game: KR-W3-1314312515)
D 2020-11-14 03:45:30.488448 [GSAccountProvider] {Main} Querying game level information for entity: (Game: KR-WTCG-36489783)
D 2020-11-14 03:45:30.488480 [GSAccountProvider] {Main} Querying game time info for entity Id: (Game: KR-WTCG-36489783)
D 2020-11-14 03:45:30.488508 [GSAccountProvider] {Main} Querying game level information for entity: (Game: KR-WoW-24772756)
D 2020-11-14 03:45:30.488529 [GSAccountProvider] {Main} Querying game time info for entity Id: (Game: KR-WoW-24772756)
D 2020-11-14 03:45:30.488545 [GSAccountProvider] {Main} Received 11 game accounts from region 'KR'
D 2020-11-14 03:45:30.488563 [GSAccountProvider] {Main} Game account list for region 'SG' resulted in cache miss.
D 2020-11-14 03:45:30.488592 [GSAccountProvider] {Main} Querying game level information for entity: (Game: XX-Hero-39247750)
D 2020-11-14 03:45:30.488613 [GSAccountProvider] {Main} Querying game time info for entity Id: (Game: XX-Hero-39247750)
D 2020-11-14 03:45:30.488644 [GSAccountProvider] {Main} Querying game level information for entity: (Game: XX-Pro-34712062)
D 2020-11-14 03:45:30.488663 [GSAccountProvider] {Main} Querying game time info for entity Id: (Game: XX-Pro-34712062)
D 2020-11-14 03:45:30.488684 [GSAccountProvider] {Main} Received 2 game accounts from region 'XX'
D 2020-11-14 03:45:30.488701 [GSAccountProvider] {Main} Game account list for region 'GLOBAL' resulted in cache miss.
D 2020-11-14 03:45:30.488714 [GSAccountProvider] {Main} Parental control info for account (1:0:1d9e1af) resulted in cache miss.
D 2020-11-14 03:45:30.488738 [GSAccountProvider] {Main} Received program level info. programId=Fen programLevelInfo=|program=4613486
D 2020-11-14 03:45:30.488791 [GSAccountProvider] {Main} Received program level info. programId=D3 programLevelInfo=|program=17459|licenses:|id=16407|:licenses
D 2020-11-14 03:45:30.488846 [GSAccountProvider] {Main} Received program level info. programId=S2 programLevelInfo=|program=21298|licenses:|id=16452|:licenses
D 2020-11-14 03:45:30.488878 [GSAccountProvider] {Main} Received program level info. programId=S1 programLevelInfo=|program=21297
D 2020-11-14 03:45:30.488896 [GSAccountProvider] {Main} Received program level info. programId=FORE programLevelInfo=|program=1179603525
D 2020-11-14 03:45:30.488918 [GSAccountProvider] {Main} Received program level info. programId=W3 programLevelInfo=|program=22323
D 2020-11-14 03:45:30.488935 [GSAccountProvider] {Main} Received program level info. programId=WoW programLevelInfo=|program=5730135|licenses:|id=274|:licenses|licenses:|id=11318|:licenses|licenses:|id=16432|:licenses
D 2020-11-14 03:45:30.488971 [GSAccountProvider] {Main} Received program level info. programId=Pro programLevelInfo=|is_lifetime=1|program=5272175|licenses:|id=10399|:licenses|licenses:|id=10404|:licenses|licenses:|id=10407|:licenses|licenses:|id=10408|:licenses|licenses:|id=10409|:licenses|licenses:|id=10410|:licenses|licenses:|id=10411|:licenses|licenses:|id=10412|:licenses|licenses:|id=10413|:licenses|licenses:|id=10414|:licenses|licenses:|id=10415|:licenses|licenses:|id=10416|:licenses|licenses:|id=10417|:licenses|licenses:|id=10418|:licenses|licenses:|id=10419|:licenses|licenses:|id=10420|:licenses|licenses:|id=10421|:licenses|licenses:|id=10422|:licenses|licenses:|id=10423|:licenses|licenses:|id=10424|:licenses|licenses:|id=10425|:licenses|licenses:|id=10426|:licenses|licenses:|id=10427|:licenses|licenses:|id=10428|:licenses|licenses:|id=10429|:licenses|licenses:|id=16332|:licenses|licenses:|id=16334|:licenses|licenses:|id=16335|:licenses|licenses:|id=16506|:licenses|licenses:|id=16876|:licenses|licenses:|id=17561|:licenses|licenses:|id=17562|:licenses|licenses:|id=17563|:licenses|licenses:|id=20001|:licenses|licenses:|id=20002|:licenses|licenses:|id=20003|:licenses
D 2020-11-14 03:45:30.489203 [GSAccountProvider] {Main} Received program level info. programId=Hero programLevelInfo=|is_beta=1|program=1214607983|licenses:|id=10107|:licenses|licenses:|id=10433|:licenses|licenses:|id=10868|:licenses|licenses:|id=11457|:licenses|licenses:|id=16397|:licenses|licenses:|id=17759|:licenses
D 2020-11-14 03:45:30.489260 [GSAccountProvider] {Main} Received program level info. programId=AUKS programLevelInfo=|program=1096108883
D 2020-11-14 03:45:30.489278 [GSAccountProvider] {Main} Cache miss for program level info. programId=D3CN
D 2020-11-14 03:45:30.489290 [GSAccountProvider] {Main} Received program level info. programId=LAZR programLevelInfo=|program=1279351378
D 2020-11-14 03:45:30.489306 [GSAccountProvider] {Main} Received program level info. programId=ODIN programLevelInfo=|program=1329875278
D 2020-11-14 03:45:30.489322 [GSAccountProvider] {Main} Received program level info. programId=VIPR programLevelInfo=|program=1447645266
D 2020-11-14 03:45:30.489337 [GSAccountProvider] {Main} Received program level info. programId=WTCG programLevelInfo=|program=1465140039|licenses:|id=10686|:licenses|licenses:|id=11455|:licenses|licenses:|id=16460|:licenses|licenses:|id=17161|:licenses|licenses:|id=17294|:licenses|licenses:|id=20023|:licenses|licenses:|id=20024|:licenses|licenses:|id=20025|:licenses|licenses:|id=25362|:licenses|licenses:|id=37396|:licenses
D 2020-11-14 03:45:30.489401 [GSAccountProvider] {Main} Received program level info. programId=ZEUS programLevelInfo=|program=1514493267
D 2020-11-14 03:45:30.496698 [GSAccountProvider] {Main} Received GameLevelInfo: (Game: US-Hero-556524028) info=|name="Hero1"|program=1214607983|realm_permissions=1|last_logout_time_ms=1605150307000
D 2020-11-14 03:45:30.496878 [GSAccountProvider] {Main} Received GameTimeInfo: (Game: US-Hero-556524028) info=
D 2020-11-14 03:45:30.496907 [GSAccountProvider] {Main} Received GameLevelInfo: (Game: US-Pro-152758522) info=|name="Pro1"|program=5272175|realm_permissions=1|last_logout_time_ms=1578164160000
D 2020-11-14 03:45:30.496951 [GSAccountProvider] {Main} Received GameTimeInfo: (Game: US-Pro-152758522) info=
D 2020-11-14 03:45:30.496966 [GSAccountProvider] {Main} Received GameLevelInfo: (Game: US-S1-556634432) info=|name="S11"|program=21297|realm_permissions=1
D 2020-11-14 03:45:30.497001 [GSAccountProvider] {Main} Received GameTimeInfo: (Game: US-S1-556634432) info=
D 2020-11-14 03:45:30.497015 [GSAccountProvider] {Main} Received GameLevelInfo: (Game: US-S2-76229865) info=|is_trial=0|is_restricted=0|name="S21"|program=21298|realm_permissions=1
D 2020-11-14 03:45:30.497056 [GSAccountProvider] {Main} Received GameTimeInfo: (Game: US-S2-76229865) info=
D 2020-11-14 03:45:30.497071 [GSAccountProvider] {Main} Received GameLevelInfo: (Game: KR-D3-38883127) info=|name="D31"|program=17459|realm_permissions=1|last_logout_time_ms=1494153148000
D 2020-11-14 03:45:30.497109 [GSAccountProvider] {Main} Received GameTimeInfo: (Game: KR-D3-38883127) info=
D 2020-11-14 03:45:30.497180 [GSAccountProvider] {Main} Received GameLevelInfo: (Game: KR-DST2-85197619) info=|name="DST21"|program=1146311730|realm_permissions=1|last_logout_time_ms=1543828879000
D 2020-11-14 03:45:30.497229 [GSAccountProvider] {Main} Received GameTimeInfo: (Game: KR-DST2-85197619) info=
D 2020-11-14 03:45:30.497249 [GSAccountProvider] {Main} Cache miss for program level info. programId=DST2
D 2020-11-14 03:45:30.497264 [GSAccountProvider] {Main} Received GameLevelInfo: (Game: KR-Hero-37051421) info=|name="Hero1"|program=1214607983|licenses:|id=20313|:licenses|licenses:|id=20413|:licenses|realm_permissions=1|last_logout_time_ms=1597153979000
D 2020-11-14 03:45:30.497317 [GSAccountProvider] {Main} Received GameTimeInfo: (Game: KR-Hero-37051421) info=
D 2020-11-14 03:45:30.497345 [GSAccountProvider] {Main} Received GameLevelInfo: (Game: KR-ODIN-1308195690) info=|name="ODIN1"|program=1329875278|realm_permissions=1|last_logout_time_ms=1584759323000
D 2020-11-14 03:45:30.497382 [GSAccountProvider] {Main} Received GameTimeInfo: (Game: KR-ODIN-1308195690) info=
D 2020-11-14 03:45:30.497406 [GSAccountProvider] {Main} Received GameLevelInfo: (Game: KR-Pro-47984319) info=|name="Pro1"|program=5272175|realm_permissions=1|last_logout_time_ms=1593851387000
D 2020-11-14 03:45:30.497441 [GSAccountProvider] {Main} Received GameTimeInfo: (Game: KR-Pro-47984319) info=
D 2020-11-14 03:45:30.497459 [GSAccountProvider] {Main} Received GameLevelInfo: (Game: KR-S1-71740860) info=|name="S11"|program=21297|realm_permissions=1|last_logout_time_ms=1541426558000
D 2020-11-14 03:45:30.497493 [GSAccountProvider] {Main} Received GameTimeInfo: (Game: KR-S1-71740860) info=
D 2020-11-14 03:45:30.497513 [GSAccountProvider] {Main} Received GameLevelInfo: (Game: KR-S2-42198050) info=|is_trial=0|is_restricted=0|name="S21"|program=21298|realm_permissions=1|last_logout_time_ms=1510562611000
D 2020-11-14 03:45:30.497554 [GSAccountProvider] {Main} Received GameTimeInfo: (Game: KR-S2-42198050) info=
D 2020-11-14 03:45:30.497579 [GSAccountProvider] {Main} Received GameLevelInfo: (Game: KR-VIPR-86814387) info=|name="VIPR1"|program=1447645266|realm_permissions=1|last_logout_time_ms=1539516506000
D 2020-11-14 03:45:30.497615 [GSAccountProvider] {Main} Received GameTimeInfo: (Game: KR-VIPR-86814387) info=
D 2020-11-14 03:45:30.497636 [GSAccountProvider] {Main} Received GameLevelInfo: (Game: KR-W3-1314312515) info=|name="W31"|program=22323|realm_permissions=1
D 2020-11-14 03:45:30.497666 [GSAccountProvider] {Main} Received GameTimeInfo: (Game: KR-W3-1314312515) info=
D 2020-11-14 03:45:30.497689 [GSAccountProvider] {Main} Received GameLevelInfo: (Game: KR-WTCG-36489783) info=|name="WTCG1"|program=1465140039|licenses:|id=17023|:licenses|licenses:|id=17292|:licenses|licenses:|id=17733|:licenses|licenses:|id=26701|:licenses|licenses:|id=26717|:licenses|licenses:|id=26718|:licenses|licenses:|id=26719|:licenses|licenses:|id=26859|:licenses|licenses:|id=46376|:licenses|licenses:|id=46398|:licenses|licenses:|id=50256|:licenses|licenses:|id=52396|:licenses|licenses:|id=52421|:licenses|licenses:|id=52422|:licenses|licenses:|id=52438|:licenses|licenses:|id=52439|:licenses|licenses:|id=52440|:licenses|licenses:|id=52738|:licenses|licenses:|id=52739|:licenses|realm_permissions=1|last_logout_time_ms=1597083641000
D 2020-11-14 03:45:30.497831 [GSAccountProvider] {Main} Received GameTimeInfo: (Game: KR-WTCG-36489783) info=
D 2020-11-14 03:45:30.497861 [GSAccountProvider] {Main} Received GameLevelInfo: (Game: KR-WoW-24772756) info=|is_trial=0|is_restricted=0|name="WoW1"|program=5730135|licenses:|id=11003|:licenses|licenses:|id=11488|:licenses|licenses:|id=253|:licenses|realm_permissions=3|last_logout_time_ms=1510191331000
D 2020-11-14 03:45:30.497942 [GSAccountProvider] {Main} Received GameTimeInfo: (Game: KR-WoW-24772756) info=
D 2020-11-14 03:45:30.497966 [GSAccountProvider] {Main} Received GameLevelInfo: (Game: XX-Hero-39247750) info=|name="Hero1"|program=1214607983|realm_permissions=1
D 2020-11-14 03:45:30.498005 [GSAccountProvider] {Main} Received GameTimeInfo: (Game: XX-Hero-39247750) info=
D 2020-11-14 03:45:30.498022 [GSAccountProvider] {Main} Received GameLevelInfo: (Game: XX-Pro-34712062) info=|name="Pro1"|program=5272175|realm_permissions=1
D 2020-11-14 03:45:30.498057 [GSAccountProvider] {Main} Received GameTimeInfo: (Game: XX-Pro-34712062) info=
I 2020-11-14 03:45:31.821338 [ScreenController] {Main} Changing screen to: Games
D 2020-11-14 03:45:32.159174 [InventoryController] {Main} Updating inventory
D 2020-11-14 03:45:32.159189 [InventoryController] {Main} GetInventoryInfo request
I 2020-11-14 03:45:32.159251 [Clubs] {Main} Subscribing to club membership.
I 2020-11-14 03:45:32.159321 [ChannelV2] {Main} Subscribing to channelv2 membership service. |agentId=|id=36821728|program=4288624|region=3
I 2020-11-14 03:45:32.159351 [BNLogin] {Main} Logged into Battle.net successfully. |bnet=1:0:1d9e1af|game=2:300417070:231dae0
D 2020-11-14 03:45:32.330876 [GSAccountProvider] {Main} Subscription has been activated. entityId=(Game: KR-D3-38883127)
D 2020-11-14 03:45:32.330898 [GSAccountProvider] {Main} Subscription has been activated. entityId=(Game: KR-Hero-37051421)
D 2020-11-14 03:45:32.330905 [GSAccountProvider] {Main} Subscription has been activated. entityId=(Game: KR-S2-42198050)
D 2020-11-14 03:45:32.330911 [GSAccountProvider] {Main} Received GameTimeRemainingInfo: (Game: KR-S2-42198050) info=
D 2020-11-14 03:45:32.330920 [GSAccountProvider] {Main} Subscription has been activated. entityId=(Game: XX-Pro-34712062)
D 2020-11-14 03:45:32.330925 [GSAccountProvider] {Main} Subscription has been activated. entityId=(Game: KR-S1-71740860)
D 2020-11-14 03:45:32.330930 [GSAccountProvider] {Main} Subscription has been activated. entityId=(Game: US-S2-76229865)
D 2020-11-14 03:45:32.330937 [GSAccountProvider] {Main} Subscription has been activated. entityId=(Game: US-Hero-556524028)
D 2020-11-14 03:45:32.330942 [GSAccountProvider] {Main} Subscription has been activated. entityId=(Game: KR-ODIN-1308195690)
D 2020-11-14 03:45:32.330947 [GSAccountProvider] {Main} Subscription has been activated. entityId=(Game: US-Pro-152758522)
D 2020-11-14 03:45:32.330964 [GSAccountProvider] {Main} Subscription has been activated. entityId=(BNet: 1:0:1d9e1af)
D 2020-11-14 03:45:32.330973 [GSAccountProvider] {Main} Querying game accounts for region: EU
D 2020-11-14 03:45:32.330980 [GSAccountProvider] {Main} Querying game accounts for region: SG
D 2020-11-14 03:45:32.330985 [GSAccountProvider] {Main} Querying game accounts for region: GLOBAL
D 2020-11-14 03:45:32.330993 [GSAccountProvider] {Main} Subscription has been activated. entityId=(Game: KR-VIPR-86814387)
D 2020-11-14 03:45:32.330997 [GSAccountProvider] {Main} Received GameTimeRemainingInfo: (Game: KR-S1-71740860) info=
D 2020-11-14 03:45:32.331002 [GSAccountProvider] {Main} Subscription has been activated. entityId=(Game: XX-Hero-39247750)
D 2020-11-14 03:45:32.331007 [GSAccountProvider] {Main} Subscription has been activated. entityId=(Game: KR-W3-1314312515)
D 2020-11-14 03:45:32.331012 [GSAccountProvider] {Main} Subscription has been activated. entityId=(Game: US-S1-556634432)
D 2020-11-14 03:45:32.331016 [GSAccountProvider] {Main} Received GameTimeRemainingInfo: (Game: KR-Hero-37051421) info=
D 2020-11-14 03:45:32.331022 [GSAccountProvider] {Main} Subscription has been activated. entityId=(Game: KR-Pro-47984319)
D 2020-11-14 03:45:32.331027 [GSAccountProvider] {Main} Subscription has been activated. entityId=(Game: KR-DST2-85197619)
D 2020-11-14 03:45:32.331031 [GSAccountProvider] {Main} Subscription has been activated. entityId=(Game: KR-WTCG-36489783)
D 2020-11-14 03:45:32.331036 [GSAccountProvider] {Main} Received GameTimeRemainingInfo: (Game: KR-ODIN-1308195690) info=
D 2020-11-14 03:45:32.331041 [GSAccountProvider] {Main} Received GameTimeRemainingInfo: (Game: KR-WoW-24772756) info=
D 2020-11-14 03:45:32.331046 [GSAccountProvider] {Main} Received GameTimeRemainingInfo: (Game: KR-DST2-85197619) info=
D 2020-11-14 03:45:32.331050 [GSAccountProvider] {Main} Received GameTimeRemainingInfo: (Game: KR-WTCG-36489783) info=
D 2020-11-14 03:45:32.331054 [GSAccountProvider] {Main} Received GameTimeRemainingInfo: (Game: KR-D3-38883127) info=
D 2020-11-14 03:45:32.331059 [GSAccountProvider] {Main} Received GameTimeRemainingInfo: (Game: KR-W3-1314312515) info=
D 2020-11-14 03:45:32.331064 [GSAccountProvider] {Main} Subscription has been activated. entityId=(Game: KR-WoW-24772756)
D 2020-11-14 03:45:32.331069 [GSAccountProvider] {Main} Received GameTimeRemainingInfo: (Game: KR-Pro-47984319) info=
D 2020-11-14 03:45:32.331073 [GSAccountProvider] {Main} Received GameTimeRemainingInfo: (Game: KR-VIPR-86814387) info=
D 2020-11-14 03:45:32.349116 [GSAccountProvider] {Main} Region 'EU' has no game accounts.
D 2020-11-14 03:45:32.349141 [GSAccountProvider] {Main} Region 'SG' has no game accounts.
D 2020-11-14 03:45:32.349147 [GSAccountProvider] {Main} Region 'GLOBAL' has no game accounts.
I 2020-11-14 03:45:32.349152 [GSStateTracker] {Main} All region requests have been completed!
I 2020-11-14 03:45:32.349158 [GSStateTracker] {Main} State changed to: WaitingForEntitlements
D 2020-11-14 03:45:32.349181 [GSAccountProvider] {Main} Completed initial load.
D 2020-11-14 03:45:32.349186 [GSAccountProvider] {Main} Querying game status for program id: D3
D 2020-11-14 03:45:32.349197 [GSAccountProvider] {Main} Querying game status for program id: S1
D 2020-11-14 03:45:32.349202 [GSAccountProvider] {Main} Querying game status for program id: S2
D 2020-11-14 03:45:32.349207 [GSAccountProvider] {Main} Querying game status for program id: W3
D 2020-11-14 03:45:32.349211 [GSAccountProvider] {Main} Querying game status for program id: Fen
D 2020-11-14 03:45:32.349215 [GSAccountProvider] {Main} Querying game status for program id: Pro
D 2020-11-14 03:45:32.349219 [GSAccountProvider] {Main} Querying game status for program id: AUKS
D 2020-11-14 03:45:32.349223 [GSAccountProvider] {Main} Querying game status for program id: D3CN
D 2020-11-14 03:45:32.349226 [GSAccountProvider] {Main} Querying game status for program id: DST2
D 2020-11-14 03:45:32.349230 [GSAccountProvider] {Main} Querying game status for program id: FORE
D 2020-11-14 03:45:32.349233 [GSAccountProvider] {Main} Querying game status for program id: Hero
D 2020-11-14 03:45:32.349237 [GSAccountProvider] {Main} Querying game status for program id: LAZR
D 2020-11-14 03:45:32.349241 [GSAccountProvider] {Main} Querying game status for program id: ODIN
D 2020-11-14 03:45:32.349244 [GSAccountProvider] {Main} Querying game status for program id: VIPR
D 2020-11-14 03:45:32.349248 [GSAccountProvider] {Main} Querying game status for program id: WTCG
D 2020-11-14 03:45:32.349252 [GSAccountProvider] {Main} Querying game status for program id: ZEUS
D 2020-11-14 03:45:32.349333 [GSAccountProvider] {Main} Querying game status for entity Id: (Game: KR-WoW-24772756)
D 2020-11-14 03:45:32.349344 [GSAccountProvider] {Main} Querying game status for entity Id: (Game: KR-WoW-24772756)
I 2020-11-14 03:45:32.359554 [GSStateTracker] {Main} State changed to: Ready
I 2020-11-14 03:45:32.359630 [GSAccountProvider] {Main} Loaded accounts: 19
I 2020-11-14 03:45:32.359642 [GSAccountProvider] {Main} [D3-D3:retail]
I 2020-11-14 03:45:32.359650 [GSAccountProvider] {Main} [ODIN-ODIN:retail]
I 2020-11-14 03:45:32.359655 [GSAccountProvider] {Main} [S2-S2:retail]
I 2020-11-14 03:45:32.359660 [GSAccountProvider] {Main} [WTCG-WTCG:retail]
I 2020-11-14 03:45:32.359665 [GSAccountProvider] {Main} [S2-S2:ptr]
I 2020-11-14 03:45:32.359669 [GSAccountProvider] {Main} [Pro-Pro:ptr]
I 2020-11-14 03:45:32.359673 [GSAccountProvider] {Main} [S1-S1:retail]
I 2020-11-14 03:45:32.359677 [GSAccountProvider] {Main} [S1-S1:ptr]
I 2020-11-14 03:45:32.359680 [GSAccountProvider] {Main} [W3-W3:ptr]
I 2020-11-14 03:45:32.359685 [GSAccountProvider] {Main} [WoW-WoW:wow_classic r:KR n:WoW1 e:2:300576f57:17a0094]
I 2020-11-14 03:45:32.359709 [GSAccountProvider] {Main} [WoW-WoW:retail r:KR n:WoW1 e:2:300576f57:17a0094]
I 2020-11-14 03:45:32.359718 [GSAccountProvider] {Main} [Pro-Pro:retail]
I 2020-11-14 03:45:32.359724 [GSAccountProvider] {Main} [Hero-Hero:ptr]
I 2020-11-14 03:45:32.359727 [GSAccountProvider] {Main} [Pro-Pro:ow_worldcup_viewer]
I 2020-11-14 03:45:32.359731 [GSAccountProvider] {Main} [Pro-Pro:ow_tournament_viewer_1]
I 2020-11-14 03:45:32.359735 [GSAccountProvider] {Main} [Pro-Pro:ow_tournament_viewer_2]
I 2020-11-14 03:45:32.359738 [GSAccountProvider] {Main} [Hero-Hero:retail]
I 2020-11-14 03:45:32.359742 [GSAccountProvider] {Main} [ODIN-ODIN_MW:beta]
I 2020-11-14 03:45:32.359745 [GSAccountProvider] {Main} [ZEUS-ZEUS:beta]
I 2020-11-14 03:45:32.359750 [AccountManager] {Main} Account manager state has changed to: Ready
I 2020-11-14 03:45:32.359958 [GameProvider] {Main} Beginning GameProvider initialization.
D 2020-11-14 03:45:32.359995 [GameProvider] {Main} Inserting new unbound entity because no suitable match was found. uniqueId=Hero_retail
D 2020-11-14 03:45:32.360051 [GameProvider] {Main} Inserting new unbound entity because no suitable match was found. uniqueId=AUKS_retail
D 2020-11-14 03:45:32.360240 [GameProvider] {Main} Inserting new unbound entity because no suitable match was found. uniqueId=D3_retail
D 2020-11-14 03:45:32.360324 [GameProvider] {Main} Inserting new unbound entity because no suitable match was found. uniqueId=D3CN_retail
D 2020-11-14 03:45:32.360388 [GameProvider] {Main} Inserting new unbound entity because no suitable match was found. uniqueId=FORE_retail
D 2020-11-14 03:45:32.360448 [GameProvider] {Main} Inserting new unbound entity because no suitable match was found. uniqueId=Fen_retail
D 2020-11-14 03:45:32.360502 [GameProvider] {Main} Inserting new unbound entity because no suitable match was found. uniqueId=LAZR_retail
D 2020-11-14 03:45:32.360567 [GameProvider] {Main} Inserting new unbound entity because no suitable match was found. uniqueId=ODIN_retail
D 2020-11-14 03:45:32.360638 [GameProvider] {Main} Inserting new unbound entity because no suitable match was found. uniqueId=Pro_retail
D 2020-11-14 03:45:32.360759 [GameProvider] {Main} Inserting new unbound entity because no suitable match was found. uniqueId=S1_retail
D 2020-11-14 03:45:32.360772 [GameProvider] {Main} Inserting new unbound entity because no suitable match was found. uniqueId=S2_retail
D 2020-11-14 03:45:32.360778 [GameProvider] {Main} Inserting new unbound entity because no suitable match was found. uniqueId=VIPR_retail
D 2020-11-14 03:45:32.360838 [GameProvider] {Main} Inserting new unbound entity because no suitable match was found. uniqueId=W3_retail
D 2020-11-14 03:45:32.360893 [GameProvider] {Main} Inserting new unbound entity because no suitable match was found. uniqueId=WTCG_retail
D 2020-11-14 03:45:32.360902 [GameProvider] {Main} Inserting new unbound entity because no suitable match was found. uniqueId=WoW_retail
D 2020-11-14 03:45:32.360966 [GameProvider] {Main} Inserting new unbound entity because no suitable match was found. uniqueId=ZEUS_retail
D 2020-11-14 03:45:32.361032 [GameProvider] {Main} Tried to insert an unbound entity that already exists. productCode=Hero_retail bound=0
D 2020-11-14 03:45:32.361042 [GameProvider] {Main} Tried to insert an unbound entity that already exists. productCode=WTCG_retail bound=0
D 2020-11-14 03:45:32.361047 [GameProvider] {Main} Tried to insert an unbound entity that already exists. productCode=S1_retail bound=0
D 2020-11-14 03:45:32.361052 [GameProvider] {Main} Tried to insert an unbound entity that already exists. productCode=S2_retail bound=0
D 2020-11-14 03:45:32.361072 [GameProvider] {Main} Binding account info to available unbound entity. productCode=D3_retail accountInfo=[D3-D3:retail]
D 2020-11-14 03:45:32.361084 [GameProvider] {Main} Binding account info to available unbound entity. productCode=ODIN_retail accountInfo=[ODIN-ODIN:retail]
D 2020-11-14 03:45:32.361094 [GameProvider] {Main} Binding account info to available unbound entity. productCode=S2_retail accountInfo=[S2-S2:retail]
D 2020-11-14 03:45:32.361104 [GameProvider] {Main} Binding account info to available unbound entity. productCode=WTCG_retail accountInfo=[WTCG-WTCG:retail]
I 2020-11-14 03:45:32.361113 [GameProvider] {Main} Inserting new bound entity because no suitable match was found. accountInfo=[S2-S2:ptr] productId=S2 productType=ptr
I 2020-11-14 03:45:32.361185 [GameProvider] {Main} Inserting new bound entity because no suitable match was found. accountInfo=[Pro-Pro:ptr] productId=Pro productType=ptr
D 2020-11-14 03:45:32.361269 [GameProvider] {Main} Binding account info to available unbound entity. productCode=S1_retail accountInfo=[S1-S1:retail]
I 2020-11-14 03:45:32.361283 [GameProvider] {Main} Inserting new bound entity because no suitable match was found. accountInfo=[S1-S1:ptr] productId=S1 productType=ptr
I 2020-11-14 03:45:32.361468 [GameProvider] {Main} Inserting new bound entity because no suitable match was found. accountInfo=[W3-W3:ptr] productId=W3 productType=ptr
I 2020-11-14 03:45:32.361553 [GameProvider] {Main} Inserting new bound entity because no suitable match was found. accountInfo=[WoW-WoW:wow_classic r:KR n:WoW1 e:2:300576f57:17a0094] productId=WoW productType=wow_classic
D 2020-11-14 03:45:32.361632 [GameProvider] {Main} Binding account info to available unbound entity. productCode=WoW_retail accountInfo=[WoW-WoW:retail r:KR n:WoW1 e:2:300576f57:17a0094]
D 2020-11-14 03:45:32.361647 [GameProvider] {Main} Binding account info to available unbound entity. productCode=Pro_retail accountInfo=[Pro-Pro:retail]
I 2020-11-14 03:45:32.361657 [GameProvider] {Main} Inserting new bound entity because no suitable match was found. accountInfo=[Hero-Hero:ptr] productId=Hero productType=ptr
I 2020-11-14 03:45:32.361736 [GameProvider] {Main} Inserting new bound entity because no suitable match was found. accountInfo=[Pro-Pro:ow_worldcup_viewer] productId=Pro productType=ow_worldcup_viewer
I 2020-11-14 03:45:32.361859 [GameProvider] {Main} Inserting new bound entity because no suitable match was found. accountInfo=[Pro-Pro:ow_tournament_viewer_1] productId=Pro productType=ow_tournament_viewer_1
I 2020-11-14 03:45:32.361968 [GameProvider] {Main} Inserting new bound entity because no suitable match was found. accountInfo=[Pro-Pro:ow_tournament_viewer_2] productId=Pro productType=ow_tournament_viewer_2
D 2020-11-14 03:45:32.362051 [GameProvider] {Main} Binding account info to available unbound entity. productCode=Hero_retail accountInfo=[Hero-Hero:retail]
I 2020-11-14 03:45:32.362063 [GameProvider] {Main} Inserting new bound entity because no suitable match was found. accountInfo=[ODIN-ODIN_MW:beta] productId=ODIN_MW productType=beta
I 2020-11-14 03:45:32.362126 [GameProvider] {Main} Inserting new bound entity because no suitable match was found. accountInfo=[ZEUS-ZEUS:beta] productId=ZEUS productType=beta
I 2020-11-14 03:45:32.362181 [GameProvider] {Main} Game provider is now initialized
I 2020-11-14 03:45:32.362312 [InstallFlow] {Main} FlowController is now initialized
I 2020-11-14 03:45:32.362354 [GameController] {Main} Beginning GameController initialization
D 2020-11-14 03:45:32.362414 [GameController] {Main} Game Family Added: id=W3 visible=0
D 2020-11-14 03:45:32.362508 [ProductState] {Main} Game product state created: uid=w3t
D 2020-11-14 03:45:32.362523 [ProductState] {Main} InstallState (w3t): currentOperation=Install currentOperationStatus=New
I 2020-11-14 03:45:32.362595 [GameController] {Main} GameAccount added to family: family=W3 account=GameAccount(W3:ptr region=XX)
D 2020-11-14 03:45:32.362619 [GameController] {Main} Adding product state reference. uid=w3t refCount=0
D 2020-11-14 03:45:32.362675 [GameController] {Main} Visibility Changed. family=W3 visible=1
D 2020-11-14 03:45:32.363023 [GameController] {Main} Game Family Added: id=AUKS visible=0
D 2020-11-14 03:45:32.363060 [ProductState] {Main} Game product state created: uid=auks
D 2020-11-14 03:45:32.363072 [ProductState] {Main} InstallState (auks): currentOperation=Install currentOperationStatus=New
I 2020-11-14 03:45:32.363117 [GameController] {Main} GameAccount added to family: family=AUKS account=GameAccount(AUKS:retail region=KR unbound hidden)
D 2020-11-14 03:45:32.363133 [GameController] {Main} Adding product state reference. uid=auks refCount=0
D 2020-11-14 03:45:32.363496 [GameController] {Main} Game Family Added: id=Hero visible=0
I 2020-11-14 03:45:32.363631 [GameController] {Main} GameAccount added to family: family=Hero account=GameAccount(Hero:retail region=US)
D 2020-11-14 03:45:32.363649 [GameController] {Main} Adding product state reference. uid=heroes refCount=0
D 2020-11-14 03:45:32.363690 [GameController] {Main} Visibility Changed. family=Hero visible=1
D 2020-11-14 03:45:32.364021 [GameController] {Main} Game Family Added: id=WoW visible=0
D 2020-11-14 03:45:32.364063 [ProductState] {Main} Game product state created: uid=wow_classic
D 2020-11-14 03:45:32.364074 [ProductState] {Main} InstallState (wow_classic): currentOperation=Install currentOperationStatus=New
I 2020-11-14 03:45:32.364116 [GameController] {Main} GameAccount added to family: family=WoW account=GameAccount(WoW:wow_classic region=KR entity=2:300576f57:17a0094 name=WoW1)
D 2020-11-14 03:45:32.364141 [GameController] {Main} Adding product state reference. uid=wow_classic refCount=0
D 2020-11-14 03:45:32.364185 [GameController] {Main} Visibility Changed. family=WoW visible=1
D 2020-11-14 03:45:32.364534 [GameController] {Main} Game Family Added: id=D3 visible=0
D 2020-11-14 03:45:32.364579 [ProductState] {Main} Game product state created: uid=diablo3
D 2020-11-14 03:45:32.364591 [ProductState] {Main} InstallState (diablo3): currentOperation=Install currentOperationStatus=New
I 2020-11-14 03:45:32.364642 [GameController] {Main} GameAccount added to family: family=D3 account=GameAccount(D3:retail region=KR)
D 2020-11-14 03:45:32.364661 [GameController] {Main} Adding product state reference. uid=diablo3 refCount=0
D 2020-11-14 03:45:32.364704 [GameController] {Main} Visibility Changed. family=D3 visible=1
D 2020-11-14 03:45:32.365061 [GameController] {Main} Game Family Added: id=S1 visible=0
D 2020-11-14 03:45:32.365104 [ProductState] {Main} Game product state created: uid=s1_ptr
D 2020-11-14 03:45:32.365115 [ProductState] {Main} InstallState (s1_ptr): currentOperation=Install currentOperationStatus=New
I 2020-11-14 03:45:32.365161 [GameController] {Main} GameAccount added to family: family=S1 account=GameAccount(S1:ptr region=XX)
D 2020-11-14 03:45:32.365177 [GameController] {Main} Adding product state reference. uid=s1_ptr refCount=0
D 2020-11-14 03:45:32.365220 [GameController] {Main} Visibility Changed. family=S1 visible=1
D 2020-11-14 03:45:32.365553 [GameController] {Main} Game Family Added: id=ODIN visible=0
D 2020-11-14 03:45:32.365616 [ProductState] {Main} Game product state created: uid=odin
D 2020-11-14 03:45:32.365630 [ProductState] {Main} InstallState (odin): currentOperation=Install currentOperationStatus=New
I 2020-11-14 03:45:32.365677 [GameController] {Main} GameAccount added to family: family=ODIN account=GameAccount(ODIN:retail region=KR)
D 2020-11-14 03:45:32.365695 [GameController] {Main} Adding product state reference. uid=odin refCount=0
D 2020-11-14 03:45:32.365736 [GameController] {Main} Visibility Changed. family=ODIN visible=1
D 2020-11-14 03:45:32.366066 [GameController] {Main} Game Family Added: id=D3CN visible=0
D 2020-11-14 03:45:32.366102 [ProductState] {Main} Game product state created: uid=d3cn
D 2020-11-14 03:45:32.366113 [ProductState] {Main} InstallState (d3cn): currentOperation=Install currentOperationStatus=New
I 2020-11-14 03:45:32.366154 [GameController] {Main} GameAccount added to family: family=D3CN account=GameAccount(D3CN:retail region=<none> unbound hidden)
D 2020-11-14 03:45:32.366181 [GameController] {Main} Adding product state reference. uid=d3cn refCount=0
D 2020-11-14 03:45:32.366546 [GameController] {Main} Game Family Added: id=FORE visible=0
D 2020-11-14 03:45:32.366583 [ProductState] {Main} Game product state created: uid=fore
D 2020-11-14 03:45:32.366593 [ProductState] {Main} InstallState (fore): currentOperation=Install currentOperationStatus=New
I 2020-11-14 03:45:32.366637 [GameController] {Main} GameAccount added to family: family=FORE account=GameAccount(FORE:retail region=KR unbound hidden)
D 2020-11-14 03:45:32.366654 [GameController] {Main} Adding product state reference. uid=fore refCount=0
D 2020-11-14 03:45:32.367040 [GameController] {Main} Game Family Added: id=LAZR visible=0
D 2020-11-14 03:45:32.367104 [ProductState] {Main} Game product state created: uid=lazarus
D 2020-11-14 03:45:32.367116 [ProductState] {Main} InstallState (lazarus): currentOperation=Install currentOperationStatus=New
I 2020-11-14 03:45:32.367161 [GameController] {Main} GameAccount added to family: family=LAZR account=GameAccount(LAZR:retail region=KR unbound)
D 2020-11-14 03:45:32.367177 [GameController] {Main} Adding product state reference. uid=lazarus refCount=0
D 2020-11-14 03:45:32.367220 [GameController] {Main} Visibility Changed. family=LAZR visible=1
D 2020-11-14 03:45:32.367552 [GameController] {Main} Game Family Added: id=Pro visible=0
D 2020-11-14 03:45:32.367598 [ProductState] {Main} Game product state created: uid=prometheus_viewer
D 2020-11-14 03:45:32.367609 [ProductState] {Main} InstallState (prometheus_viewer): currentOperation=Install currentOperationStatus=New
I 2020-11-14 03:45:32.367675 [GameController] {Main} GameAccount added to family: family=Pro account=GameAccount(Pro:ow_worldcup_viewer region=US hidden)
D 2020-11-14 03:45:32.367693 [GameController] {Main} Adding product state reference. uid=prometheus_viewer refCount=0
D 2020-11-14 03:45:32.368105 [GameController] {Main} Game Family Added: id=Fen visible=0
D 2020-11-14 03:45:32.368143 [ProductState] {Main} Game product state created: uid=fenris
D 2020-11-14 03:45:32.368154 [ProductState] {Main} InstallState (fenris): currentOperation=Install currentOperationStatus=New
I 2020-11-14 03:45:32.368198 [GameController] {Main} GameAccount added to family: family=Fen account=GameAccount(Fen:retail region=KR unbound hidden)
D 2020-11-14 03:45:32.368215 [GameController] {Main} Adding product state reference. uid=fenris refCount=0
D 2020-11-14 03:45:32.368593 [ProductState] {Main} Game product state created: uid=prometheus
D 2020-11-14 03:45:32.368605 [ProductState] {Main} InstallState (prometheus): currentOperation=Install currentOperationStatus=New
I 2020-11-14 03:45:32.368651 [GameController] {Main} GameAccount added to family: family=Pro account=GameAccount(Pro:retail region=US)
D 2020-11-14 03:45:32.368669 [GameController] {Main} Adding product state reference. uid=prometheus refCount=0
D 2020-11-14 03:45:32.368711 [GameController] {Main} Visibility Changed. family=Pro visible=1
I 2020-11-14 03:45:32.369156 [GameController] {Main} GameAccount added to family: family=S1 account=GameAccount(S1:retail region=US)
D 2020-11-14 03:45:32.369174 [GameController] {Main} Adding product state reference. uid=s1 refCount=0
D 2020-11-14 03:45:32.369537 [GameController] {Main} Game Family Added: id=S2 visible=0
I 2020-11-14 03:45:32.369686 [GameController] {Main} GameAccount added to family: family=S2 account=GameAccount(S2:retail region=KR)
D 2020-11-14 03:45:32.369701 [GameController] {Main} Adding product state reference. uid=s2 refCount=0
D 2020-11-14 03:45:32.369738 [GameController] {Main} Visibility Changed. family=S2 visible=1
D 2020-11-14 03:45:32.370069 [GameController] {Main} Game Family Added: id=VIPR visible=0
D 2020-11-14 03:45:32.370109 [ProductState] {Main} Game product state created: uid=viper
D 2020-11-14 03:45:32.370120 [ProductState] {Main} InstallState (viper): currentOperation=Install currentOperationStatus=New
I 2020-11-14 03:45:32.370165 [GameController] {Main} GameAccount added to family: family=VIPR account=GameAccount(VIPR:retail region=KR unbound)
D 2020-11-14 03:45:32.370180 [GameController] {Main} Adding product state reference. uid=viper refCount=0
D 2020-11-14 03:45:32.370222 [GameController] {Main} Visibility Changed. family=VIPR visible=1
D 2020-11-14 03:45:32.370562 [ProductState] {Main} Game product state created: uid=w3
D 2020-11-14 03:45:32.370573 [ProductState] {Main} InstallState (w3): currentOperation=Install currentOperationStatus=New
I 2020-11-14 03:45:32.370619 [GameController] {Main} GameAccount added to family: family=W3 account=GameAccount(W3:retail region=KR unbound)
D 2020-11-14 03:45:32.370634 [GameController] {Main} Adding product state reference. uid=w3 refCount=0
D 2020-11-14 03:45:32.370998 [GameController] {Main} Game Family Added: id=WTCG visible=0
I 2020-11-14 03:45:32.371022 [GameController] {Main} GameAccount added to family: family=WTCG account=GameAccount(WTCG:retail region=KR)
D 2020-11-14 03:45:32.371038 [GameController] {Main} Adding product state reference. uid=hs_beta refCount=0
D 2020-11-14 03:45:32.371075 [GameController] {Main} Visibility Changed. family=WTCG visible=1
D 2020-11-14 03:45:32.371423 [ProductState] {Main} Game product state created: uid=wow
D 2020-11-14 03:45:32.371435 [ProductState] {Main} InstallState (wow): currentOperation=Install currentOperationStatus=New
I 2020-11-14 03:45:32.371474 [GameController] {Main} GameAccount added to family: family=WoW account=GameAccount(WoW:retail region=KR entity=2:300576f57:17a0094 name=WoW1)
D 2020-11-14 03:45:32.371498 [GameController] {Main} Adding product state reference. uid=wow refCount=0
D 2020-11-14 03:45:32.371866 [GameController] {Main} Game Family Added: id=ZEUS visible=0
D 2020-11-14 03:45:32.376322 [ProductState] {Main} Game product state created: uid=zeus
D 2020-11-14 03:45:32.376413 [ProductState] {Main} InstallState (zeus): currentOperation=Install currentOperationStatus=New
I 2020-11-14 03:45:32.376690 [GameController] {Main} GameAccount added to family: family=ZEUS account=GameAccount(ZEUS:retail region=KR unbound)
D 2020-11-14 03:45:32.376734 [GameController] {Main} Adding product state reference. uid=zeus refCount=0
D 2020-11-14 03:45:32.376856 [GameController] {Main} Visibility Changed. family=ZEUS visible=1
D 2020-11-14 03:45:32.377277 [ProductState] {Main} Game product state created: uid=s2_ptr
D 2020-11-14 03:45:32.377289 [ProductState] {Main} InstallState (s2_ptr): currentOperation=Install currentOperationStatus=New
I 2020-11-14 03:45:32.377351 [GameController] {Main} GameAccount added to family: family=S2 account=GameAccount(S2:ptr region=XX)
D 2020-11-14 03:45:32.377368 [GameController] {Main} Adding product state reference. uid=s2_ptr refCount=0
D 2020-11-14 03:45:32.377757 [ProductState] {Main} Game product state created: uid=prometheus_test
D 2020-11-14 03:45:32.377769 [ProductState] {Main} InstallState (prometheus_test): currentOperation=Install currentOperationStatus=New
I 2020-11-14 03:45:32.377812 [GameController] {Main} GameAccount added to family: family=Pro account=GameAccount(Pro:ptr region=XX)
D 2020-11-14 03:45:32.377832 [GameController] {Main} Adding product state reference. uid=prometheus_test refCount=0
D 2020-11-14 03:45:32.378238 [ProductState] {Main} Game product state created: uid=heroes_ptr
D 2020-11-14 03:45:32.378250 [ProductState] {Main} InstallState (heroes_ptr): currentOperation=Install currentOperationStatus=New
I 2020-11-14 03:45:32.378293 [GameController] {Main} GameAccount added to family: family=Hero account=GameAccount(Hero:ptr region=XX)
D 2020-11-14 03:45:32.378316 [GameController] {Main} Adding product state reference. uid=heroes_ptr refCount=0
D 2020-11-14 03:45:32.378709 [ProductState] {Main} Game product state created: uid=prometheus_tournament_viewer
D 2020-11-14 03:45:32.378723 [ProductState] {Main} InstallState (prometheus_tournament_viewer): currentOperation=Install currentOperationStatus=New
I 2020-11-14 03:45:32.378768 [GameController] {Main} GameAccount added to family: family=Pro account=GameAccount(Pro:ow_tournament_viewer_1 region=US)
D 2020-11-14 03:45:32.378791 [GameController] {Main} Adding product state reference. uid=prometheus_tournament_viewer refCount=0
D 2020-11-14 03:45:32.379238 [ProductState] {Main} Game product state created: uid=prometheus_tournament_viewer_2
D 2020-11-14 03:45:32.379252 [ProductState] {Main} InstallState (prometheus_tournament_viewer_2): currentOperation=Install currentOperationStatus=New
I 2020-11-14 03:45:32.379308 [GameController] {Main} GameAccount added to family: family=Pro account=GameAccount(Pro:ow_tournament_viewer_2 region=US)
D 2020-11-14 03:45:32.379333 [GameController] {Main} Adding product state reference. uid=prometheus_tournament_viewer_2 refCount=0
D 2020-11-14 03:45:32.379784 [ProductState] {Main} Game product state created: uid=odin_beta
D 2020-11-14 03:45:32.379797 [ProductState] {Main} InstallState (odin_beta): currentOperation=Install currentOperationStatus=New
I 2020-11-14 03:45:32.379879 [GameController] {Main} GameAccount added to family: family=ODIN account=GameAccount(ODIN:beta region=KR hidden)
D 2020-11-14 03:45:32.379895 [GameController] {Main} Adding product state reference. uid=odin_beta refCount=0
D 2020-11-14 03:45:32.380281 [ProductState] {Main} Game product state created: uid=zeus_beta
D 2020-11-14 03:45:32.380294 [ProductState] {Main} InstallState (zeus_beta): currentOperation=Install currentOperationStatus=New
I 2020-11-14 03:45:32.380350 [GameController] {Main} GameAccount added to family: family=ZEUS account=GameAccount(ZEUS:beta region=KR hidden)
D 2020-11-14 03:45:32.380364 [GameController] {Main} Adding product state reference. uid=zeus_beta refCount=0
I 2020-11-14 03:45:32.390577 [GameController] {Main} Setting default selections for game controller
D 2020-11-14 03:45:32.390602 [GameController] {Main} Picked default selection by type for product group: FORE account=GameAccount(null)
D 2020-11-14 03:45:32.390613 [GameController] {Main} Picked default selection by type for product group: Fen account=GameAccount(null)
D 2020-11-14 03:45:32.390627 [GameController] {Main} Picked default selection by type for product group: WoW account=GameAccount(WoW:retail region=KR entity=2:300576f57:17a0094 name=WoW1)
D 2020-11-14 03:45:32.391795 [GameController] {Main} New selection for product group WoW: account=GameAccount(WoW:retail region=KR entity=2:300576f57:17a0094 name=WoW1) selectedItem=
D 2020-11-14 03:45:32.391985 [RemoteContentCache] {Main} Found cached remote content. url=https://nydus.battle.net/App/koKR/client/WoW/alert?targetRegion=KR
D 2020-11-14 03:45:32.392017 [GameController] {Main} Picked default selection by type for product group: S1 account=GameAccount(S1:retail region=US)
D 2020-11-14 03:45:32.393349 [GameController] {Main} New selection for product group S1: account=GameAccount(S1:retail region=US) selectedItem=
D 2020-11-14 03:45:32.393493 [RemoteContentCache] {Main} Found cached remote content. url=https://nydus.battle.net/App/koKR/client/S1/alert?targetRegion=US
D 2020-11-14 03:45:32.393518 [GameController] {Main} Picked default selection by type for product group: S2 account=GameAccount(S2:retail region=KR)
D 2020-11-14 03:45:32.394842 [GameController] {Main} Selected region change: GameAccount(S2:retail region=KR)
D 2020-11-14 03:45:32.394855 [GameController] {Main} Region changed for selected game account: GameAccount(S2:retail region=KR)
D 2020-11-14 03:45:32.394991 [RemoteContentCache] {Main} Found cached remote content. url=https://nydus.battle.net/App/koKR/client/S2/alert?targetRegion=KR
D 2020-11-14 03:45:32.395013 [GameController] {Main} New selection for product group S2: account=GameAccount(S2:retail region=KR) selectedItem= II
D 2020-11-14 03:45:32.395040 [GameController] {Main} Picked default selection by type for product group: W3 account=GameAccount(W3:retail region=KR unbound)
D 2020-11-14 03:45:32.396360 [GameController] {Main} Selected region change: GameAccount(W3:retail region=KR unbound)
D 2020-11-14 03:45:32.396374 [GameController] {Main} Region changed for selected game account: GameAccount(W3:retail region=KR unbound)
D 2020-11-14 03:45:32.396508 [RemoteContentCache] {Main} Found cached remote content. url=https://nydus.battle.net/App/koKR/client/war3r/alert?targetRegion=KR
D 2020-11-14 03:45:32.396529 [GameController] {Main} New selection for product group W3: account=GameAccount(W3:retail region=KR unbound) selectedItem= III
D 2020-11-14 03:45:32.396552 [GameController] {Main} Picked default selection by type for product group: VIPR account=GameAccount(VIPR:retail region=KR unbound)
D 2020-11-14 03:45:32.397747 [GameController] {Main} Selected region change: GameAccount(VIPR:retail region=KR unbound)
D 2020-11-14 03:45:32.397761 [GameController] {Main} Region changed for selected game account: GameAccount(VIPR:retail region=KR unbound)
D 2020-11-14 03:45:32.397897 [RemoteContentCache] {Main} Found cached remote content. url=https://nydus.battle.net/App/koKR/client/VIPR/alert?targetRegion=KR
D 2020-11-14 03:45:32.397917 [GameController] {Main} New selection for product group VIPR: account=GameAccount(VIPR:retail region=KR unbound) selectedItem=  :   4
D 2020-11-14 03:45:32.397940 [GameController] {Main} Picked default selection by type for product group: Pro account=GameAccount(Pro:retail region=US)
D 2020-11-14 03:45:32.399586 [GameController] {Main} New selection for product group Pro: account=GameAccount(Pro:retail region=US) selectedItem=
D 2020-11-14 03:45:32.399724 [RemoteContentCache] {Main} Found cached remote content. url=https://nydus.battle.net/App/koKR/client/overwatch/alert?targetRegion=US
D 2020-11-14 03:45:32.399751 [GameController] {Main} Picked default selection by type for product group: D3CN account=GameAccount(null)
D 2020-11-14 03:45:32.399763 [GameController] {Main} Picked default selection by type for product group: LAZR account=GameAccount(LAZR:retail region=KR unbound)
D 2020-11-14 03:45:32.400932 [GameController] {Main} Selected region change: GameAccount(LAZR:retail region=KR unbound)
D 2020-11-14 03:45:32.400946 [GameController] {Main} Region changed for selected game account: GameAccount(LAZR:retail region=KR unbound)
D 2020-11-14 03:45:32.401076 [RemoteContentCache] {Main} Found cached remote content. url=https://nydus.battle.net/App/koKR/client/lazr/alert?targetRegion=KR
D 2020-11-14 03:45:32.401094 [GameController] {Main} New selection for product group LAZR: account=GameAccount(LAZR:retail region=KR unbound) selectedItem=  :   2  
D 2020-11-14 03:45:32.401119 [GameController] {Main} Picked default selection by type for product group: WTCG account=GameAccount(WTCG:retail region=KR)
D 2020-11-14 03:45:32.402318 [GameController] {Main} Selected region change: GameAccount(WTCG:retail region=KR)
D 2020-11-14 03:45:32.402331 [GameController] {Main} Region changed for selected game account: GameAccount(WTCG:retail region=KR)
D 2020-11-14 03:45:32.402463 [RemoteContentCache] {Main} Found cached remote content. url=https://nydus.battle.net/App/koKR/client/WTCG/alert?targetRegion=KR
D 2020-11-14 03:45:32.402490 [GameController] {Main} New selection for product group WTCG: account=GameAccount(WTCG:retail region=KR) selectedItem=
D 2020-11-14 03:45:32.402511 [GameController] {Main} Picked default selection by type for product group: ZEUS account=GameAccount(ZEUS:retail region=KR unbound)
D 2020-11-14 03:45:32.403701 [GameController] {Main} Selected region change: GameAccount(ZEUS:retail region=KR unbound)
D 2020-11-14 03:45:32.403715 [GameController] {Main} Region changed for selected game account: GameAccount(ZEUS:retail region=KR unbound)
D 2020-11-14 03:45:32.403849 [RemoteContentCache] {Main} Found cached remote content. url=https://nydus.battle.net/App/koKR/client/zeus/alert?targetRegion=KR
D 2020-11-14 03:45:32.403868 [GameController] {Main} New selection for product group ZEUS: account=GameAccount(ZEUS:retail region=KR unbound) selectedItem=  :    
D 2020-11-14 03:45:32.403893 [GameController] {Main} Picked default selection by type for product group: Hero account=GameAccount(Hero:retail region=US)
D 2020-11-14 03:45:32.405215 [GameController] {Main} New selection for product group Hero: account=GameAccount(Hero:retail region=US) selectedItem=   
D 2020-11-14 03:45:32.405353 [RemoteContentCache] {Main} Found cached remote content. url=https://nydus.battle.net/App/koKR/client/Hero/alert?targetRegion=US
D 2020-11-14 03:45:32.405376 [GameController] {Main} Picked default selection by type for product group: AUKS account=GameAccount(null)
D 2020-11-14 03:45:32.405388 [GameController] {Main} Picked default selection by type for product group: D3 account=GameAccount(D3:retail region=KR)
D 2020-11-14 03:45:32.406560 [GameController] {Main} Selected region change: GameAccount(D3:retail region=KR)
D 2020-11-14 03:45:32.406575 [GameController] {Main} Region changed for selected game account: GameAccount(D3:retail region=KR)
D 2020-11-14 03:45:32.406709 [RemoteContentCache] {Main} Found cached remote content. url=https://nydus.battle.net/App/koKR/client/D3/alert?targetRegion=KR
D 2020-11-14 03:45:32.406730 [GameController] {Main} New selection for product group D3: account=GameAccount(D3:retail region=KR) selectedItem= III
D 2020-11-14 03:45:32.406754 [GameController] {Main} Picked default selection by type for product group: ODIN account=GameAccount(ODIN:retail region=KR)
D 2020-11-14 03:45:32.407930 [GameController] {Main} Selected region change: GameAccount(ODIN:retail region=KR)
D 2020-11-14 03:45:32.407945 [GameController] {Main} Region changed for selected game account: GameAccount(ODIN:retail region=KR)
D 2020-11-14 03:45:32.408082 [RemoteContentCache] {Main} Found cached remote content. url=https://nydus.battle.net/App/koKR/client/odin/alert?targetRegion=KR
D 2020-11-14 03:45:32.408103 [GameController] {Main} New selection for product group ODIN: account=GameAccount(ODIN:retail region=KR) selectedItem=  :  
I 2020-11-14 03:45:32.408173 [GameController] {Main} Selecting game by uid. uid=hs_beta prioritizeUpdate=1
D 2020-11-14 03:45:32.408191 [GameController] {Main} Active family set to: WTCG
W 2020-11-14 03:45:32.408204 [Main] {Main} Missing product when attempting to update for account change
D 2020-11-14 03:45:32.429391 [GameController] {Main} Active product set to: WTCG_retail
I 2020-11-14 03:45:32.432881 [GameController] {Main} Prioritize Update: uid=hs_beta
I 2020-11-14 03:45:32.514998 [GameController] {Main} GameController initialization complete
I 2020-11-14 03:45:32.515300 [StartupGameSearch] {Main} Skipping automated search for unregistered games
W 2020-11-14 03:45:32.515310 [InstallManager] {Main} Skipping search for unregistered games.
I 2020-11-14 03:45:32.515314 [InstallManager] {Main} Searching for unregistered games finished.
I 2020-11-14 03:45:32.515335 [StartupGameSearch] {Main} Completed automated search for unregistered games
I 2020-11-14 03:45:32.515341 [InstallFlow] {Main} No longer waiting for game registration search to complete.
I 2020-11-14 03:45:32.516923 [BAPIGateway] {Main} Processing request queue, count: 2
D 2020-11-14 03:45:32.516941 [BAPIGateway] {Main} API request: https://kr.api.blizzard.com/OptInService/v1/GetAccountLegalConsentOptIns
D 2020-11-14 03:45:32.520195 [BAPIGateway] {Main} API request: https://kr.api.blizzard.com/AccountInventoryService/v1/GetNewInventoryItemCount
D 2020-11-14 03:45:32.523080 [GSAccountProvider] {Main} Completed final load.
I 2020-11-14 03:45:32.683792 [ChannelV2] {Main} ChannelV2 membership subscription created.
I 2020-11-14 03:45:32.683816 [Clubs] {Main} Club membership subscription created: |accountId=|id=31056303
D 2020-11-14 03:45:33.626085 [BAPIGateway] {Main} API response: OK content={"error":null,"newCount":0,"totalCount":0}
D 2020-11-14 03:45:33.626194 [InventoryController] {Main} Inventory changed, new: 0 total: 0
D 2020-11-14 03:45:33.659455 [BAPIGateway] {Main} API response: OK content={"error":null,"optInSelections":[{"typeId":21,"isOptedIn":true},{"typeId":22,"isOptedIn":true},{"typeId":24,"isOptedIn":true},{"typeId":29,"isOptedIn":false}]}
I 2020-11-14 03:45:33.785619 [GameSessionList] {Agent} Reporting process: TrackingInfo(uid=battle.net, type=game, opStatus=On, reqId=0, running=3, oldRunning=4)
I 2020-11-14 03:45:33.792750 [InstallManager] {Main} Setting Process Running: true uid=battle.net binaryType=game any=true
I 2020-11-14 03:45:36.800202 [GameSessionList] {Agent} Reporting process: TrackingInfo(uid=battle.net, type=game, opStatus=On, reqId=0, running=4, oldRunning=3)
I 2020-11-14 03:45:36.808410 [InstallManager] {Main} Setting Process Running: true uid=battle.net binaryType=game any=true
W 2020-11-14 03:45:44.725758 [Qt] {Main} QLayout: Attempting to add QLayout "" to Phoenix::AppearOfflineMessageBox "appearOfflineMessageBox", which already has a layout
E 2020-11-14 03:45:45.241747 [BNSocialNetwork] {Main} Error response for BGS Facebook friend list. error=ERROR_SOCIAL_NETWORK_NO_ACCOUNT_DATA (9005)
D 2020-11-14 03:46:04.710473 [GameController] {Main} Selecting game family by id: WoW
D 2020-11-14 03:46:04.710504 [GameController] {Main} Active family set to: WoW
D 2020-11-14 03:46:04.749271 [GameController] {Main} Active product set to: WoW_retail
D 2020-11-14 03:46:05.026227 [GameController] {Main} Selecting game family by id: Pro
D 2020-11-14 03:46:05.026255 [GameController] {Main} Active family set to: Pro
D 2020-11-14 03:46:05.055518 [GameController] {Main} Active product set to: Pro_retail
D 2020-11-14 03:46:05.831863 [GameController] {Main} Selecting game family by id: Hero
D 2020-11-14 03:46:05.831904 [GameController] {Main} Active family set to: Hero
D 2020-11-14 03:46:05.881777 [GameController] {Main} Active product set to: Hero_retail
D 2020-11-14 03:46:14.004170 [GameController] {Main} Selecting game family by id: S2
D 2020-11-14 03:46:14.004209 [GameController] {Main} Active family set to: S2
D 2020-11-14 03:46:14.044480 [GameController] {Main} Active product set to: S2_retail
I 2020-11-14 03:46:18.085030 [GameController] {Main} LaunchBinary: uid=s2 selectedRegion=KR binaryType=game
D 2020-11-14 03:46:18.093195 [InstallInfo] {Main} Operation status changed: opType=Execute oldStatus=Off newStatus=Pending agentUid=s2
D 2020-11-14 03:46:18.093277 [ProductState] {Main} InstallState (s2): GameLaunching=1
I 2020-11-14 03:46:18.403202 [InstallManager] {Main} Game launch options: programId=S2 GAME_ACCOUNT= REGION=KR LOCALE=koKR LOCALE_AUDIO=koKR LAUNCH_64BIT=1
I 2020-11-14 03:46:18.405395 [InstallManager] {Main} Game launch options: programId=S2 ACCOUNT=(hidden) ACCOUNT_TS=1605325578
I 2020-11-14 03:46:19.070459 [InstallManager] {Main} Launched D:/StarCraft II/Support64/SC2Switcher_x64.exe with args: -sso=1 -launch -uid s2, pid: 19760
I 2020-11-14 03:46:22.035160 [GameSessionList] {Agent} Reporting process: TrackingInfo(uid=s2, type=game, opStatus=On, reqId=0, running=1, oldRunning=0)
I 2020-11-14 03:46:22.035847 [InstallManager] {Main} Setting Process Running: true uid=s2 binaryType=game any=true
D 2020-11-14 03:46:22.035864 [InstallInfo] {Main} Operation status changed: opType=Execute oldStatus=Pending newStatus=On agentUid=s2
D 2020-11-14 03:46:22.035879 [InstallManager] {Main} Game is running: s2
D 2020-11-14 03:46:22.040412 [ProductState] {Main} InstallState (s2): gameRunning=1 isGameProcessRunning=1 GameLaunching=0
D 2020-11-14 03:50:45.215810 [SuggestedFriends] {Main} All of metered requests has been processed.
I 2020-11-14 03:51:38.093718 [GameSessionList] {Agent} Reporting process: TrackingInfo(uid=s2, type=game, opStatus=Off, reqId=0, running=0, oldRunning=1)
I 2020-11-14 03:51:38.096005 [InstallManager] {Main} Setting Process Running: false uid=s2 binaryType=game any=false
D 2020-11-14 03:51:38.096021 [InstallInfo] {Main} Operation status changed: opType=Execute oldStatus=On newStatus=Off agentUid=s2
D 2020-11-14 03:51:38.096028 [InstallManager] {Main} Game is no longer running: s2
D 2020-11-14 03:51:38.097092 [ProductState] {Main} InstallState (s2): gameRunning=0 isGameProcessRunning=0
D 2020-11-14 03:51:38.746329 [InstallManager] {Main} Game finished versioning s2
