2020-04-24 22:52:39.454: Logging Unity output to: C:/Users/USER/AppData/Local/Blizzard/Hearthstone/Logs/hearthstone_2020_04_24_22_52_39.log
2020-04-24 22:52:39.467: Command Line: -launch -uid hs_beta
2020-04-24 22:52:39.501: UberText LoadCachedData() failed: Arg_InsufficientSpace
Parameter name: chars
2020-04-24 22:52:42.085: GAME_SAVE_SUBKEY DBF Asset has 0 records! Something went wrong generating it. Try checking the generated XMLs in the DBF folder.

2020-04-24 22:52:42.086: GLOBAL DBF Asset has 0 records! Something went wrong generating it. Try checking the generated XMLs in the DBF folder.

2020-04-24 22:52:42.194: [UpdateManager] Load AssetBundle - D:/Hearthstone/Data/win/actors0.unity3d, 17246460
2020-04-24 22:52:42.238: [UpdateManager] Load AssetBundle - D:/Hearthstone/Data/win/sounds5.unity3d, 12600603
2020-04-24 22:52:42.301: [UpdateManager] Load AssetBundle - D:/Hearthstone/Data/win/sounds8.unity3d, 8416879
2020-04-24 22:52:42.333: [UpdateManager] Load AssetBundle - D:/Hearthstone/Data/win/sounds0.unity3d, 5469889
2020-04-24 22:52:42.333: [UpdateManager] Load AssetBundle - D:/Hearthstone/Data/win/sounds1.unity3d, 5114613
2020-04-24 22:52:42.334: [UpdateManager] Load AssetBundle - D:/Hearthstone/Data/win/sounds2.unity3d, 4533111
2020-04-24 22:52:42.335: [UpdateManager] Load AssetBundle - D:/Hearthstone/Data/win/sounds10.unity3d, 5702535
2020-04-24 22:52:42.348: [UpdateManager] Load AssetBundle - D:/Hearthstone/Data/win/sounds11.unity3d, 15569017
2020-04-24 22:52:42.369: [UpdateManager] Load AssetBundle - D:/Hearthstone/Data/win/sounds7.unity3d, 9338154
2020-04-24 22:52:42.389: [UpdateManager] Load AssetBundle - D:/Hearthstone/Data/win/sounds9.unity3d, 9284468
2020-04-24 22:52:42.419: [UpdateManager] Load AssetBundle - D:/Hearthstone/Data/win/sounds17.unity3d, 18404088
2020-04-24 22:52:42.438: [UpdateManager] Load AssetBundle - D:/Hearthstone/Data/win/sounds18.unity3d, 4932324
2020-04-24 22:52:42.439: [UpdateManager] Load AssetBundle - D:/Hearthstone/Data/win/soundskokr2.unity3d, 3299493
2020-04-24 22:52:42.455: [UpdateManager] Load AssetBundle - D:/Hearthstone/Data/win/sounds19.unity3d, 5501323
2020-04-24 22:52:42.456: [UpdateManager] Load AssetBundle - D:/Hearthstone/Data/win/soundskokr0.unity3d, 3856173
2020-04-24 22:52:42.480: [UpdateManager] Load AssetBundle - D:/Hearthstone/Data/win/soundskokr1.unity3d, 3051151
2020-04-24 22:52:42.483: [UpdateManager] Load AssetBundle - D:/Hearthstone/Data/win/soundskokr3.unity3d, 7996182
2020-04-24 22:52:42.508: [UpdateManager] Load AssetBundle - D:/Hearthstone/Data/win/sounds16.unity3d, 8388985
2020-04-24 22:52:42.538: [UpdateManager] Load AssetBundle - D:/Hearthstone/Data/win/boards1.unity3d, 26333480
2020-04-24 22:52:42.674: *** BattleNet version: Product = 17.0.0.0, Data = 17001
2020-04-24 22:52:42.769: [UpdateManager] Load AssetBundle - D:/Hearthstone/Data/win/soundskokr4.unity3d, 3576089
2020-04-24 22:52:43.248: [UpdateManager] Load AssetBundle - D:/Hearthstone/Data/win/sounds12.unity3d, 7362533
2020-04-24 22:52:43.267: [UpdateManager] Load AssetBundle - D:/Hearthstone/Data/win/sounds14.unity3d, 6872214
2020-04-24 22:52:43.376: [UpdateManager] Load AssetBundle - D:/Hearthstone/Data/win/cards0.unity3d, 4482602
2020-04-24 22:52:43.398: [UpdateManager] Load AssetBundle - D:/Hearthstone/Data/win/sounds15.unity3d, 12337746
2020-04-24 22:52:43.441: [UpdateManager] Load AssetBundle - D:/Hearthstone/Data/win/sounds13.unity3d, 5944684
2020-04-24 22:52:43.442: [UpdateManager] Load AssetBundle - D:/Hearthstone/Data/win/boards2.unity3d, 17333007
2020-04-24 22:52:43.470: [UpdateManager] Load AssetBundle - D:/Hearthstone/Data/win/sounds6.unity3d, 14346948
2020-04-24 22:52:43.499: [UpdateManager] Load AssetBundle - D:/Hearthstone/Data/win/boards3.unity3d, 25585599
2020-04-24 22:52:43.555: [UpdateManager] Load AssetBundle - D:/Hearthstone/Data/win/sounds3.unity3d, 5292573
2020-04-24 22:52:43.556: [UpdateManager] Load AssetBundle - D:/Hearthstone/Data/win/boards4.unity3d, 27144285
2020-04-24 22:52:43.589: [UpdateManager] Load AssetBundle - D:/Hearthstone/Data/win/premiummaterials2.unity3d, 22648734
2020-04-24 22:52:43.617: [UpdateManager] Load AssetBundle - D:/Hearthstone/Data/win/premiummaterials1.unity3d, 23152139
2020-04-24 22:52:43.618: [UpdateManager] Load AssetBundle - D:/Hearthstone/Data/win/premiummaterials3.unity3d, 23116364
2020-04-24 22:52:43.637: [UpdateManager] Load AssetBundle - D:/Hearthstone/Data/win/cardtextureshigh1.unity3d, 48612664
2020-04-24 22:52:43.651: [UpdateManager] Load AssetBundle - D:/Hearthstone/Data/win/premiummaterials4.unity3d, 22105153
2020-04-24 22:52:43.685: [UpdateManager] Load AssetBundle - D:/Hearthstone/Data/win/cardbacks0.unity3d, 52530508
2020-04-24 22:52:43.686: [UpdateManager] Load AssetBundle - D:/Hearthstone/Data/win/cardtextureshigh2.unity3d, 45215892
2020-04-24 22:52:43.719: [UpdateManager] Load AssetBundle - D:/Hearthstone/Data/win/premiummaterials7.unity3d, 22224765
2020-04-24 22:52:43.733: [UpdateManager] Load AssetBundle - D:/Hearthstone/Data/win/cardtextureshigh5.unity3d, 44297222
2020-04-24 22:52:43.734: [UpdateManager] Load AssetBundle - D:/Hearthstone/Data/win/cardtextureshigh6.unity3d, 41290971
2020-04-24 22:52:43.751: [UpdateManager] Load AssetBundle - D:/Hearthstone/Data/win/cardtextureshigh4.unity3d, 48666262
2020-04-24 22:52:43.752: [UpdateManager] Load AssetBundle - D:/Hearthstone/Data/win/cardtextureshigh7.unity3d, 41392414
2020-04-24 22:52:43.778: [UpdateManager] Load AssetBundle - D:/Hearthstone/Data/win/premiummaterials6.unity3d, 19641390
2020-04-24 22:52:43.778: [UpdateManager] Load AssetBundle - D:/Hearthstone/Data/win/cardtextureshigh0.unity3d, 47557158
2020-04-24 22:52:43.791: [UpdateManager] Load AssetBundle - D:/Hearthstone/Data/win/premiummaterials5.unity3d, 19796843
2020-04-24 22:52:43.816: [UpdateManager] Load AssetBundle - D:/Hearthstone/Data/win/boards0.unity3d, 15427673
2020-04-24 22:52:43.834: [UpdateManager] Load AssetBundle - D:/Hearthstone/Data/win/cardtextureshigh8.unity3d, 43420737
2020-04-24 22:52:43.875: [UpdateManager] Load AssetBundle - D:/Hearthstone/Data/win/premiummaterials8.unity3d, 21361672
2020-04-24 22:52:43.890: [UpdateManager] Load AssetBundle - D:/Hearthstone/Data/win/cardtextureshigh16.unity3d, 43729478
2020-04-24 22:52:43.903: [UpdateManager] Load AssetBundle - D:/Hearthstone/Data/win/cardtextureshigh11.unity3d, 47838905
2020-04-24 22:52:43.918: [UpdateManager] Load AssetBundle - D:/Hearthstone/Data/win/cardtextureshigh14.unity3d, 46107556
2020-04-24 22:52:43.919: [UpdateManager] Load AssetBundle - D:/Hearthstone/Data/win/cardtextureshigh15.unity3d, 42274295
2020-04-24 22:52:43.935: [UpdateManager] Load AssetBundle - D:/Hearthstone/Data/win/cardtextureshigh12.unity3d, 43253121
2020-04-24 22:52:43.936: [UpdateManager] Load AssetBundle - D:/Hearthstone/Data/win/cardtextureshigh13.unity3d, 46165488
2020-04-24 22:52:43.950: [UpdateManager] Load AssetBundle - D:/Hearthstone/Data/win/cardtextureshigh17.unity3d, 41746955
2020-04-24 22:52:43.966: [UpdateManager] Load AssetBundle - D:/Hearthstone/Data/win/cardtextureshigh19.unity3d, 44619313
2020-04-24 22:52:43.988: [UpdateManager] Load AssetBundle - D:/Hearthstone/Data/win/cardtextureshigh9.unity3d, 49979897
2020-04-24 22:52:43.991: [UpdateManager] Load AssetBundle - D:/Hearthstone/Data/win/cardtextureshigh18.unity3d, 45046031
2020-04-24 22:52:44.006: [UpdateManager] Load AssetBundle - D:/Hearthstone/Data/win/cardtextureshigh3.unity3d, 43874053
2020-04-24 22:52:44.021: [UpdateManager] Load AssetBundle - D:/Hearthstone/Data/win/expansionmusic8.unity3d, 53908559
2020-04-24 22:52:44.038: [UpdateManager] Load AssetBundle - D:/Hearthstone/Data/win/cardtextureshigh10.unity3d, 40462732
2020-04-24 22:52:44.063: [UpdateManager] Load AssetBundle - D:/Hearthstone/Data/win/premiummaterials0.unity3d, 21546623
2020-04-24 22:52:44.066: [UpdateManager] Load AssetBundle - D:/Hearthstone/Data/win/fonts0.unity3d, 4802589
2020-04-24 22:52:44.081: [UpdateManager] Load AssetBundle - D:/Hearthstone/Data/win/expansionmusic2.unity3d, 11473859
2020-04-24 22:52:44.102: [UpdateManager] Load AssetBundle - D:/Hearthstone/Data/win/fontskokr0.unity3d, 1692577
2020-04-24 22:52:44.145: [UpdateManager] Load AssetBundle - D:/Hearthstone/Data/win/expansionmusic5.unity3d, 22104728
2020-04-24 22:52:44.148: [UpdateManager] Load AssetBundle - D:/Hearthstone/Data/win/gameobjects0.unity3d, 22816944
2020-04-24 22:52:44.172: [UpdateManager] Load AssetBundle - D:/Hearthstone/Data/win/expansionmusic0.unity3d, 15331962
2020-04-24 22:52:44.173: [UpdateManager] Load AssetBundle - D:/Hearthstone/Data/win/expansionmusic7.unity3d, 22957738
2020-04-24 22:52:44.185: [UpdateManager] Load AssetBundle - D:/Hearthstone/Data/win/expansionmusic6.unity3d, 38097194
2020-04-24 22:52:44.200: [UpdateManager] Load AssetBundle - D:/Hearthstone/Data/win/expansionmusic4.unity3d, 19841590
2020-04-24 22:52:44.226: [UpdateManager] Load AssetBundle - D:/Hearthstone/Data/win/gameobjects1.unity3d, 12439981
2020-04-24 22:52:44.261: [UpdateManager] Load AssetBundle - D:/Hearthstone/Data/win/gameobjects6.unity3d, 16269619
2020-04-24 22:52:44.305: [UpdateManager] Load AssetBundle - D:/Hearthstone/Data/win/expansionmusic1.unity3d, 61891308
2020-04-24 22:52:44.306: [UpdateManager] Load AssetBundle - D:/Hearthstone/Data/win/gameobjects12.unity3d, 20792812
2020-04-24 22:52:44.336: [UpdateManager] Load AssetBundle - D:/Hearthstone/Data/win/gameobjects5.unity3d, 16352787
2020-04-24 22:52:44.388: [UpdateManager] Load AssetBundle - D:/Hearthstone/Data/win/gameobjects13.unity3d, 24922923
2020-04-24 22:52:44.426: [UpdateManager] Load AssetBundle - D:/Hearthstone/Data/win/gameobjects9.unity3d, 19644539
2020-04-24 22:52:44.463: [UpdateManager] Load AssetBundle - D:/Hearthstone/Data/win/premiummaterials9.unity3d, 22460902
2020-04-24 22:52:44.465: [UpdateManager] Load AssetBundle - D:/Hearthstone/Data/win/missionsounds1.unity3d, 37797024
2020-04-24 22:52:44.498: [UpdateManager] Load AssetBundle - D:/Hearthstone/Data/win/gameobjects4.unity3d, 15938852
2020-04-24 22:52:44.524: [UpdateManager] Load AssetBundle - D:/Hearthstone/Data/win/gameobjects11.unity3d, 16630796
2020-04-24 22:52:44.551: [UpdateManager] Load AssetBundle - D:/Hearthstone/Data/win/sounds4.unity3d, 15640941
2020-04-24 22:52:44.552: [UpdateManager] Load AssetBundle - D:/Hearthstone/Data/win/expansionmusic9.unity3d, 19523545
2020-04-24 22:52:44.573: [UpdateManager] Load AssetBundle - D:/Hearthstone/Data/win/gameobjects3.unity3d, 18267818
2020-04-24 22:52:44.605: [UpdateManager] Load AssetBundle - D:/Hearthstone/Data/win/gameobjects7.unity3d, 18668675
2020-04-24 22:52:44.629: [UpdateManager] Load AssetBundle - D:/Hearthstone/Data/win/missionsounds9.unity3d, 34637696
2020-04-24 22:52:44.651: [UpdateManager] Load AssetBundle - D:/Hearthstone/Data/win/missionsounds0.unity3d, 33688116
2020-04-24 22:52:44.675: [UpdateManager] Load AssetBundle - D:/Hearthstone/Data/win/gameobjects8.unity3d, 17476169
2020-04-24 22:52:44.689: [UpdateManager] Load AssetBundle - D:/Hearthstone/Data/win/legendarystingers0.unity3d, 4399741
2020-04-24 22:52:44.704: [UpdateManager] Load AssetBundle - D:/Hearthstone/Data/win/expansionmusic3.unity3d, 28902548
2020-04-24 22:52:44.725: [UpdateManager] Load AssetBundle - D:/Hearthstone/Data/win/missionsoundskokr2.unity3d, 39005353
2020-04-24 22:52:44.738: [UpdateManager] Load AssetBundle - D:/Hearthstone/Data/win/heromusic0.unity3d, 38634335
2020-04-24 22:52:44.760: [UpdateManager] Load AssetBundle - D:/Hearthstone/Data/win/missionsounds5.unity3d, 35205411
2020-04-24 22:52:44.778: [UpdateManager] Load AssetBundle - D:/Hearthstone/Data/win/missionsounds8.unity3d, 34777044
2020-04-24 22:52:44.808: [UpdateManager] Load AssetBundle - D:/Hearthstone/Data/win/missionsounds3.unity3d, 36431468
2020-04-24 22:52:44.824: [UpdateManager] Load AssetBundle - D:/Hearthstone/Data/win/missionsoundskokr4.unity3d, 43537630
2020-04-24 22:52:44.845: [UpdateManager] Load AssetBundle - D:/Hearthstone/Data/win/missionsounds2.unity3d, 35760143
2020-04-24 22:52:44.869: [UpdateManager] Load AssetBundle - D:/Hearthstone/Data/win/missionsoundskokr3.unity3d, 42785393
2020-04-24 22:52:44.885: [UpdateManager] Load AssetBundle - D:/Hearthstone/Data/win/missionsoundskokr1.unity3d, 42455378
2020-04-24 22:52:44.918: [UpdateManager] Load AssetBundle - D:/Hearthstone/Data/win/missionsounds7.unity3d, 34705646
2020-04-24 22:52:44.942: [UpdateManager] Load AssetBundle - D:/Hearthstone/Data/win/gameobjects10.unity3d, 23233939
2020-04-24 22:52:44.958: [UpdateManager] Load AssetBundle - D:/Hearthstone/Data/win/missionsoundskokr5.unity3d, 43687783
2020-04-24 22:52:44.986: [UpdateManager] Load AssetBundle - D:/Hearthstone/Data/win/missionsounds6.unity3d, 35565183
2020-04-24 22:52:45.004: [UpdateManager] Load AssetBundle - D:/Hearthstone/Data/win/otherminionsoundskokr0.unity3d, 54134888
2020-04-24 22:52:45.020: [UpdateManager] Load AssetBundle - D:/Hearthstone/Data/win/playsounds0.unity3d, 47507993
2020-04-24 22:52:45.037: [UpdateManager] Load AssetBundle - D:/Hearthstone/Data/win/otherminionsoundskokr1.unity3d, 55321167
2020-04-24 22:52:45.052: [UpdateManager] Load AssetBundle - D:/Hearthstone/Data/win/playsoundskokr0.unity3d, 53643977
2020-04-24 22:52:45.069: [UpdateManager] Load AssetBundle - D:/Hearthstone/Data/win/missionsoundskokr8.unity3d, 41392614
2020-04-24 22:52:45.090: [UpdateManager] Load AssetBundle - D:/Hearthstone/Data/win/otherminionsounds0.unity3d, 58500133
2020-04-24 22:52:45.112: [UpdateManager] Load AssetBundle - D:/Hearthstone/Data/win/otherminionsounds1.unity3d, 56629975
2020-04-24 22:52:45.135: [UpdateManager] Load AssetBundle - D:/Hearthstone/Data/win/spellsounds0.unity3d, 56341603
2020-04-24 22:52:45.150: [UpdateManager] Load AssetBundle - D:/Hearthstone/Data/win/missionsoundskokr6.unity3d, 44225095
2020-04-24 22:52:45.173: [UpdateManager] Load AssetBundle - D:/Hearthstone/Data/win/spellsounds1.unity3d, 52330980
2020-04-24 22:52:45.192: [UpdateManager] Load AssetBundle - D:/Hearthstone/Data/win/missionsounds4.unity3d, 33169842
2020-04-24 22:52:45.258: [UpdateManager] Load AssetBundle - D:/Hearthstone/Data/win/spells0.unity3d, 25975916
2020-04-24 22:52:45.323: [UpdateManager] Load AssetBundle - D:/Hearthstone/Data/win/spells5.unity3d, 23240948
2020-04-24 22:52:45.338: [UpdateManager] Load AssetBundle - D:/Hearthstone/Data/win/playsounds2.unity3d, 45774514
2020-04-24 22:52:45.389: [UpdateManager] Load AssetBundle - D:/Hearthstone/Data/win/spells1.unity3d, 24167889
2020-04-24 22:52:45.459: [UpdateManager] Load AssetBundle - D:/Hearthstone/Data/win/spells2.unity3d, 24017160
2020-04-24 22:52:45.475: [UpdateManager] Load AssetBundle - D:/Hearthstone/Data/win/otherminionsoundskokr2.unity3d, 53560888
2020-04-24 22:52:45.488: [UpdateManager] Load AssetBundle - D:/Hearthstone/Data/win/playsounds1.unity3d, 46959165
2020-04-24 22:52:45.538: [UpdateManager] Load AssetBundle - D:/Hearthstone/Data/win/spells3.unity3d, 21699018
2020-04-24 22:52:45.606: [UpdateManager] Load AssetBundle - D:/Hearthstone/Data/win/spells6.unity3d, 23674422
2020-04-24 22:52:45.607: [UpdateManager] Load AssetBundle - D:/Hearthstone/Data/win/textures1.unity3d, 25270093
2020-04-24 22:52:45.637: [UpdateManager] Load AssetBundle - D:/Hearthstone/Data/win/uiscreens0.unity3d, 9357798
2020-04-24 22:52:45.638: [UpdateManager] Load AssetBundle - D:/Hearthstone/Data/win/textures5.unity3d, 21797540
2020-04-24 22:52:45.651: [UpdateManager] Load AssetBundle - D:/Hearthstone/Data/win/missionsoundskokr7.unity3d, 42147860
2020-04-24 22:52:45.671: [UpdateManager] Load AssetBundle - D:/Hearthstone/Data/win/missionsoundskokr9.unity3d, 43454010
2020-04-24 22:52:45.687: [UpdateManager] Load AssetBundle - D:/Hearthstone/Data/win/gameobjects2.unity3d, 19298035
2020-04-24 22:52:45.707: [UpdateManager] Load AssetBundle - D:/Hearthstone/Data/win/tutorial1.unity3d, 15718792
2020-04-24 22:52:45.736: [UpdateManager] Load AssetBundle - D:/Hearthstone/Data/win/cardtextureshighkokr0.unity3d, 648881
2020-04-24 22:52:45.737: [UpdateManager] Load AssetBundle - D:/Hearthstone/Data/win/missionsoundskokr0.unity3d, 38275360
2020-04-24 22:52:45.754: [UpdateManager] Load AssetBundle - D:/Hearthstone/Data/win/textures4.unity3d, 21752473
2020-04-24 22:52:45.755: [UpdateManager] Load AssetBundle - D:/Hearthstone/Data/win/materials0.unity3d, 10645568
2020-04-24 22:52:45.775: [UpdateManager] Load AssetBundle - D:/Hearthstone/Data/win/tutorial3.unity3d, 6166610
2020-04-24 22:52:45.792: [UpdateManager] Load AssetBundle - D:/Hearthstone/Data/win/scriptableobject0.unity3d, 11507
2020-04-24 22:52:46.064: [UpdateManager] Load AssetBundle - D:/Hearthstone/Data/win/tutorialkokr0.unity3d, 6416342
2020-04-24 22:52:46.090: [UpdateManager] Load AssetBundle - D:/Hearthstone/Data/win/otherminionsounds2.unity3d, 59042250
2020-04-24 22:52:46.142: [UpdateManager] Load AssetBundle - D:/Hearthstone/Data/win/spells7.unity3d, 22609109
2020-04-24 22:52:46.143: [UpdateManager] Load AssetBundle - D:/Hearthstone/Data/win/tutorial2.unity3d, 11267107
2020-04-24 22:52:46.160: [UpdateManager] Load AssetBundle - D:/Hearthstone/Data/win/tutorial4.unity3d, 11546817
2020-04-24 22:52:46.182: [UpdateManager] Load AssetBundle - D:/Hearthstone/Data/win/uberanimations0.unity3d, 852994
2020-04-24 22:52:46.200: [UpdateManager] Load AssetBundle - D:/Hearthstone/Data/win/textures3.unity3d, 20982603
2020-04-24 22:52:46.201: [UpdateManager] Load AssetBundle - D:/Hearthstone/Data/win/textureskokr0.unity3d, 4887021
2020-04-24 22:52:46.253: [UpdateManager] Load AssetBundle - D:/Hearthstone/Data/win/spells4.unity3d, 20603808
2020-04-24 22:52:46.304: [UpdateManager] Load AssetBundle - D:/Hearthstone/Data/win/textures2.unity3d, 18705579
2020-04-24 22:52:46.344: [UpdateManager] Load AssetBundle - D:/Hearthstone/Data/win/tutorial0.unity3d, 31575208
2020-04-24 22:52:46.360: [UpdateManager] Load AssetBundle - D:/Hearthstone/Data/win/textures0.unity3d, 24892204
2020-04-24 22:52:46.943: System Info:
2020-04-24 22:52:46.945: SystemInfo - Device Name: DESKTOP-13RIOQ2
2020-04-24 22:52:46.947: SystemInfo - Device Model: GL63 8RD (Micro-Star International Co., Ltd.)
2020-04-24 22:52:46.949: SystemInfo - OS: Windows 10  (10.0.0) 64bit
2020-04-24 22:52:46.950: SystemInfo - CPU Type: Intel(R) Core(TM) i7-8750H CPU @ 2.20GHz
2020-04-24 22:52:46.951: SystemInfo - CPU Cores: 12
2020-04-24 22:52:46.951: SystemInfo - System Memory: 8036
2020-04-24 22:52:46.952: SystemInfo - Screen Resolution: 1920x1080
2020-04-24 22:52:46.953: SystemInfo - Screen DPI: 120
2020-04-24 22:52:46.953: SystemInfo - GPU ID: 7308
2020-04-24 22:52:46.954: SystemInfo - GPU Name: NVIDIA GeForce GTX 1050 Ti
2020-04-24 22:52:46.955: SystemInfo - GPU Vendor: NVIDIA
2020-04-24 22:52:46.955: SystemInfo - GPU Memory: 3072
2020-04-24 22:52:46.956: SystemInfo - GPU Shader Level: 50
2020-04-24 22:52:46.957: SystemInfo - GPU NPOT Support: Full
2020-04-24 22:52:46.958: SystemInfo - Graphics API (version): Direct3D 11.0 [level 11.1]
2020-04-24 22:52:46.958: SystemInfo - Graphics API (type): Direct3D11
2020-04-24 22:52:46.959: SystemInfo - Graphics Supported Render Target Count: 8
2020-04-24 22:52:46.959: SystemInfo - Graphics Supports 3D Textures: True
2020-04-24 22:52:46.960: SystemInfo - Graphics Supports Compute Shaders: True
2020-04-24 22:52:46.962: SystemInfo - Graphics Supports Image Effects: True
2020-04-24 22:52:46.964: SystemInfo - Graphics Supports Render To Cubemap: True
2020-04-24 22:52:46.965: SystemInfo - Graphics Supports Shadows: True
2020-04-24 22:52:46.966: SystemInfo - Graphics Supports Sparse Textures: True
2020-04-24 22:52:46.966: SystemInfo - Graphics RenderTextureFormat.ARGBHalf: True
2020-04-24 22:52:46.967: SystemInfo - Graphics Metal Support: False
2020-04-24 22:52:50.874: show postition = (0.0, 0.0, 0.0) (5.0, 5.0, 5.0)
2020-04-24 22:52:53.121: Network.GetProfileNotices(): Unrecognized profile notice

2020-04-24 22:52:53.121: Network.GetProfileNotices(): Unhandled notice type! This notice will be lost!

2020-04-24 22:52:53.122: Network.GetProfileNotices(): Unrecognized profile notice

2020-04-24 22:52:53.123: Network.GetProfileNotices(): Unhandled notice type! This notice will be lost!

2020-04-24 22:52:53.123: Network.GetProfileNotices(): Unrecognized profile notice

2020-04-24 22:52:53.124: Network.GetProfileNotices(): Unhandled notice type! This notice will be lost!

2020-04-24 22:52:53.125: Network.GetProfileNotices(): Unrecognized profile notice

2020-04-24 22:52:53.125: Network.GetProfileNotices(): Unhandled notice type! This notice will be lost!

2020-04-24 22:52:53.126: Network.GetProfileNotices(): Unrecognized profile notice

2020-04-24 22:52:53.127: Network.GetProfileNotices(): Unhandled notice type! This notice will be lost!

2020-04-24 22:52:53.127: Network.GetProfileNotices(): Unrecognized profile notice

2020-04-24 22:52:53.128: Network.GetProfileNotices(): Unhandled notice type! This notice will be lost!

2020-04-24 22:52:53.128: Network.GetProfileNotices(): Unrecognized profile notice

2020-04-24 22:52:53.129: Network.GetProfileNotices(): Unhandled notice type! This notice will be lost!

2020-04-24 22:52:53.130: Network.GetProfileNotices(): Unrecognized profile notice

2020-04-24 22:52:53.130: Network.GetProfileNotices(): Unhandled notice type! This notice will be lost!

2020-04-24 22:52:58.380: Base User Folder  : C:/Users/USER/AppData/LocalLow/Blizzard Entertainment/Hearthstone
2020-04-24 22:52:58.382: Base Global Folder: C:/Users/USER/AppData/LocalLow/Blizzard Entertainment
2020-04-24 22:52:58.382: Base Common Folder: Telemetry
2020-04-24 22:52:58.429: RegisterScreenBox tempGuardianVars=NetCache+NetCacheFeatures
2020-04-24 22:52:58.896: [HealthyGaming] CAIS ServerEnabledForPlatform=False AccountCAISForChina=False Country=KOR TimeSec=20.95592 PlayedTimeMin=0 RestedTimeMin=0 SessionStartTime=2482145536
2020-04-24 22:53:17.103: BoxColliders does not support negative scale or size.
The effective box size has been forced positive and is likely to give unexpected collision geometry.
If you absolutely need to use negative scaling you can use the convex MeshCollider. Scene hierarchy path "BaseUI(Clone)/ChatMgr(Clone)/FriendListFrame(Clone)/ItemsList"
2020-04-24 22:53:29.267: BoxColliders does not support negative scale or size.
The effective box size has been forced positive and is likely to give unexpected collision geometry.
If you absolutely need to use negative scaling you can use the convex MeshCollider. Scene hierarchy path "BaseUI(Clone)/ChatMgr(Clone)/FriendListFrame(Clone)/ItemsList"
2020-04-24 22:54:42.326: BoxColliders does not support negative scale or size.
The effective box size has been forced positive and is likely to give unexpected collision geometry.
If you absolutely need to use negative scaling you can use the convex MeshCollider. Scene hierarchy path "BaseUI(Clone)/ChatMgr(Clone)/FriendListFrame(Clone)/ItemsList"
