<02:56:36> [Info]: BackupNameAttachment=" Build(6859) 29 Aug 20 (02 56 36)"  -- used by backup system

<02:56:36> [Info]: Log Started at Sat Aug 29 02:56:36 2020
<02:56:36> [Info]: Built on Thu Aug 27 04:16:17 2020

<02:56:36> [Info]: Running 64 bit Windows version
<02:56:36> [Info]: Executable: Javelin_x64.exe [AZ_RETAIL_CONFIG]
<02:56:36> [Info]: Executable Folder: SteamLibrary
<02:56:36> [Info]: FileVersion: 1.0.17.6859
<02:56:36> [Info]: ProductVersion: 1.0.17.6859
<02:56:36> [Info]: Using Microsoft (tm) C++ Standard Library implementation

<02:56:36> [Info] (AZCore): [System] Loading system configuration from system_windows_pc.cfg...
<02:56:36> [Info] (AZCore): [System] GameDir: Assets

<02:56:43> [Info]: 
<02:56:43> [Info]: Total number of logical processors: 12
<02:56:43> [Info]: Number of available logical processors: 12
<02:56:43> [Info]: Total number of system cores: 6
<02:56:43> [Info]: Number of cores available to process: 6
<02:56:43> [Info]:  
<02:56:43> [Info]: Processor 0:
<02:56:43> [Info]:   CPU: Intel Intel(R) Core(TM) i7-8750H CPU @ 2.20GHz
<02:56:43> [Info]:   Family: 6, Model: 14, Stepping: 10
<02:56:43> [Info]:   FPU: On-Chip
<02:56:43> [Info]:   3DNow!: not present
<02:56:43> [Info]:   MMX: not present
<02:56:43> [Info]:   SSE: present
<02:56:43> [Info]:   SSE2: present
<02:56:43> [Info]:   SSE3: present
<02:56:43> [Info]:   Serial number not present or disabled
<02:56:43> [Info]:  
<02:56:43> [Info]: Processor 1:
<02:56:43> [Info]:   CPU: Intel Intel(R) Core(TM) i7-8750H CPU @ 2.20GHz
<02:56:43> [Info]:   Family: 6, Model: 14, Stepping: 10
<02:56:43> [Info]:   FPU: On-Chip
<02:56:43> [Info]:   3DNow!: not present
<02:56:43> [Info]:   MMX: not present
<02:56:43> [Info]:   SSE: present
<02:56:43> [Info]:   SSE2: present
<02:56:43> [Info]:   SSE3: present
<02:56:43> [Info]:   Serial number not present or disabled
<02:56:43> [Info]:  
<02:56:43> [Info]: Processor 2:
<02:56:43> [Info]:   CPU: Intel Intel(R) Core(TM) i7-8750H CPU @ 2.20GHz
<02:56:43> [Info]:   Family: 6, Model: 14, Stepping: 10
<02:56:43> [Info]:   FPU: On-Chip
<02:56:43> [Info]:   3DNow!: not present
<02:56:43> [Info]:   MMX: not present
<02:56:43> [Info]:   SSE: present
<02:56:43> [Info]:   SSE2: present
<02:56:43> [Info]:   SSE3: present
<02:56:43> [Info]:   Serial number not present or disabled
<02:56:43> [Info]:  
<02:56:43> [Info]: Processor 3:
<02:56:43> [Info]:   CPU: Intel Intel(R) Core(TM) i7-8750H CPU @ 2.20GHz
<02:56:43> [Info]:   Family: 6, Model: 14, Stepping: 10
<02:56:43> [Info]:   FPU: On-Chip
<02:56:43> [Info]:   3DNow!: not present
<02:56:43> [Info]:   MMX: not present
<02:56:43> [Info]:   SSE: present
<02:56:43> [Info]:   SSE2: present
<02:56:43> [Info]:   SSE3: present
<02:56:43> [Info]:   Serial number not present or disabled
<02:56:43> [Info]:  
<02:56:43> [Info]: Processor 4:
<02:56:43> [Info]:   CPU: Intel Intel(R) Core(TM) i7-8750H CPU @ 2.20GHz
<02:56:43> [Info]:   Family: 6, Model: 14, Stepping: 10
<02:56:43> [Info]:   FPU: On-Chip
<02:56:43> [Info]:   3DNow!: not present
<02:56:43> [Info]:   MMX: not present
<02:56:43> [Info]:   SSE: present
<02:56:43> [Info]:   SSE2: present
<02:56:43> [Info]:   SSE3: present
<02:56:43> [Info]:   Serial number not present or disabled
<02:56:43> [Info]:  
<02:56:43> [Info]: Processor 5:
<02:56:43> [Info]:   CPU: Intel Intel(R) Core(TM) i7-8750H CPU @ 2.20GHz
<02:56:43> [Info]:   Family: 6, Model: 14, Stepping: 10
<02:56:43> [Info]:   FPU: On-Chip
<02:56:43> [Info]:   3DNow!: not present
<02:56:43> [Info]:   MMX: not present
<02:56:43> [Info]:   SSE: present
<02:56:43> [Info]:   SSE2: present
<02:56:43> [Info]:   SSE3: present
<02:56:43> [Info]:   Serial number not present or disabled
<02:56:43> [Info]:  
<02:56:43> [Info]: Windows 10 64 bit (build 10.0.18362)
<02:56:43> [Info]: System language: Korean
<02:56:43> [Info]: Windows Directory: "C:\WINDOWS"
<02:56:43> [Info]: Local time is 02:56:43 08/29/20, system running for 2099 minutes
<02:56:43> [Info]: 8037MB physical memory installed, 3335MB available, 134217727MB virtual memory installed, 58 percent of memory in use
<02:56:43> [Info]: PageFile usage: 154MB, Working Set: 217MB, Peak PageFile usage: 305MB,
<02:56:43> [Info]: Current display mode is 1920x1080x32, (Unknown graphics card)
<02:56:43> [Info]: Unknown keyboard and 16+ button mouse installed
<02:56:43> [Info]: --------------------------------------------------------------------------------
<02:56:43> [Info] (AZCore): [System] Stream Engine Initialization
<02:56:43> [Info]: GameName: New World
<02:56:43> [Info]: BuildTime: Thu Aug 27 04:16:17 2020

<02:56:43> [Info] (AZCore): [System] Physics initialization
<02:56:43> [Info] (AZCore): [System] Renderer initialization
<02:56:43> [Info]: Logging video adapters:
<02:56:44> [Info]: - NVIDIA GeForce GTX 1050 Ti (vendor = 0x10de, device = 0x1c8c)
<02:56:44> [Info]:   - Adapter index: 0
<02:56:44> [Info]:   - Dedicated video memory: 4021 MB
<02:56:44> [Info]:   - Feature level: DX11 (SM 5.0)
<02:56:44> [Info]:   - Displays connected: yes
<02:56:44> [Info]:   - Suitable rendering device: yes
<02:56:46> [Info]: - Intel(R) UHD Graphics 630 (vendor = 0x8086, device = 0x3e9b)
<02:56:46> [Info]:   - Adapter index: 1
<02:56:46> [Info]:   - Dedicated video memory: 128 MB
<02:56:46> [Info]:   - Feature level: DX11 (SM 5.0)
<02:56:46> [Info]:   - Displays connected: no
<02:56:46> [Info]:   - Suitable rendering device: no
<02:56:46> [Info]: - Microsoft Basic Render Driver (vendor = 0x1414, device = 0x008c)
<02:56:46> [Info]:   - Adapter index: 2
<02:56:46> [Info]:   - Dedicated video memory: 0 MB
<02:56:46> [Info]:   - Feature level: DX11 (SM 5.0)
<02:56:46> [Info]:   - Displays connected: no
<02:56:46> [Info]:   - Suitable rendering device: no
<02:56:48> [Info]: Active GPUs: 1
<02:56:58> [Info] (AZCore): [System] Font initialization
<02:56:58> [Info]: Using FreeType 2.5.0
<02:56:59> [Info] (AZCore): [System] Time initialization
<02:56:59> [Info] (AZCore): [System] Input initialization
<02:56:59> [Info] (AZCore): [System] UI system initialization
<02:56:59> [Info] (AZCore): [System] Initializing Animation System
<02:56:59> [Info] (AZCore): [System] Initializing 3D Engine
<02:56:59> [Info]: Sky light: Optical lookup tables loaded off disc.
<02:56:59> [Info] (AZCore): [System] Script System Initialization
<02:56:59> [Info] (AZCore): [System] Entity system initialization
<02:56:59> [Info] (AZCore): [System] Initializing additional systems
<02:56:59> [Info] (AZCore): [System] Dynamic Response System initialization
<02:56:59> [Info] (AZCore): [System] No Dynamic Response System was loaded from a module, the system will use the NULL DynamicResponseSystem.
<02:56:59> [Info]: Running machine spec auto detect (64 bit)...
<02:56:59> [Info]: - Windows 10 64 bit (build 10.0.18362)
<02:56:59> [Info]: - System memory
<02:56:59> [Info]: --- 8036 MB
<02:56:59> [Info]: - Intel(R) Core(TM) i7-8750H CPU @ 2.20GHz
<02:56:59> [Info]: --- Number of available cores: 6 (out of 6)
<02:56:59> [Info]: --- Number of logical processors: 12
<02:56:59> [Info]: - NVIDIA GeForce GTX 1050 Ti (vendor = 0x10de, device = 0x1c8c)
<02:56:59> [Info]: --- Dedicated video memory: 4021 MB
<02:56:59> [Info]: --- Feature level: DX11 (SM 5.0)
<02:56:59> [Info]: - Final rating: Machine class 2
<02:57:03> [Info] (AZCore): [Script] Warning: ScriptedEntityTweener cacheAnimation doesn't support FromTo animations

<02:57:03> [Info] (AZCore): [Script] stack traceback:
	...ipts/scriptedentitytweener/scriptedentitytweener.lua:203: in function 'CacheAnimation'
	lyshineui/_common/scriptedentitytweenercommon.lua:121: in function 'OnActivate'
	lyshineui/globals.lua:72: in function <lyshineui/globals.lua:59>

<02:57:03> [Info] (AZCore): [Script] Warning: ScriptedEntityTweener cacheAnimation doesn't support FromTo animations

<02:57:03> [Info] (AZCore): [Script] stack traceback:
	...ipts/scriptedentitytweener/scriptedentitytweener.lua:203: in function 'CacheAnimation'
	lyshineui/_common/scriptedentitytweenercommon.lua:122: in function 'OnActivate'
	lyshineui/globals.lua:72: in function <lyshineui/globals.lua:59>

<02:57:04> [Info] (AZCore): [System] == Version Info ===============================================================

<02:57:04> [Info] (AZCore): [System] [RETAIL].Javelin.2008270350.1139168

<02:57:04> [Info] (AZCore): [System] ===============================================================================

<02:57:10> [Info]: Client config override file not found: @assets@/ClientOverride.json
<02:57:11> [Info] (AZCore): [Game] Steam Initialized!
<02:57:11> [Info]: Channel service uri: https://d2c74t4zimux3r.cloudfront.net/STEAM_APP_ID.1205550.json
<02:57:13> [Info]: Channel name: ConfidentialTestLive
<02:57:13> [Info]: Found cluster data for cluster id: fra-prod
<02:57:13> [Info]: Display Name: EU Central
<02:57:13> [Info]: Auth Stack: https://2mfrik7h83.execute-api.us-east-1.amazonaws.com/Prod
<02:57:13> [Info]: Auth Stack Region: us-east-1
<02:57:13> [Info]: Gateway Stack: u433g9r00c.execute-api.eu-central-1.amazonaws.com
<02:57:13> [Info]: Gateway Stack Region: eu-central-1
<02:57:13> [Info]: Found cluster data for cluster id: gru-prod
<02:57:13> [Info]: Display Name: SA East
<02:57:13> [Info]: Auth Stack: https://kqqt5twsi7.execute-api.us-east-1.amazonaws.com/Prod
<02:57:13> [Info]: Auth Stack Region: us-east-1
<02:57:13> [Info]: Gateway Stack: j4n6whncmi.execute-api.sa-east-1.amazonaws.com
<02:57:13> [Info]: Gateway Stack Region: sa-east-1
<02:57:13> [Info]: Found cluster data for cluster id: iad-prod
<02:57:13> [Info]: Display Name: US East
<02:57:13> [Info]: Gateway Stack: 0prplal5u1.execute-api.us-east-1.amazonaws.com
<02:57:13> [Info]: Gateway Stack Region: us-east-1
<02:57:13> [Info]: Auth Stack: https://eudbjx6mig.execute-api.us-east-1.amazonaws.com/Prod
<02:57:13> [Info]: Auth Stack Region: us-east-1
<02:57:13> [Info]: Found cluster data for cluster id: pdx-prod
<02:57:13> [Info]: Display Name: US West
<02:57:13> [Info]: Auth Stack: https://q8hqllbg6k.execute-api.us-east-1.amazonaws.com/Prod
<02:57:13> [Info]: Auth Stack Region: us-east-1
<02:57:13> [Info]: Gateway Stack: v7irlu1nrl.execute-api.us-west-2.amazonaws.com
<02:57:13> [Info]: Gateway Stack Region: us-west-2
<02:57:13> [Info]: Found platform metadata for key: ENTITLEMENTS.STEAM_APP_ID.1205550
<02:57:13> [Info]: Found platform metadata for key: PERSONA.STEAM_APP_ID.1205550
<02:57:13> [Info]: Found persona role for cluster id: fra-prod - arn:aws:iam::093607389475:role/AgsLiveResources-AllowPersonaAccessRole-1U24RJQDKWS63
<02:57:13> [Info]: Found persona role for cluster id: gru-prod - arn:aws:iam::845253724667:role/AgsLiveResources-AllowPersonaAccessRole-SLHVYULH7U5
<02:57:13> [Info]: Found persona role for cluster id: iad-prod - arn:aws:iam::819349112573:role/AgsLiveResources-AllowPersonaAccessRole-1PHH0BI346X75
<02:57:13> [Info]: Found persona role for cluster id: pdx-devo - arn:aws:iam::166847089677:role/AgsLiveResources-AllowPersonaAccessRole-15NKM8MRPA2BX
<02:57:13> [Info]: Found persona role for cluster id: pdx-prod - arn:aws:iam::458929010575:role/AgsLiveResources-AllowPersonaAccessRole-QYL4I8P12BEA
<02:57:13> [Info]: Found persona role for cluster id: pdx-qa - arn:aws:iam::379061375310:role/AgsLiveResources-AllowPersonaAccessRole-116SW3GWSL7P1
<02:57:13> [Info]: Found persona role for cluster id: syd-prod - arn:aws:iam::018141801470:role/AgsLiveResources-AllowPersonaAccessRole-1CPZ9EG8SYMOQ
<02:57:13> [Info]: Found cluster data for cluster id: syd-prod
<02:57:13> [Info]: Display Name: AP Southeast
<02:57:13> [Info]: Auth Stack: https://hhf8nn71vb.execute-api.us-east-1.amazonaws.com/Prod
<02:57:13> [Info]: Auth Stack Region: us-east-1
<02:57:13> [Info]: Gateway Stack: ep1m9qoir8.execute-api.ap-southeast-2.amazonaws.com
<02:57:13> [Info]: Gateway Stack Region: ap-southeast-2
<02:57:24> [Info]: Failure in initializing Fuel::Iap::IapClient: 14
<02:57:24> [Info] (AZCore): [Game] LogEnvironmentString: ClusterId: iad-prod
<02:57:24> [Info] (AZCore): [Game] LogEnvironmentString: ProductId: STEAM_APP_ID.1205550
<02:57:24> [Info] (AZCore): [AuthManager] Initializing Steam Auth Manager.
<02:57:24> [Info] (AZCore): [SteamAuth] Initializing Persona.
<02:57:24> [Info]: [EasyAntiCheat] Initializing EAC game client module...
<02:57:24> [Info]: [EasyAntiCheat] ...EAC game client module initialized successfully.
<02:57:25> [Info]: Initializing default materials...
<02:57:28> [Info] (AZCore): [AsyncMapUnload] No previous level to unload, so not starting async.  Just loading this map now: ("frontend")
<02:57:28> [Info]: ============================ Loading level frontend ============================
<02:57:32> [Info]: Loading Seen Entitlements Data failed.
<02:57:39> [Info] (AZCore): [Script] CharacterInfoCard: Lua property GuildCrestForeground is not set

<02:57:39> [Info] (AZCore): [Script] CharacterInfoCard: Lua property GuildCrestBackground is not set

<02:57:39> [Info] (AZCore): [Script] CharacterInfoCard: Lua property GuildCrestForeground is not set

<02:57:39> [Info] (AZCore): [Script] CharacterInfoCard: Lua property GuildCrestBackground is not set

<02:57:42> [Info]: SerializeOptions: Success
<02:57:42> [Info]: SerializeOptions: Moving to C:/Users/USER/AppData/Roaming/AGS/New World/savedata/temp_usersettings.javsave
<02:57:44> [Info] (AZCore): [Script] Tooltip: Lua property SimpleTooltip is not set

<02:57:44> [Info] (AZCore): [Script] Tooltip: Lua property SimpleTooltipText is not set

<02:57:49> [Info]: CryAnimation: character-definition not found: objects/characters/player/male/player_female.cdf
<02:57:49> [Info] (AZCore): [Game] 0x441F4C03(user) attempting sign-in.
<02:57:49> [Info] (AZCore): [Game] LogEnvironmentString: Auth mode: user
<02:57:49> [Info] (AZCore): [SteamAuth] Attempting to log in to Steam
<02:57:49> [Info] (AZCore): [SteamAuth] Getting steam auth session ticket.
<02:57:50> [Info] (AZCore): [SteamAuth] OnAuthSessionTicket: Authenticating using steam auth session ticket: 2
<02:57:50> [Info] (AZCore): [SteamAuth] CreateSteamSessionJob: Calling Persona to create steam session
<02:57:53> [Info] (AZCore): [SteamAuth] OnCreatedSteamSession: Created steam session for persona id: amzn1.developerPersonaId.f5c2ae6a-2b16-16f5-023f-8b74e2ee7e17.
<02:57:53> [Info] (AZCore): [AuthStackCredentialsProvider] Successfully refreshed gateway AWS credentials, next attempt will start after 2020-08-29T05:52:53Z
<02:57:54> [Info] (AZCore): [SteamAuth] AssumePersonaRoleJob: Assume role success
<02:57:54> [Info] (AZCore): [AuthStackCredentialsProvider] Successfully refreshed persona AWS credentials, next attempt will start after 2020-08-28T18:52:54Z
<02:57:54> [Info] (AZCore): [Game] CGame::OnCampfireLoginComplete, login successful.
<02:57:54> [Info] (AZCore): [GameConnection] ConfigureLogin gateway mode is 'gateway'
<02:57:54> [Info] (AZCore): [GameConnection] ConfigureLogin MODE_GATEWAY: endpoint=0prplal5u1.execute-api.us-east-1.amazonaws.com, region=us-east-1
<02:57:54> [Info] (AZCore): [StackConfig] LayerS3(): layer's "remoteCfg.public.ProductId" S3 key (old: ""), reset to new value: "applications/public/configuration-sets/ProductId/STEAM_APP_ID.1205550/versionless"
<02:57:55> [Info] (AZCore): [StackConfig] Retrieved layer's "remoteCfg.public.ProductId" blocking remote config, with S3 key: "applications/public/configuration-sets/ProductId/STEAM_APP_ID.1205550/versionless" successfully, size: 420

<02:57:55> [Info] (AZCore): [StackConfig] LayerS3(): layer's "remoteCfg.public.ProductIdv" S3 key (old: ""), reset to new value: "applications/public/configuration-sets/ProductId/STEAM_APP_ID.1205550/2008270350;1139168"
<02:57:55> [Info] (AZCore): [StackConfig] LayerS3(): layer's "remoteCfg.publicGameplay.ProductId" S3 key (old: ""), reset to new value: "applications/publicGameplay/configuration-sets/ProductId/STEAM_APP_ID.1205550/versionless"
<02:57:55> [Info] (AZCore): [StackConfig] LayerS3(): layer's "remoteCfg.publicGameplay.ProductIdv" S3 key (old: ""), reset to new value: "applications/publicGameplay/configuration-sets/ProductId/STEAM_APP_ID.1205550/2008270350;1139168"
<02:57:55> [Info] (AZCore): [Game] LogEnvironmentString: Auth Mode: user
<02:57:55> [Info] (AZCore): [Game] LogEnvironmentString: Auth Backend: persona
<02:57:55> [Info] (AZCore): [Game] LogEnvironmentString: Gateway Mode: gateway
<02:57:55> [Info] (AZCore): [Game] LogEnvironmentString: Gateway Address: 0prplal5u1.execute-api.us-east-1.amazonaws.com
<02:57:55> [Info] (AZCore): [Game] LogEnvironmentString: Auth Username: HSP
<02:57:55> [Info] (AZCore): [Game] LogEnvironmentString: Persona ID: amzn1.developerPersonaId.f5c2ae6a-2b16-16f5-023f-8b74e2ee7e17
<02:57:55> [Info]: 
<02:57:55> [Info]: Total number of logical processors: 12
<02:57:55> [Info]: Number of available logical processors: 12
<02:57:55> [Info]: Total number of system cores: 6
<02:57:55> [Info]: Number of cores available to process: 6
<02:57:55> [Info]:  
<02:57:55> [Info]: Processor 0:
<02:57:55> [Info]:   CPU: Intel Intel(R) Core(TM) i7-8750H CPU @ 2.20GHz
<02:57:55> [Info]:   Family: 6, Model: 14, Stepping: 10
<02:57:55> [Info]:   FPU: On-Chip
<02:57:55> [Info]:   3DNow!: not present
<02:57:55> [Info]:   MMX: not present
<02:57:55> [Info]:   SSE: present
<02:57:55> [Info]:   SSE2: present
<02:57:55> [Info]:   SSE3: present
<02:57:55> [Info]:   Serial number not present or disabled
<02:57:55> [Info]:  
<02:57:55> [Info]: Processor 1:
<02:57:55> [Info]:   CPU: Intel Intel(R) Core(TM) i7-8750H CPU @ 2.20GHz
<02:57:55> [Info]:   Family: 6, Model: 14, Stepping: 10
<02:57:55> [Info]:   FPU: On-Chip
<02:57:55> [Info]:   3DNow!: not present
<02:57:55> [Info]:   MMX: not present
<02:57:55> [Info]:   SSE: present
<02:57:55> [Info]:   SSE2: present
<02:57:55> [Info]:   SSE3: present
<02:57:55> [Info]:   Serial number not present or disabled
<02:57:55> [Info]:  
<02:57:55> [Info]: Processor 2:
<02:57:55> [Info]:   CPU: Intel Intel(R) Core(TM) i7-8750H CPU @ 2.20GHz
<02:57:55> [Info]:   Family: 6, Model: 14, Stepping: 10
<02:57:55> [Info]:   FPU: On-Chip
<02:57:55> [Info]:   3DNow!: not present
<02:57:55> [Info]:   MMX: not present
<02:57:55> [Info]:   SSE: present
<02:57:55> [Info]:   SSE2: present
<02:57:55> [Info]:   SSE3: present
<02:57:55> [Info]:   Serial number not present or disabled
<02:57:55> [Info]:  
<02:57:55> [Info]: Processor 3:
<02:57:55> [Info]:   CPU: Intel Intel(R) Core(TM) i7-8750H CPU @ 2.20GHz
<02:57:55> [Info]:   Family: 6, Model: 14, Stepping: 10
<02:57:55> [Info]:   FPU: On-Chip
<02:57:55> [Info]:   3DNow!: not present
<02:57:55> [Info]:   MMX: not present
<02:57:55> [Info]:   SSE: present
<02:57:55> [Info]:   SSE2: present
<02:57:55> [Info]:   SSE3: present
<02:57:55> [Info]:   Serial number not present or disabled
<02:57:55> [Info]:  
<02:57:55> [Info]: Processor 4:
<02:57:55> [Info]:   CPU: Intel Intel(R) Core(TM) i7-8750H CPU @ 2.20GHz
<02:57:55> [Info]:   Family: 6, Model: 14, Stepping: 10
<02:57:55> [Info]:   FPU: On-Chip
<02:57:55> [Info]:   3DNow!: not present
<02:57:55> [Info]:   MMX: not present
<02:57:55> [Info]:   SSE: present
<02:57:55> [Info]:   SSE2: present
<02:57:55> [Info]:   SSE3: present
<02:57:55> [Info]:   Serial number not present or disabled
<02:57:55> [Info]:  
<02:57:55> [Info]: Processor 5:
<02:57:55> [Info]:   CPU: Intel Intel(R) Core(TM) i7-8750H CPU @ 2.20GHz
<02:57:55> [Info]:   Family: 6, Model: 14, Stepping: 10
<02:57:55> [Info]:   FPU: On-Chip
<02:57:55> [Info]:   3DNow!: not present
<02:57:55> [Info]:   MMX: not present
<02:57:55> [Info]:   SSE: present
<02:57:55> [Info]:   SSE2: present
<02:57:55> [Info]:   SSE3: present
<02:57:55> [Info]:   Serial number not present or disabled
<02:57:55> [Info]:  
<02:57:56> [Info]: Change detected in analytics configuration. Re-instantiating network traffic reporter
<02:58:18> [Info] (AZCore): [AsyncMapUnload] Loading of map "Climax_IntroScene" deferred in order to async unload previous level "frontend": starting async unload...
<02:58:18> [Info] (AZCore): [AsyncMapUnload] Lumberyard Connection State: "Disconnected"
<02:58:18> [Info] (AZCore): [ClientContext] Cleanup()
<02:58:18> [Info] (AZCore): [AsyncMapUnload] waiting... numJobs 0, AssetBus::context.m_queue.size(): 1, waitingRefs (from bus): 0
<02:58:18> [Info] (AZCore): [AsyncMapUnload] DONE waiting... numJobs 0, AssetBus::context.m_queue.size(): 0, waitingRefs (from bus): 0
<02:58:18> [Info] (AZCore): [AsyncMapUnload] ...allowing map change
<02:58:18> [Info]: ============================ Loading level Climax_IntroScene ============================
<02:58:26> [Info] (AZCore): [Script] CharacterInfoCard: Lua property GuildCrestForeground is not set

<02:58:26> [Info] (AZCore): [Script] CharacterInfoCard: Lua property GuildCrestBackground is not set

<02:58:26> [Info] (AZCore): [Script] CharacterInfoCard: Lua property GuildCrestForeground is not set

<02:58:26> [Info] (AZCore): [Script] CharacterInfoCard: Lua property GuildCrestBackground is not set

<02:58:27> [Info] (AZCore): [Script] Tooltip: Lua property SimpleTooltip is not set

<02:58:27> [Info] (AZCore): [Script] Tooltip: Lua property SimpleTooltipText is not set

<02:58:27> [Info]: SerializeOptions: Success
<02:58:27> [Info]: SerializeOptions: Moving to C:/Users/USER/AppData/Roaming/AGS/New World/savedata/temp_usersettings.javsave
<03:03:37> [Info] (AZCore): [Game] CGame::ActorContainerConnect
<03:03:37> [Info] (AZCore): [GameConnection] GameConnectionWrapper::Connect: playerName = Hankyu
<03:03:37> [Info] (AZCore): [GameConnection] Queueing login for world (3b45276f-b4b3-4f58-9eeb-e4e448abaf3a) and character (6f62bc1d-6da2-4832-bca1-a966ca6ba6e5)
<03:03:38> [Info] (AZCore): [GameConnection] Received login ticket: 3b45276f-b4b3-4f58-9eeb-e4e448abaf3a_8c754e14-c04a-4fd5-aa37-bf94b79f7b48
<03:03:41> [Info] (AZCore): [Game] LogEnvironmentString: World ID: 3b45276f-b4b3-4f58-9eeb-e4e448abaf3a
<03:03:41> [Info] (AZCore): [Game] LogEnvironmentString: World Name: ap-ftue-2-0008
<03:03:41> [Info] (AZCore): [Game] LogEnvironmentString: Character ID: 6f62bc1d-6da2-4832-bca1-a966ca6ba6e5
<03:03:41> [Info] (AZCore): [Game] LogEnvironmentString: REP Address: 52.205.167.71
<03:03:41> [Info] (AZCore): [StackConfig] LayerS3(): layer's "remoteCfg.public.RegionId" S3 key (old: ""), reset to new value: "applications/public/configuration-sets/RegionId/iad-prod/versionless"
<03:03:42> [Info] (AZCore): [StackConfig] Retrieved layer's "remoteCfg.public.RegionId" async remote config, with S3 key: "applications/public/configuration-sets/RegionId/iad-prod/versionless" successfully, size: 115

<03:03:42> [Info] (AZCore): [StackConfig] LayerS3(): layer's "remoteCfg.public.RegionIdv" S3 key (old: ""), reset to new value: "applications/public/configuration-sets/RegionId/iad-prod/2008270350;1139168"
<03:03:42> [Info] (AZCore): [StackConfig] LayerS3(): layer's "remoteCfg.public.WorldId" S3 key (old: ""), reset to new value: "applications/public/configuration-sets/WorldId/3b45276f-b4b3-4f58-9eeb-e4e448abaf3a/versionless"
<03:03:42> [Info] (AZCore): [StackConfig] LayerS3(): layer's "remoteCfg.public.WorldIdv" S3 key (old: ""), reset to new value: "applications/public/configuration-sets/WorldId/3b45276f-b4b3-4f58-9eeb-e4e448abaf3a/2008270350;1139168"
<03:03:42> [Info] (AZCore): [StackConfig] LayerS3(): layer's "remoteCfg.publicGameplay.RegionId" S3 key (old: ""), reset to new value: "applications/publicGameplay/configuration-sets/RegionId/iad-prod/versionless"
<03:03:42> [Info] (AZCore): [StackConfig] LayerS3(): layer's "remoteCfg.publicGameplay.RegionIdv" S3 key (old: ""), reset to new value: "applications/publicGameplay/configuration-sets/RegionId/iad-prod/2008270350;1139168"
<03:03:42> [Info] (AZCore): [StackConfig] LayerS3(): layer's "remoteCfg.publicGameplay.WorldId" S3 key (old: ""), reset to new value: "applications/publicGameplay/configuration-sets/WorldId/3b45276f-b4b3-4f58-9eeb-e4e448abaf3a/versionless"
<03:03:42> [Info] (AZCore): [StackConfig] LayerS3(): layer's "remoteCfg.publicGameplay.WorldIdv" S3 key (old: ""), reset to new value: "applications/publicGameplay/configuration-sets/WorldId/3b45276f-b4b3-4f58-9eeb-e4e448abaf3a/2008270350;1139168"
<03:03:42> [Info] (AZCore): [GameConnection] GameConnectionWrapper: start REP connection, repAddress = 52.205.167.71, worldId = 3b45276f-b4b3-4f58-9eeb-e4e448abaf3a
<03:03:46> [Info] (AZCore): [GameConnection] GameConnectionWrapper: REP socket connection established, now waiting to register
<03:03:46> [Info] (AZCore): [GameConnection] GameConnectionWrapper: received registration response from REP
<03:03:46> [Info] (AZCore): [Game] LogEnvironmentString: Server version: [RELEASE].Javelin.2008270350.1139168
<03:03:46> [Info] (AZCore): [GameConnection] GameConnectionWrapper: start actor game connection
<03:03:46> [Info] (AZCore): [GameConnection] GameConnectionWrapper: actor game connection succeeds
<03:03:46> [Info] (AZCore): [GameConnection] GameConnectionWrapper: AOI client available
<03:03:46> [Info] (AZCore): [ClientContext] Initialize()
<03:03:46> [Info] (AZCore): [ClientContext] Cleanup()
<03:03:51> [Info] (AZCore): [streamingGDEManager] Initialize()
<03:03:51> [Info] (AZCore): [AsyncMapUnload] Loading of map "FTUE" deferred in order to async unload previous level "Climax_IntroScene": starting async unload...
<03:03:51> [Info] (AZCore): [AsyncMapUnload] Lumberyard Connection State: "WaitingForPlayerSpawn"
<03:03:51> [Info] (AZCore): [AsyncMapUnload] waiting... numJobs 1, AssetBus::context.m_queue.size(): 0, waitingRefs (from bus): 0
<03:03:51> [Info] (AZCore): [AsyncMapUnload] waiting... numJobs 1, AssetBus::context.m_queue.size(): 0, waitingRefs (from bus): 0
<03:03:51> [Info] (AZCore): [AsyncMapUnload] waiting... numJobs 0, AssetBus::context.m_queue.size(): 1, waitingRefs (from bus): 0
<03:03:51> [Info] (AZCore): [AsyncMapUnload] DONE waiting... numJobs 0, AssetBus::context.m_queue.size(): 0, waitingRefs (from bus): 0
<03:03:51> [Info] (AZCore): [AsyncMapUnload] ...allowing map change
<03:03:51> [Info]: ============================ Loading level FTUE ============================
<03:03:51> [Info] (AZCore): [Script] Loaded Tutorial_Inventory

<03:03:51> [Info] (AZCore): [Script] Loaded Tutorial_MasteryTree

<03:03:54> [Info]: CGame::InitCoatlicueTerrain
<03:04:00> [Info] (AZCore): [GDERenderManager] Init()
<03:04:01> [Info] (AZCore): [Game] LogEnvironmentString: Player Name: Hankyu
<03:04:01> [Info] (AZCore): [Game] LogEnvironmentString: Player Actor: CC611B1C73E0E2B0ACA2279162585D75
<03:04:02> [Info] (AZCore): [Script] Initializing ambient audio

<03:04:02> [Info] (AZCore): [Script] Initializing Cattail

<03:04:02> [Info] (AZCore): [Script] SetAmbientSource

<03:04:02> [Info] (AZCore): [Script] Initializing Bush

<03:04:02> [Info] (AZCore): [Script] SetAmbientSource

<03:04:02> [Info] (AZCore): [Script] Initializing BeechTree

<03:04:02> [Info] (AZCore): [Script] SetAmbientSource

<03:04:02> [Info] (AZCore): [Script] Initializing PoplarTree

<03:04:02> [Info] (AZCore): [Script] SetAmbientSource

<03:04:02> [Info] (AZCore): [Script] Initializing OakTree

<03:04:02> [Info] (AZCore): [Script] SetAmbientSource

<03:04:02> [Info] (AZCore): [Script] Initializing DeadTree

<03:04:02> [Info] (AZCore): [Script] SetAmbientSource

<03:04:02> [Info] (AZCore): [Script] Initializing PineTree

<03:04:02> [Info] (AZCore): [Script] SetAmbientSource

<03:04:02> [Info] (AZCore): [Script] Initialize audio control

<03:04:03> [Info] (AZCore): [GameConnection] GameConnectionWrapper: player spawn succeeds, in game
<03:04:03> [Info] (AZCore): [Game] CGame::OnConnectionSucceed
<03:04:05> [Info]: [Vivox] VoiceChatSystemComponent: connected to server
<03:04:06> [Info]: SerializeOptions: Success
<03:04:06> [Info]: SerializeOptions: Moving to C:/Users/USER/AppData/Roaming/AGS/New World/savedata/temp_usersettings.javsave
<03:04:07> [Info]: [Vivox] VoiceChatClientState: Attempting login as '.amzpnw.6f62bc1d-6da2-4832-bca1-a966ca6ba6e5.'...
<03:04:10> [Info]: [Vivox] VoiceChatSystemComponent: logged in to server
<03:04:11> [Info]: [Vivox] VoiceChatClientState: joining new channel 'sip:confctl-d-amzpnw.jav-3b45276f-b4b3-4f58-9eeb-e4e448abaf3a-MDA5MDAw!p-20-5-1.000-2@nwxp.vivox.com'
<03:04:11> [Info]: [Vivox] VoiceChatClientState: Attempting to join 3d channel 'sip:confctl-d-amzpnw.jav-3b45276f-b4b3-4f58-9eeb-e4e448abaf3a-MDA5MDAw!p-20-5-1.000-2@nwxp.vivox.com (009000)'...
<03:04:11> [Info]: [Vivox] VoiceChatSystemComponent: setting all channel transmission complete
<03:04:11> [Info]: [Vivox] VoiceChatSystemComponent: channel 'sip:confctl-d-amzpnw.jav-3b45276f-b4b3-4f58-9eeb-e4e448abaf3a-MDA5MDAw!p-20-5-1.000-2@nwxp.vivox.com' joined
<03:04:13> [Info]: [Vivox] VoiceChatClientState: joining new channel 'sip:confctl-d-amzpnw.jav-3b45276f-b4b3-4f58-9eeb-e4e448abaf3a-MDEwMDAx!p-20-5-1.000-2@nwxp.vivox.com'
<03:04:14> [Info]: [Vivox] VoiceChatClientState: Attempting to join 3d channel 'sip:confctl-d-amzpnw.jav-3b45276f-b4b3-4f58-9eeb-e4e448abaf3a-MDEwMDAx!p-20-5-1.000-2@nwxp.vivox.com (010001)'...
<03:04:14> [Info]: [Vivox] VoiceChatSystemComponent: setting all channel transmission complete
<03:04:14> [Info]: [Vivox] VoiceChatSystemComponent: channel 'sip:confctl-d-amzpnw.jav-3b45276f-b4b3-4f58-9eeb-e4e448abaf3a-MDEwMDAx!p-20-5-1.000-2@nwxp.vivox.com' joined
<03:04:25> [Info] (AZCore): [Script] Tooltip: Lua property SimpleTooltip is not set

<03:04:25> [Info] (AZCore): [Script] Tooltip: Lua property SimpleTooltipText is not set

<03:04:26> [Info]: [Vivox] VoiceChatClientState: joining new channel 'sip:confctl-d-amzpnw.jav-3b45276f-b4b3-4f58-9eeb-e4e448abaf3a-MDA5MDAx!p-20-5-1.000-2@nwxp.vivox.com'
<03:04:26> [Info]: [Vivox] VoiceChatClientState: Attempting to join 3d channel 'sip:confctl-d-amzpnw.jav-3b45276f-b4b3-4f58-9eeb-e4e448abaf3a-MDA5MDAx!p-20-5-1.000-2@nwxp.vivox.com (009001)'...
<03:04:26> [Info]: [Vivox] VoiceChatSystemComponent: setting all channel transmission complete
<03:04:27> [Info]: [Vivox] VoiceChatSystemComponent: channel 'sip:confctl-d-amzpnw.jav-3b45276f-b4b3-4f58-9eeb-e4e448abaf3a-MDA5MDAx!p-20-5-1.000-2@nwxp.vivox.com' joined
<03:04:29> [Info]: [Vivox] VoiceChatClientState: joining new channel 'sip:confctl-d-amzpnw.jav-3b45276f-b4b3-4f58-9eeb-e4e448abaf3a-MDEwMDAw!p-20-5-1.000-2@nwxp.vivox.com'
<03:04:29> [Info]: [Vivox] VoiceChatClientState: Attempting to join 3d channel 'sip:confctl-d-amzpnw.jav-3b45276f-b4b3-4f58-9eeb-e4e448abaf3a-MDEwMDAw!p-20-5-1.000-2@nwxp.vivox.com (010000)'...
<03:04:29> [Info]: [Vivox] VoiceChatSystemComponent: setting all channel transmission complete
<03:04:29> [Info]: [Vivox] VoiceChatSystemComponent: channel 'sip:confctl-d-amzpnw.jav-3b45276f-b4b3-4f58-9eeb-e4e448abaf3a-MDEwMDAw!p-20-5-1.000-2@nwxp.vivox.com' joined
<03:04:30> [Info] (AZCore): [Script] ScriptedEntityTweener: animation with no id specified { ["duration"] = 0.4,["opacity"] = 1,} 

<03:04:30> [Info] (AZCore): [Script] ScriptedEntityTweener:TimelineAdd invalid animation parameters for timline uuid { ["duration"] = 0.4,["opacity"] = 1,} 

<03:04:30> [Info] (AZCore): [Script] ScriptedEntityTweener: animation with no id specified { ["duration"] = 0.05,["opacity"] = 1,} 

<03:04:30> [Info] (AZCore): [Script] ScriptedEntityTweener:TimelineAdd invalid animation parameters for timline uuid { ["duration"] = 0.05,["opacity"] = 1,} 

<03:04:30> [Info] (AZCore): [Script] ScriptedEntityTweener: animation with no id specified { ["opacity"] = 0.3,["duration"] = 0.35,["onComplete"] = function: 000001C04CE745D0,} 

<03:04:30> [Info] (AZCore): [Script] ScriptedEntityTweener:TimelineAdd invalid animation parameters for timline uuid { ["opacity"] = 0.3,["duration"] = 0.35,["onComplete"] = function: 000001C04CE745D0,} 

<03:04:31> [Info] (AZCore): [Script] 
lyshineui/inventory/dynamicitemlist.lua(605): WARNING: Cloning 78 draggable item in DynamicItemList in 'MagicMap' canvas. Consider increasing cache size.

<03:04:31> [Info] (AZCore): [Script] 
lyshineui/_common/entitlementsdatahandler.lua(87): ERROR: EntitlementsDataHandler:OnEntitlementError

<03:04:32> [Info]: [Vivox] VoiceChatSystemComponent: removing transmission to 010000
<03:04:32> [Info]: [Vivox] VoiceChatSystemComponent: removing transmission to 009001
<03:04:32> [Info]: [Vivox] VoiceChatSystemComponent: removing transmission to 010001
<03:04:32> [Info]: [Vivox] VoiceChatClientState: transmitting to no channels
<03:04:32> [Info]: [Vivox] VoiceChatSystemComponent: setting no channel transmission complete
<03:04:32> [Info]: [Vivox] VoiceChatSystemComponent: setting no channel transmission complete
<03:04:32> [Info]: [Vivox] VoiceChatSystemComponent: setting no channel transmission complete
<03:04:32> [Info]: [Vivox] VoiceChatSystemComponent: transmitting only to sip:confctl-d-amzpnw.jav-3b45276f-b4b3-4f58-9eeb-e4e448abaf3a-MDA5MDAw!p-20-5-1.000-2@nwxp.vivox.com
<03:04:32> [Info]: [Vivox] VoiceChatClientState: transmitting to sip:confctl-d-amzpnw.jav-3b45276f-b4b3-4f58-9eeb-e4e448abaf3a-MDA5MDAw!p-20-5-1.000-2@nwxp.vivox.com
<03:04:32> [Info]: [Vivox] VoiceChatSystemComponent: setting specific channel transmission complete
<03:05:55> [Info]: [Vivox] VoiceChatClientState: leaving channel 'sip:confctl-d-amzpnw.jav-3b45276f-b4b3-4f58-9eeb-e4e448abaf3a-MDEwMDAw!p-20-5-1.000-2@nwxp.vivox.com'
<03:05:55> [Info]: [Vivox] VoiceChatClientState: leaving channel 'sip:confctl-d-amzpnw.jav-3b45276f-b4b3-4f58-9eeb-e4e448abaf3a-MDEwMDAx!p-20-5-1.000-2@nwxp.vivox.com'
<03:05:55> [Info]: [Vivox] VoiceChatClientState: joining new channel 'sip:confctl-d-amzpnw.jav-3b45276f-b4b3-4f58-9eeb-e4e448abaf3a-MDA4MDAx!p-20-5-1.000-2@nwxp.vivox.com'
<03:05:55> [Info]: [Vivox] VoiceChatClientState: Attempting to join 3d channel 'sip:confctl-d-amzpnw.jav-3b45276f-b4b3-4f58-9eeb-e4e448abaf3a-MDA4MDAx!p-20-5-1.000-2@nwxp.vivox.com (008001)'...
<03:05:55> [Info]: [Vivox] VoiceChatSystemComponent: channel 'sip:confctl-d-amzpnw.jav-3b45276f-b4b3-4f58-9eeb-e4e448abaf3a-MDEwMDAw!p-20-5-1.000-2@nwxp.vivox.com' left
<03:05:56> [Info]: [Vivox] VoiceChatSystemComponent: channel 'sip:confctl-d-amzpnw.jav-3b45276f-b4b3-4f58-9eeb-e4e448abaf3a-MDEwMDAx!p-20-5-1.000-2@nwxp.vivox.com' left
<03:05:56> [Info]: [Vivox] VoiceChatSystemComponent: setting all channel transmission complete
<03:05:56> [Info]: [Vivox] VoiceChatSystemComponent: setting specific channel transmission complete
<03:05:56> [Info]: [Vivox] VoiceChatSystemComponent: channel 'sip:confctl-d-amzpnw.jav-3b45276f-b4b3-4f58-9eeb-e4e448abaf3a-MDA4MDAx!p-20-5-1.000-2@nwxp.vivox.com' joined
<03:05:56> [Info]: [Vivox] VoiceChatClientState: joining new channel 'sip:confctl-d-amzpnw.jav-3b45276f-b4b3-4f58-9eeb-e4e448abaf3a-MDA4MDAw!p-20-5-1.000-2@nwxp.vivox.com'
<03:05:56> [Info]: [Vivox] VoiceChatClientState: Attempting to join 3d channel 'sip:confctl-d-amzpnw.jav-3b45276f-b4b3-4f58-9eeb-e4e448abaf3a-MDA4MDAw!p-20-5-1.000-2@nwxp.vivox.com (008000)'...
<03:05:56> [Info]: [Vivox] VoiceChatSystemComponent: setting all channel transmission complete
<03:05:56> [Info]: [Vivox] VoiceChatSystemComponent: setting specific channel transmission complete
<03:05:57> [Info]: [Vivox] VoiceChatSystemComponent: channel 'sip:confctl-d-amzpnw.jav-3b45276f-b4b3-4f58-9eeb-e4e448abaf3a-MDA4MDAw!p-20-5-1.000-2@nwxp.vivox.com' joined
<03:05:57> [Info]: [Vivox] VoiceChatSystemComponent: removing transmission to 008000
<03:05:57> [Info]: [Vivox] VoiceChatSystemComponent: removing transmission to 009001
<03:05:57> [Info]: [Vivox] VoiceChatSystemComponent: removing transmission to 009000
<03:05:57> [Info]: [Vivox] VoiceChatClientState: transmitting to no channels
<03:05:57> [Info]: [Vivox] VoiceChatSystemComponent: transmitting only to sip:confctl-d-amzpnw.jav-3b45276f-b4b3-4f58-9eeb-e4e448abaf3a-MDA4MDAx!p-20-5-1.000-2@nwxp.vivox.com
<03:05:57> [Info]: [Vivox] VoiceChatClientState: transmitting to sip:confctl-d-amzpnw.jav-3b45276f-b4b3-4f58-9eeb-e4e448abaf3a-MDA4MDAx!p-20-5-1.000-2@nwxp.vivox.com
<03:05:57> [Info]: [Vivox] VoiceChatSystemComponent: setting no channel transmission complete
<03:05:57> [Info]: [Vivox] VoiceChatSystemComponent: setting specific channel transmission complete
<03:05:57> [Info]: [Vivox] VoiceChatSystemComponent: setting no channel transmission complete
<03:05:57> [Info]: [Vivox] VoiceChatSystemComponent: setting specific channel transmission complete
<03:05:57> [Info]: [Vivox] VoiceChatSystemComponent: setting no channel transmission complete
<03:05:57> [Info]: [Vivox] VoiceChatSystemComponent: setting specific channel transmission complete
<03:07:55> [Info]: SerializeOptions: Success
<03:07:55> [Info]: SerializeOptions: Moving to C:/Users/USER/AppData/Roaming/AGS/New World/savedata/temp_usersettings.javsave
<03:08:45> [Info] (AZCore): [Script] Music_FTUE - Mx_FTUE_Combat_B1

<03:09:53> [Info] (AZCore): [AsyncMapUnload] Loading of map "" deferred in order to async unload previous level "FTUE": starting async unload...
<03:09:53> [Info] (AZCore): [AsyncMapUnload] Lumberyard Connection State: "InGame"
<03:09:53> [Info] (AZCore): [Game] CGame::ActorContainerDisconnect
<03:09:53> [Info] (AZCore): [GameConnection] GameConnectionWrapper::Disconnect
<03:09:53> [Info] (AZCore): [Game] CGame::OnDisconnection: Disconnected from REP
<03:09:53> [Info] (AZCore): [GameConnection] GameConnectionWrapper: disconnected from REP
<03:09:53> [Info]: [ERROR] ClientSDK: @mm_csdkerr_disconnect
<03:09:54> [Info] (AZCore): [ClientContext] Cleanup()
<03:09:54> [Info] (AZCore): [GDERenderManager] Releasing resources!
<03:09:54> [Info] (AZCore): [streamingGDEManager] Shutting down and releasing regions
<03:09:54> [Info]: [Vivox]ASSERT VivoxClientApi::ClientConnectionImpl::HandleResponse 3550 - login != nullptr
<03:09:54> [Info]: [Vivox]ASSERT VivoxClientApi::ClientConnectionImpl::DispatchEvent 3944 - login != nullptr
<03:09:55> [Info]: [Vivox]ASSERT VivoxClientApi::ClientConnectionImpl::HandleResponse 3550 - login != nullptr
<03:09:55> [Info]: [Vivox]ASSERT VivoxClientApi::ClientConnectionImpl::DispatchEvent 3944 - login != nullptr
<03:09:55> [Info]: [Vivox]ASSERT VivoxClientApi::ClientConnectionImpl::HandleResponse 3550 - login != nullptr
<03:09:55> [Info]: [Vivox]ASSERT VivoxClientApi::ClientConnectionImpl::DispatchEvent 3944 - login != nullptr
<03:09:55> [Info]: [Vivox]ASSERT VivoxClientApi::ClientConnectionImpl::HandleResponse 3550 - login != nullptr
<03:09:55> [Info]: [Vivox]ASSERT VivoxClientApi::ClientConnectionImpl::DispatchEvent 3944 - login != nullptr
<03:09:55> [Info]: [Vivox] VoiceChatSystemComponent: disconnected from server
<03:09:55> [Info] (AZCore): [AsyncMapUnload] waiting... numJobs 0, AssetBus::context.m_queue.size(): 527, waitingRefs (from bus): 0
<03:09:55> [Info] (AZCore): [AsyncMapUnload] DONE waiting... numJobs 0, AssetBus::context.m_queue.size(): 0, waitingRefs (from bus): 0
<03:09:55> [Info] (AZCore): [AsyncMapUnload] ...allowing map change
<03:09:55> [Info] (AZCore): [Game] CGame::ActorContainerConnect
<03:09:55> [Info] (AZCore): [GameConnection] GameConnectionWrapper::Connect: playerName = Hankyu
<03:09:55> [Info] (AZCore): [GameConnection] Queueing login for world () and character (6f62bc1d-6da2-4832-bca1-a966ca6ba6e5)
<03:09:57> [Info] (AZCore): [GameConnection] Received login ticket: 652a15bd-6726-4923-9740-65b69c20747a_0993bbd7-101d-4b1e-b674-764ca6777a93
<03:10:01> [Info] (AZCore): [Game] LogEnvironmentString: World ID: 652a15bd-6726-4923-9740-65b69c20747a
<03:10:01> [Info] (AZCore): [Game] LogEnvironmentString: World Name: preview-2-0011
<03:10:01> [Info] (AZCore): [Game] LogEnvironmentString: REP Address: 3.87.71.26
<03:10:01> [Info] (AZCore): [StackConfig] LayerS3(): layer's "remoteCfg.public.RegionId" S3 key (old: "applications/public/configuration-sets/RegionId/iad-prod/versionless"), reset to new value: "applications/public/configuration-sets/RegionId/iad-prod/versionless"
<03:10:02> [Info] (AZCore): [StackConfig] Retrieved layer's "remoteCfg.public.RegionId" async remote config, with S3 key: "applications/public/configuration-sets/RegionId/iad-prod/versionless" successfully, size: 115

<03:10:02> [Info]: Change detected in analytics configuration. Re-instantiating network traffic reporter
<03:10:02> [Info] (AZCore): [StackConfig] LayerS3(): layer's "remoteCfg.public.RegionIdv" S3 key (old: "applications/public/configuration-sets/RegionId/iad-prod/2008270350;1139168"), reset to new value: "applications/public/configuration-sets/RegionId/iad-prod/2008270350;1139168"
<03:10:02> [Info] (AZCore): [StackConfig] LayerS3(): layer's "remoteCfg.public.WorldId" S3 key (old: "applications/public/configuration-sets/WorldId/3b45276f-b4b3-4f58-9eeb-e4e448abaf3a/versionless"), reset to new value: "applications/public/configuration-sets/WorldId/652a15bd-6726-4923-9740-65b69c20747a/versionless"
<03:10:02> [Info] (AZCore): [StackConfig] LayerS3(): layer's "remoteCfg.public.WorldIdv" S3 key (old: "applications/public/configuration-sets/WorldId/3b45276f-b4b3-4f58-9eeb-e4e448abaf3a/2008270350;1139168"), reset to new value: "applications/public/configuration-sets/WorldId/652a15bd-6726-4923-9740-65b69c20747a/2008270350;1139168"
<03:10:02> [Info] (AZCore): [StackConfig] LayerS3(): layer's "remoteCfg.publicGameplay.RegionId" S3 key (old: "applications/publicGameplay/configuration-sets/RegionId/iad-prod/versionless"), reset to new value: "applications/publicGameplay/configuration-sets/RegionId/iad-prod/versionless"
<03:10:02> [Info] (AZCore): [StackConfig] LayerS3(): layer's "remoteCfg.publicGameplay.RegionIdv" S3 key (old: "applications/publicGameplay/configuration-sets/RegionId/iad-prod/2008270350;1139168"), reset to new value: "applications/publicGameplay/configuration-sets/RegionId/iad-prod/2008270350;1139168"
<03:10:02> [Info] (AZCore): [StackConfig] LayerS3(): layer's "remoteCfg.publicGameplay.WorldId" S3 key (old: "applications/publicGameplay/configuration-sets/WorldId/3b45276f-b4b3-4f58-9eeb-e4e448abaf3a/versionless"), reset to new value: "applications/publicGameplay/configuration-sets/WorldId/652a15bd-6726-4923-9740-65b69c20747a/versionless"
<03:10:02> [Info] (AZCore): [StackConfig] LayerS3(): layer's "remoteCfg.publicGameplay.WorldIdv" S3 key (old: "applications/publicGameplay/configuration-sets/WorldId/3b45276f-b4b3-4f58-9eeb-e4e448abaf3a/2008270350;1139168"), reset to new value: "applications/publicGameplay/configuration-sets/WorldId/652a15bd-6726-4923-9740-65b69c20747a/2008270350;1139168"
<03:10:02> [Info] (AZCore): [GameConnection] GameConnectionWrapper: start REP connection, repAddress = 3.87.71.26, worldId = 652a15bd-6726-4923-9740-65b69c20747a
<03:10:02> [Info] (AZCore): [GameConnection] GameConnectionWrapper: REP socket connection established, now waiting to register
<03:10:03> [Info] (AZCore): [GameConnection] GameConnectionWrapper: received registration response from REP
<03:10:03> [Info] (AZCore): [GameConnection] GameConnectionWrapper: start actor game connection
<03:10:03> [Info] (AZCore): [GameConnection] GameConnectionWrapper: actor game connection succeeds
<03:10:03> [Info] (AZCore): [GameConnection] GameConnectionWrapper: AOI client available
<03:10:03> [Info] (AZCore): [ClientContext] Initialize()
<03:10:03> [Info] (AZCore): [ClientContext] Cleanup()
<03:10:10> [Info] (AZCore): [streamingGDEManager] Initialize()
<03:10:10> [Info] (AZCore): [AsyncMapUnload] No previous level to unload, so not starting async.  Just loading this map now: ("NewWorld_VitaeEterna")
<03:10:10> [Info]: ============================ Loading level NewWorld_VitaeEterna ============================
<03:10:15> [Info]: CGame::InitCoatlicueTerrain
<03:10:18> [Info] (AZCore): [GDERenderManager] Init()
<03:10:20> [Info] (AZCore): [Game] LogEnvironmentString: Player Actor: FE3C3245D03C4A0E8C57B8D3E71B1D17
<03:10:20> [Info] (AZCore): [Script] Initializing ambient audio

<03:10:20> [Info] (AZCore): [Script] Initializing Cattail

<03:10:20> [Info] (AZCore): [Script] SetAmbientSource

<03:10:20> [Info] (AZCore): [Script] Initializing Bush

<03:10:20> [Info] (AZCore): [Script] SetAmbientSource

<03:10:20> [Info] (AZCore): [Script] Initializing BeechTree

<03:10:20> [Info] (AZCore): [Script] SetAmbientSource

<03:10:20> [Info] (AZCore): [Script] Initializing PoplarTree

<03:10:20> [Info] (AZCore): [Script] SetAmbientSource

<03:10:20> [Info] (AZCore): [Script] Initializing OakTree

<03:10:20> [Info] (AZCore): [Script] SetAmbientSource

<03:10:20> [Info] (AZCore): [Script] Initializing DeadTree

<03:10:20> [Info] (AZCore): [Script] SetAmbientSource

<03:10:20> [Info] (AZCore): [Script] Initializing PineTree

<03:10:20> [Info] (AZCore): [Script] SetAmbientSource

<03:10:20> [Info] (AZCore): [Script] Initialize audio control

<03:10:21> [Info] (AZCore): [GameConnection] GameConnectionWrapper: player spawn succeeds, in game
<03:10:21> [Info] (AZCore): [Game] CGame::OnConnectionSucceed
<03:10:22> [Info]: [Vivox] VoiceChatSystemComponent: connected to server
<03:10:22> [Info]: [Vivox] VoiceChatClientState: Attempting login as '.amzpnw.6f62bc1d-6da2-4832-bca1-a966ca6ba6e5.'...
<03:10:24> [Info]: [Vivox] VoiceChatSystemComponent: logged in to server
<03:10:25> [Info]: SerializeOptions: Success
<03:10:25> [Info]: SerializeOptions: Moving to C:/Users/USER/AppData/Roaming/AGS/New World/savedata/temp_usersettings.javsave
<03:10:26> [Info]: [Vivox] VoiceChatClientState: joining new channel 'sip:confctl-d-amzpnw.jav-652a15bd-6726-4923-9740-65b69c20747a-MDE5MDAx!p-20-5-1.000-2@nwxp.vivox.com'
<03:10:26> [Info]: [Vivox] VoiceChatClientState: Attempting to join 3d channel 'sip:confctl-d-amzpnw.jav-652a15bd-6726-4923-9740-65b69c20747a-MDE5MDAx!p-20-5-1.000-2@nwxp.vivox.com (019001)'...
<03:10:26> [Info]: [Vivox] VoiceChatSystemComponent: setting all channel transmission complete
<03:10:26> [Info]: [Vivox] VoiceChatSystemComponent: channel 'sip:confctl-d-amzpnw.jav-652a15bd-6726-4923-9740-65b69c20747a-MDE5MDAx!p-20-5-1.000-2@nwxp.vivox.com' joined
<03:10:27> [Info]: [Vivox] VoiceChatClientState: joining new channel 'sip:confctl-d-amzpnw.jav-652a15bd-6726-4923-9740-65b69c20747a-MDE4MDAx!p-20-5-1.000-2@nwxp.vivox.com'
<03:10:27> [Info]: [Vivox] VoiceChatClientState: Attempting to join 3d channel 'sip:confctl-d-amzpnw.jav-652a15bd-6726-4923-9740-65b69c20747a-MDE4MDAx!p-20-5-1.000-2@nwxp.vivox.com (018001)'...
<03:10:27> [Info]: [Vivox] VoiceChatSystemComponent: setting all channel transmission complete
<03:10:28> [Info]: [Vivox] VoiceChatSystemComponent: channel 'sip:confctl-d-amzpnw.jav-652a15bd-6726-4923-9740-65b69c20747a-MDE4MDAx!p-20-5-1.000-2@nwxp.vivox.com' joined
<03:10:33> [Info]: [Vivox] VoiceChatClientState: joining new channel 'sip:confctl-d-amzpnw.jav-652a15bd-6726-4923-9740-65b69c20747a-MDE5MDAw!p-20-5-1.000-2@nwxp.vivox.com'
<03:10:34> [Info]: [Vivox] VoiceChatClientState: Attempting to join 3d channel 'sip:confctl-d-amzpnw.jav-652a15bd-6726-4923-9740-65b69c20747a-MDE5MDAw!p-20-5-1.000-2@nwxp.vivox.com (019000)'...
<03:10:34> [Info]: [Vivox] VoiceChatSystemComponent: setting all channel transmission complete
<03:10:35> [Info]: [Vivox] VoiceChatSystemComponent: channel 'sip:confctl-d-amzpnw.jav-652a15bd-6726-4923-9740-65b69c20747a-MDE5MDAw!p-20-5-1.000-2@nwxp.vivox.com' joined
<03:10:35> [Info]: [Vivox] VoiceChatClientState: joining new channel 'sip:confctl-d-amzpnw.jav-652a15bd-6726-4923-9740-65b69c20747a-MDE4MDAw!p-20-5-1.000-2@nwxp.vivox.com'
<03:10:35> [Info]: [Vivox] VoiceChatClientState: Attempting to join 3d channel 'sip:confctl-d-amzpnw.jav-652a15bd-6726-4923-9740-65b69c20747a-MDE4MDAw!p-20-5-1.000-2@nwxp.vivox.com (018000)'...
<03:10:35> [Info]: [Vivox] VoiceChatSystemComponent: setting all channel transmission complete
<03:10:36> [Info]: [Vivox] VoiceChatSystemComponent: channel 'sip:confctl-d-amzpnw.jav-652a15bd-6726-4923-9740-65b69c20747a-MDE4MDAw!p-20-5-1.000-2@nwxp.vivox.com' joined
<03:10:36> [Info]: [Vivox] VoiceChatSystemComponent: removing transmission to 018000
<03:10:36> [Info]: [Vivox] VoiceChatSystemComponent: removing transmission to 019000
<03:10:36> [Info]: [Vivox] VoiceChatSystemComponent: removing transmission to 018001
<03:10:36> [Info]: [Vivox] VoiceChatClientState: transmitting to no channels
<03:10:36> [Info]: [Vivox] VoiceChatSystemComponent: transmitting only to sip:confctl-d-amzpnw.jav-652a15bd-6726-4923-9740-65b69c20747a-MDE5MDAx!p-20-5-1.000-2@nwxp.vivox.com
<03:10:36> [Info]: [Vivox] VoiceChatClientState: transmitting to sip:confctl-d-amzpnw.jav-652a15bd-6726-4923-9740-65b69c20747a-MDE5MDAx!p-20-5-1.000-2@nwxp.vivox.com
<03:10:36> [Info]: [Vivox] VoiceChatSystemComponent: setting no channel transmission complete
<03:10:36> [Info]: [Vivox] VoiceChatSystemComponent: setting specific channel transmission complete
<03:10:36> [Info]: [Vivox] VoiceChatSystemComponent: setting no channel transmission complete
<03:10:36> [Info]: [Vivox] VoiceChatSystemComponent: setting specific channel transmission complete
<03:10:36> [Info]: [Vivox] VoiceChatSystemComponent: setting no channel transmission complete
<03:10:36> [Info]: [Vivox] VoiceChatSystemComponent: setting specific channel transmission complete
<03:10:43> [Info] (AZCore): [Script] Tooltip: Lua property SimpleTooltip is not set

<03:10:43> [Info] (AZCore): [Script] Tooltip: Lua property SimpleTooltipText is not set

<03:10:47> [Info] (AZCore): [Script] 
lyshineui/inventory/dynamicitemlist.lua(605): WARNING: Cloning 78 draggable item in DynamicItemList in 'MagicMap' canvas. Consider increasing cache size.

<03:10:48> [Info] (AZCore): [Script] 
lyshineui/_common/entitlementsdatahandler.lua(87): ERROR: EntitlementsDataHandler:OnEntitlementError

<03:13:18> [Info] (AZCore): [Game] CGame::ActorContainerDisconnect
<03:13:18> [Info] (AZCore): [GameConnection] GameConnectionWrapper::Disconnect
<03:13:18> [Info] (AZCore): [Game] CGame::OnDisconnection: Disconnected from REP
<03:13:18> [Info] (AZCore): [GameConnection] GameConnectionWrapper: disconnected from REP
<03:13:18> [Info]: [ERROR] ClientSDK: @mm_csdkerr_disconnect
