<12:16:56> [Info]: BackupNameAttachment=" Build(6859) 28 Aug 20 (12 16 56)"  -- used by backup system

<12:16:56> [Info]: Log Started at Fri Aug 28 12:16:56 2020
<12:16:56> [Info]: Built on Thu Aug 27 04:16:17 2020

<12:16:56> [Info]: Running 64 bit Windows version
<12:16:56> [Info]: Executable: Javelin_x64.exe [AZ_RETAIL_CONFIG]
<12:16:56> [Info]: Executable Folder: SteamLibrary
<12:16:56> [Info]: FileVersion: 1.0.17.6859
<12:16:56> [Info]: ProductVersion: 1.0.17.6859
<12:16:56> [Info]: Using Microsoft (tm) C++ Standard Library implementation

<12:16:56> [Info] (AZCore): [System] Loading system configuration from system_windows_pc.cfg...
<12:16:56> [Info] (AZCore): [System] GameDir: Assets

<12:17:00> [Info]: 
<12:17:00> [Info]: Total number of logical processors: 12
<12:17:00> [Info]: Number of available logical processors: 12
<12:17:00> [Info]: Total number of system cores: 6
<12:17:00> [Info]: Number of cores available to process: 6
<12:17:00> [Info]:  
<12:17:00> [Info]: Processor 0:
<12:17:00> [Info]:   CPU: Intel Intel(R) Core(TM) i7-8750H CPU @ 2.20GHz
<12:17:00> [Info]:   Family: 6, Model: 14, Stepping: 10
<12:17:00> [Info]:   FPU: On-Chip
<12:17:00> [Info]:   3DNow!: not present
<12:17:00> [Info]:   MMX: not present
<12:17:00> [Info]:   SSE: present
<12:17:00> [Info]:   SSE2: present
<12:17:00> [Info]:   SSE3: present
<12:17:00> [Info]:   Serial number not present or disabled
<12:17:00> [Info]:  
<12:17:00> [Info]: Processor 1:
<12:17:00> [Info]:   CPU: Intel Intel(R) Core(TM) i7-8750H CPU @ 2.20GHz
<12:17:00> [Info]:   Family: 6, Model: 14, Stepping: 10
<12:17:00> [Info]:   FPU: On-Chip
<12:17:00> [Info]:   3DNow!: not present
<12:17:00> [Info]:   MMX: not present
<12:17:00> [Info]:   SSE: present
<12:17:00> [Info]:   SSE2: present
<12:17:00> [Info]:   SSE3: present
<12:17:00> [Info]:   Serial number not present or disabled
<12:17:00> [Info]:  
<12:17:00> [Info]: Processor 2:
<12:17:00> [Info]:   CPU: Intel Intel(R) Core(TM) i7-8750H CPU @ 2.20GHz
<12:17:00> [Info]:   Family: 6, Model: 14, Stepping: 10
<12:17:00> [Info]:   FPU: On-Chip
<12:17:00> [Info]:   3DNow!: not present
<12:17:00> [Info]:   MMX: not present
<12:17:00> [Info]:   SSE: present
<12:17:00> [Info]:   SSE2: present
<12:17:00> [Info]:   SSE3: present
<12:17:00> [Info]:   Serial number not present or disabled
<12:17:00> [Info]:  
<12:17:00> [Info]: Processor 3:
<12:17:00> [Info]:   CPU: Intel Intel(R) Core(TM) i7-8750H CPU @ 2.20GHz
<12:17:00> [Info]:   Family: 6, Model: 14, Stepping: 10
<12:17:00> [Info]:   FPU: On-Chip
<12:17:00> [Info]:   3DNow!: not present
<12:17:00> [Info]:   MMX: not present
<12:17:00> [Info]:   SSE: present
<12:17:00> [Info]:   SSE2: present
<12:17:00> [Info]:   SSE3: present
<12:17:00> [Info]:   Serial number not present or disabled
<12:17:00> [Info]:  
<12:17:00> [Info]: Processor 4:
<12:17:00> [Info]:   CPU: Intel Intel(R) Core(TM) i7-8750H CPU @ 2.20GHz
<12:17:00> [Info]:   Family: 6, Model: 14, Stepping: 10
<12:17:00> [Info]:   FPU: On-Chip
<12:17:00> [Info]:   3DNow!: not present
<12:17:00> [Info]:   MMX: not present
<12:17:00> [Info]:   SSE: present
<12:17:00> [Info]:   SSE2: present
<12:17:00> [Info]:   SSE3: present
<12:17:00> [Info]:   Serial number not present or disabled
<12:17:00> [Info]:  
<12:17:00> [Info]: Processor 5:
<12:17:00> [Info]:   CPU: Intel Intel(R) Core(TM) i7-8750H CPU @ 2.20GHz
<12:17:00> [Info]:   Family: 6, Model: 14, Stepping: 10
<12:17:00> [Info]:   FPU: On-Chip
<12:17:00> [Info]:   3DNow!: not present
<12:17:00> [Info]:   MMX: not present
<12:17:00> [Info]:   SSE: present
<12:17:00> [Info]:   SSE2: present
<12:17:00> [Info]:   SSE3: present
<12:17:00> [Info]:   Serial number not present or disabled
<12:17:00> [Info]:  
<12:17:00> [Info]: Windows 10 64 bit (build 10.0.18362)
<12:17:00> [Info]: System language: Korean
<12:17:00> [Info]: Windows Directory: "C:\WINDOWS"
<12:17:00> [Info]: Local time is 12:17:00 08/28/20, system running for 1219 minutes
<12:17:00> [Info]: 8037MB physical memory installed, 3152MB available, 134217727MB virtual memory installed, 60 percent of memory in use
<12:17:00> [Info]: PageFile usage: 154MB, Working Set: 215MB, Peak PageFile usage: 305MB,
<12:17:00> [Info]: Current display mode is 1920x1080x32, (Unknown graphics card)
<12:17:00> [Info]: Unknown keyboard and 16+ button mouse installed
<12:17:00> [Info]: --------------------------------------------------------------------------------
<12:17:00> [Info] (AZCore): [System] Stream Engine Initialization
<12:17:00> [Info]: GameName: New World
<12:17:00> [Info]: BuildTime: Thu Aug 27 04:16:17 2020

<12:17:00> [Info] (AZCore): [System] Physics initialization
<12:17:00> [Info] (AZCore): [System] Renderer initialization
<12:17:00> [Info]: Logging video adapters:
<12:17:01> [Info]: - NVIDIA GeForce GTX 1050 Ti (vendor = 0x10de, device = 0x1c8c)
<12:17:01> [Info]:   - Adapter index: 0
<12:17:01> [Info]:   - Dedicated video memory: 4021 MB
<12:17:01> [Info]:   - Feature level: DX11 (SM 5.0)
<12:17:01> [Info]:   - Displays connected: yes
<12:17:01> [Info]:   - Suitable rendering device: yes
<12:17:03> [Info]: - Intel(R) UHD Graphics 630 (vendor = 0x8086, device = 0x3e9b)
<12:17:03> [Info]:   - Adapter index: 1
<12:17:03> [Info]:   - Dedicated video memory: 128 MB
<12:17:03> [Info]:   - Feature level: DX11 (SM 5.0)
<12:17:03> [Info]:   - Displays connected: no
<12:17:03> [Info]:   - Suitable rendering device: no
<12:17:03> [Info]: - Microsoft Basic Render Driver (vendor = 0x1414, device = 0x008c)
<12:17:03> [Info]:   - Adapter index: 2
<12:17:03> [Info]:   - Dedicated video memory: 0 MB
<12:17:03> [Info]:   - Feature level: DX11 (SM 5.0)
<12:17:03> [Info]:   - Displays connected: no
<12:17:03> [Info]:   - Suitable rendering device: no
<12:17:05> [Info]: Active GPUs: 1
<12:17:19> [Info] (AZCore): [System] Font initialization
<12:17:19> [Info]: Using FreeType 2.5.0
<12:17:20> [Info] (AZCore): [System] Time initialization
<12:17:20> [Info] (AZCore): [System] Input initialization
<12:17:20> [Info] (AZCore): [System] UI system initialization
<12:17:20> [Info] (AZCore): [System] Initializing Animation System
<12:17:20> [Info] (AZCore): [System] Initializing 3D Engine
<12:17:20> [Info]: Sky light: Optical lookup tables loaded off disc.
<12:17:20> [Info] (AZCore): [System] Script System Initialization
<12:17:20> [Info] (AZCore): [System] Entity system initialization
<12:17:20> [Info] (AZCore): [System] Initializing additional systems
<12:17:20> [Info] (AZCore): [System] Dynamic Response System initialization
<12:17:20> [Info] (AZCore): [System] No Dynamic Response System was loaded from a module, the system will use the NULL DynamicResponseSystem.
<12:17:20> [Info]: Running machine spec auto detect (64 bit)...
<12:17:20> [Info]: - Windows 10 64 bit (build 10.0.18362)
<12:17:20> [Info]: - System memory
<12:17:20> [Info]: --- 8036 MB
<12:17:20> [Info]: - Intel(R) Core(TM) i7-8750H CPU @ 2.20GHz
<12:17:20> [Info]: --- Number of available cores: 6 (out of 6)
<12:17:20> [Info]: --- Number of logical processors: 12
<12:17:20> [Info]: - NVIDIA GeForce GTX 1050 Ti (vendor = 0x10de, device = 0x1c8c)
<12:17:20> [Info]: --- Dedicated video memory: 4021 MB
<12:17:20> [Info]: --- Feature level: DX11 (SM 5.0)
<12:17:20> [Info]: - Final rating: Machine class 2
<12:17:24> [Info] (AZCore): [Script] Warning: ScriptedEntityTweener cacheAnimation doesn't support FromTo animations

<12:17:24> [Info] (AZCore): [Script] stack traceback:
	...ipts/scriptedentitytweener/scriptedentitytweener.lua:203: in function 'CacheAnimation'
	lyshineui/_common/scriptedentitytweenercommon.lua:121: in function 'OnActivate'
	lyshineui/globals.lua:72: in function <lyshineui/globals.lua:59>

<12:17:24> [Info] (AZCore): [Script] Warning: ScriptedEntityTweener cacheAnimation doesn't support FromTo animations

<12:17:24> [Info] (AZCore): [Script] stack traceback:
	...ipts/scriptedentitytweener/scriptedentitytweener.lua:203: in function 'CacheAnimation'
	lyshineui/_common/scriptedentitytweenercommon.lua:122: in function 'OnActivate'
	lyshineui/globals.lua:72: in function <lyshineui/globals.lua:59>

<12:17:25> [Info] (AZCore): [System] == Version Info ===============================================================

<12:17:25> [Info] (AZCore): [System] [RETAIL].Javelin.2008270350.1139168

<12:17:25> [Info] (AZCore): [System] ===============================================================================

<12:17:30> [Info]: Client config override file not found: @assets@/ClientOverride.json
<12:17:31> [Info] (AZCore): [Game] Steam Initialized!
<12:17:31> [Info]: Channel service uri: https://d2c74t4zimux3r.cloudfront.net/STEAM_APP_ID.1205550.json
<12:17:34> [Info]: Channel name: ConfidentialTestLive
<12:17:34> [Info]: Found cluster data for cluster id: fra-prod
<12:17:34> [Info]: Display Name: EU Central
<12:17:34> [Info]: Auth Stack: https://2mfrik7h83.execute-api.us-east-1.amazonaws.com/Prod
<12:17:34> [Info]: Auth Stack Region: us-east-1
<12:17:34> [Info]: Gateway Stack: u433g9r00c.execute-api.eu-central-1.amazonaws.com
<12:17:34> [Info]: Gateway Stack Region: eu-central-1
<12:17:34> [Info]: Found cluster data for cluster id: gru-prod
<12:17:34> [Info]: Display Name: SA East
<12:17:34> [Info]: Auth Stack: https://kqqt5twsi7.execute-api.us-east-1.amazonaws.com/Prod
<12:17:34> [Info]: Auth Stack Region: us-east-1
<12:17:34> [Info]: Gateway Stack: j4n6whncmi.execute-api.sa-east-1.amazonaws.com
<12:17:34> [Info]: Gateway Stack Region: sa-east-1
<12:17:34> [Info]: Found cluster data for cluster id: iad-prod
<12:17:34> [Info]: Display Name: US East
<12:17:34> [Info]: Gateway Stack: 0prplal5u1.execute-api.us-east-1.amazonaws.com
<12:17:34> [Info]: Gateway Stack Region: us-east-1
<12:17:34> [Info]: Auth Stack: https://eudbjx6mig.execute-api.us-east-1.amazonaws.com/Prod
<12:17:34> [Info]: Auth Stack Region: us-east-1
<12:17:34> [Info]: Found cluster data for cluster id: pdx-prod
<12:17:34> [Info]: Display Name: US West
<12:17:34> [Info]: Auth Stack: https://q8hqllbg6k.execute-api.us-east-1.amazonaws.com/Prod
<12:17:34> [Info]: Auth Stack Region: us-east-1
<12:17:34> [Info]: Gateway Stack: v7irlu1nrl.execute-api.us-west-2.amazonaws.com
<12:17:34> [Info]: Gateway Stack Region: us-west-2
<12:17:34> [Info]: Found platform metadata for key: ENTITLEMENTS.STEAM_APP_ID.1205550
<12:17:34> [Info]: Found platform metadata for key: PERSONA.STEAM_APP_ID.1205550
<12:17:34> [Info]: Found persona role for cluster id: fra-prod - arn:aws:iam::093607389475:role/AgsLiveResources-AllowPersonaAccessRole-1U24RJQDKWS63
<12:17:34> [Info]: Found persona role for cluster id: gru-prod - arn:aws:iam::845253724667:role/AgsLiveResources-AllowPersonaAccessRole-SLHVYULH7U5
<12:17:34> [Info]: Found persona role for cluster id: iad-prod - arn:aws:iam::819349112573:role/AgsLiveResources-AllowPersonaAccessRole-1PHH0BI346X75
<12:17:34> [Info]: Found persona role for cluster id: pdx-devo - arn:aws:iam::166847089677:role/AgsLiveResources-AllowPersonaAccessRole-15NKM8MRPA2BX
<12:17:34> [Info]: Found persona role for cluster id: pdx-prod - arn:aws:iam::458929010575:role/AgsLiveResources-AllowPersonaAccessRole-QYL4I8P12BEA
<12:17:34> [Info]: Found persona role for cluster id: pdx-qa - arn:aws:iam::379061375310:role/AgsLiveResources-AllowPersonaAccessRole-116SW3GWSL7P1
<12:17:34> [Info]: Found persona role for cluster id: syd-prod - arn:aws:iam::018141801470:role/AgsLiveResources-AllowPersonaAccessRole-1CPZ9EG8SYMOQ
<12:17:34> [Info]: Found cluster data for cluster id: syd-prod
<12:17:34> [Info]: Display Name: AP Southeast
<12:17:34> [Info]: Auth Stack: https://hhf8nn71vb.execute-api.us-east-1.amazonaws.com/Prod
<12:17:34> [Info]: Auth Stack Region: us-east-1
<12:17:34> [Info]: Gateway Stack: ep1m9qoir8.execute-api.ap-southeast-2.amazonaws.com
<12:17:34> [Info]: Gateway Stack Region: ap-southeast-2
<12:17:44> [Info]: Failure in initializing Fuel::Iap::IapClient: 14
<12:17:44> [Info] (AZCore): [Game] LogEnvironmentString: ClusterId: iad-prod
<12:17:44> [Info] (AZCore): [Game] LogEnvironmentString: ProductId: STEAM_APP_ID.1205550
<12:17:44> [Info] (AZCore): [AuthManager] Initializing Steam Auth Manager.
<12:17:44> [Info] (AZCore): [SteamAuth] Initializing Persona.
<12:17:45> [Info]: [EasyAntiCheat] Initializing EAC game client module...
<12:17:45> [Info]: [EasyAntiCheat] ...EAC game client module initialized successfully.
<12:17:46> [Info]: Initializing default materials...
<12:17:49> [Info] (AZCore): [AsyncMapUnload] No previous level to unload, so not starting async.  Just loading this map now: ("frontend")
<12:17:49> [Info]: ============================ Loading level frontend ============================
<12:17:53> [Info]: Loading Seen Entitlements Data failed.
<12:17:59> [Info] (AZCore): [Script] CharacterInfoCard: Lua property GuildCrestForeground is not set

<12:17:59> [Info] (AZCore): [Script] CharacterInfoCard: Lua property GuildCrestBackground is not set

<12:17:59> [Info] (AZCore): [Script] CharacterInfoCard: Lua property GuildCrestForeground is not set

<12:17:59> [Info] (AZCore): [Script] CharacterInfoCard: Lua property GuildCrestBackground is not set

<12:18:03> [Info]: SerializeOptions: Success
<12:18:03> [Info]: SerializeOptions: Moving to C:/Users/USER/AppData/Roaming/AGS/New World/savedata/temp_usersettings.javsave
<12:18:04> [Info] (AZCore): [Script] Tooltip: Lua property SimpleTooltip is not set

<12:18:04> [Info] (AZCore): [Script] Tooltip: Lua property SimpleTooltipText is not set

<12:18:10> [Info]: CryAnimation: character-definition not found: objects/characters/player/male/player_female.cdf
<12:18:10> [Info] (AZCore): [Game] 0x441F4C03(user) attempting sign-in.
<12:18:10> [Info] (AZCore): [Game] LogEnvironmentString: Auth mode: user
<12:18:10> [Info] (AZCore): [SteamAuth] Attempting to log in to Steam
<12:18:10> [Info] (AZCore): [SteamAuth] Getting steam auth session ticket.
<12:18:11> [Info] (AZCore): [SteamAuth] OnAuthSessionTicket: Authenticating using steam auth session ticket: 2
<12:18:11> [Info] (AZCore): [SteamAuth] CreateSteamSessionJob: Calling Persona to create steam session
<12:18:16> [Info] (AZCore): [SteamAuth] OnCreatedSteamSession: Created steam session for persona id: amzn1.developerPersonaId.f5c2ae6a-2b16-16f5-023f-8b74e2ee7e17.
<12:18:16> [Info] (AZCore): [AuthStackCredentialsProvider] Successfully refreshed gateway AWS credentials, next attempt will start after 2020-08-28T15:13:16Z
<12:18:17> [Info] (AZCore): [SteamAuth] AssumePersonaRoleJob: Assume role success
<12:18:17> [Info] (AZCore): [AuthStackCredentialsProvider] Successfully refreshed persona AWS credentials, next attempt will start after 2020-08-28T04:13:17Z
<12:18:17> [Info] (AZCore): [Game] CGame::OnCampfireLoginComplete, login successful.
<12:18:17> [Info] (AZCore): [GameConnection] ConfigureLogin gateway mode is 'gateway'
<12:18:17> [Info] (AZCore): [GameConnection] ConfigureLogin MODE_GATEWAY: endpoint=0prplal5u1.execute-api.us-east-1.amazonaws.com, region=us-east-1
<12:18:17> [Info] (AZCore): [StackConfig] LayerS3(): layer's "remoteCfg.public.ProductId" S3 key (old: ""), reset to new value: "applications/public/configuration-sets/ProductId/STEAM_APP_ID.1205550/versionless"
<12:18:18> [Info] (AZCore): [StackConfig] Retrieved layer's "remoteCfg.public.ProductId" blocking remote config, with S3 key: "applications/public/configuration-sets/ProductId/STEAM_APP_ID.1205550/versionless" successfully, size: 420

<12:18:18> [Info] (AZCore): [StackConfig] LayerS3(): layer's "remoteCfg.public.ProductIdv" S3 key (old: ""), reset to new value: "applications/public/configuration-sets/ProductId/STEAM_APP_ID.1205550/2008270350;1139168"
<12:18:18> [Info] (AZCore): [StackConfig] LayerS3(): layer's "remoteCfg.publicGameplay.ProductId" S3 key (old: ""), reset to new value: "applications/publicGameplay/configuration-sets/ProductId/STEAM_APP_ID.1205550/versionless"
<12:18:18> [Info] (AZCore): [StackConfig] LayerS3(): layer's "remoteCfg.publicGameplay.ProductIdv" S3 key (old: ""), reset to new value: "applications/publicGameplay/configuration-sets/ProductId/STEAM_APP_ID.1205550/2008270350;1139168"
<12:18:19> [Info] (AZCore): [Game] LogEnvironmentString: Auth Mode: user
<12:18:19> [Info] (AZCore): [Game] LogEnvironmentString: Auth Backend: persona
<12:18:19> [Info] (AZCore): [Game] LogEnvironmentString: Gateway Mode: gateway
<12:18:19> [Info] (AZCore): [Game] LogEnvironmentString: Gateway Address: 0prplal5u1.execute-api.us-east-1.amazonaws.com
<12:18:19> [Info] (AZCore): [Game] LogEnvironmentString: Auth Username: HSP
<12:18:19> [Info] (AZCore): [Game] LogEnvironmentString: Persona ID: amzn1.developerPersonaId.f5c2ae6a-2b16-16f5-023f-8b74e2ee7e17
<12:18:19> [Info]: 
<12:18:19> [Info]: Total number of logical processors: 12
<12:18:19> [Info]: Number of available logical processors: 12
<12:18:19> [Info]: Total number of system cores: 6
<12:18:19> [Info]: Number of cores available to process: 6
<12:18:19> [Info]:  
<12:18:19> [Info]: Processor 0:
<12:18:19> [Info]:   CPU: Intel Intel(R) Core(TM) i7-8750H CPU @ 2.20GHz
<12:18:19> [Info]:   Family: 6, Model: 14, Stepping: 10
<12:18:19> [Info]:   FPU: On-Chip
<12:18:19> [Info]:   3DNow!: not present
<12:18:19> [Info]:   MMX: not present
<12:18:19> [Info]:   SSE: present
<12:18:19> [Info]:   SSE2: present
<12:18:19> [Info]:   SSE3: present
<12:18:19> [Info]:   Serial number not present or disabled
<12:18:19> [Info]:  
<12:18:19> [Info]: Processor 1:
<12:18:19> [Info]:   CPU: Intel Intel(R) Core(TM) i7-8750H CPU @ 2.20GHz
<12:18:19> [Info]:   Family: 6, Model: 14, Stepping: 10
<12:18:19> [Info]:   FPU: On-Chip
<12:18:19> [Info]:   3DNow!: not present
<12:18:19> [Info]:   MMX: not present
<12:18:19> [Info]:   SSE: present
<12:18:19> [Info]:   SSE2: present
<12:18:19> [Info]:   SSE3: present
<12:18:19> [Info]:   Serial number not present or disabled
<12:18:19> [Info]:  
<12:18:19> [Info]: Processor 2:
<12:18:19> [Info]:   CPU: Intel Intel(R) Core(TM) i7-8750H CPU @ 2.20GHz
<12:18:19> [Info]:   Family: 6, Model: 14, Stepping: 10
<12:18:19> [Info]:   FPU: On-Chip
<12:18:19> [Info]:   3DNow!: not present
<12:18:19> [Info]:   MMX: not present
<12:18:19> [Info]:   SSE: present
<12:18:19> [Info]:   SSE2: present
<12:18:19> [Info]:   SSE3: present
<12:18:19> [Info]:   Serial number not present or disabled
<12:18:19> [Info]:  
<12:18:19> [Info]: Processor 3:
<12:18:19> [Info]:   CPU: Intel Intel(R) Core(TM) i7-8750H CPU @ 2.20GHz
<12:18:19> [Info]:   Family: 6, Model: 14, Stepping: 10
<12:18:19> [Info]:   FPU: On-Chip
<12:18:19> [Info]:   3DNow!: not present
<12:18:19> [Info]:   MMX: not present
<12:18:19> [Info]:   SSE: present
<12:18:19> [Info]:   SSE2: present
<12:18:19> [Info]:   SSE3: present
<12:18:19> [Info]:   Serial number not present or disabled
<12:18:19> [Info]:  
<12:18:19> [Info]: Processor 4:
<12:18:19> [Info]:   CPU: Intel Intel(R) Core(TM) i7-8750H CPU @ 2.20GHz
<12:18:19> [Info]:   Family: 6, Model: 14, Stepping: 10
<12:18:19> [Info]:   FPU: On-Chip
<12:18:19> [Info]:   3DNow!: not present
<12:18:19> [Info]:   MMX: not present
<12:18:19> [Info]:   SSE: present
<12:18:19> [Info]:   SSE2: present
<12:18:19> [Info]:   SSE3: present
<12:18:19> [Info]:   Serial number not present or disabled
<12:18:19> [Info]:  
<12:18:19> [Info]: Processor 5:
<12:18:19> [Info]:   CPU: Intel Intel(R) Core(TM) i7-8750H CPU @ 2.20GHz
<12:18:19> [Info]:   Family: 6, Model: 14, Stepping: 10
<12:18:19> [Info]:   FPU: On-Chip
<12:18:19> [Info]:   3DNow!: not present
<12:18:19> [Info]:   MMX: not present
<12:18:19> [Info]:   SSE: present
<12:18:19> [Info]:   SSE2: present
<12:18:19> [Info]:   SSE3: present
<12:18:19> [Info]:   Serial number not present or disabled
<12:18:19> [Info]:  
<12:18:19> [Info]: Change detected in analytics configuration. Re-instantiating network traffic reporter
<12:18:19> [Info]: SerializeOptions: Success
<12:18:19> [Info]: SerializeOptions: Moving to C:/Users/USER/AppData/Roaming/AGS/New World/savedata/temp_usersettings.javsave
<12:19:33> [Info] (AZCore): [Game] CGame::ActorContainerDisconnect
<12:19:33> [Info]: CSystem::Quit invoked from thread 3440 (main is 3440)
<12:19:33> [Info] (AZCore): [Game] CGame::ActorContainerDisconnect
